2024-08-27 12:10:52,621 WARNING database DDL Query made to DB:
ALTER TABLE `tabAirplane Ticket` ADD COLUMN `departure_time` time(6)
2024-08-27 12:10:52,691 WARNING database DDL Query made to DB:
ALTER TABLE `tabAirplane Ticket` MODIFY `duration` decimal(21,9)
2024-08-27 12:46:29,009 WARNING database DDL Query made to DB:
ALTER TABLE `tabAirplane Ticket` MODIFY `duration` decimal(21,9)
2024-08-27 12:54:26,745 WARNING database DDL Query made to DB:
ALTER TABLE `tabAirplane Ticket` ADD COLUMN `status` varchar(140) DEFAULT 'Booked'
2024-08-27 12:54:26,787 WARNING database DDL Query made to DB:
ALTER TABLE `tabAirplane Ticket` MODIFY `duration` decimal(21,9)
2024-08-27 12:57:28,512 WARNING database DDL Query made to DB:
ALTER TABLE `tabAirline` MODIFY `founding_year` int NOT NULL DEFAULT 0
2024-08-27 12:59:46,043 WARNING database DDL Query made to DB:
ALTER TABLE `tabAirline` MODIFY `founding_year` int NOT NULL DEFAULT 0
2024-08-27 23:27:31,958 WARNING database DDL Query made to DB:
ALTER TABLE `tabVehicle` MODIFY `year` int NOT NULL DEFAULT 0
2024-08-28 10:14:50,677 WARNING database DDL Query made to DB:
ALTER TABLE `tabRide Oreder` MODIFY `pickup_address` text
2024-08-28 10:29:53,512 WARNING database DDL Query made to DB:
create table `tabRide Booking` (
			name varchar(140) primary key,
			creation datetime(6),
			modified datetime(6),
			modified_by varchar(140),
			owner varchar(140),
			docstatus tinyint not null default '0',
			idx int not null default '0',
			`amended_from` varchar(140),
`_user_tags` text,
`_comments` text,
`_assign` text,
`_liked_by` text,
index `amended_from`(`amended_from`),
index creation(creation))
			ENGINE=InnoDB
			ROW_FORMAT=DYNAMIC
			CHARACTER SET=utf8mb4
			COLLATE=utf8mb4_unicode_ci
2024-08-28 10:32:10,973 WARNING database DDL Query made to DB:
ALTER TABLE `tabRide Booking` ADD COLUMN `order` varchar(140), ADD COLUMN `driver` varchar(140)
2024-08-28 11:07:28,966 WARNING database DDL Query made to DB:
create table `tabRide Booking Item` (
			name varchar(140) primary key,
			creation datetime(6),
			modified datetime(6),
			modified_by varchar(140),
			owner varchar(140),
			docstatus tinyint not null default '0',
			idx int not null default '0',
			parent varchar(140),
parentfield varchar(140),
parenttype varchar(140),
index parent(parent))
			ENGINE=InnoDB
			ROW_FORMAT=DYNAMIC
			CHARACTER SET=utf8mb4
			COLLATE=utf8mb4_unicode_ci
2024-08-28 11:10:38,018 WARNING database DDL Query made to DB:
alter table `tabRide Booking Item` add column if not exists parent varchar(140)
2024-08-28 11:10:38,019 WARNING database DDL Query made to DB:
alter table `tabRide Booking Item` add column if not exists parenttype varchar(140)
2024-08-28 11:10:38,020 WARNING database DDL Query made to DB:
alter table `tabRide Booking Item` add column if not exists parentfield varchar(140)
2024-08-28 11:10:38,230 WARNING database DDL Query made to DB:
ALTER TABLE `tabRide Booking Item` ADD COLUMN `source` varchar(140), ADD COLUMN `distance` int NOT NULL DEFAULT 0, ADD COLUMN `destination` varchar(140)
2024-08-28 11:19:31,398 WARNING database DDL Query made to DB:
ALTER TABLE `tabRide Booking` ADD COLUMN `rate` decimal(21,9) NOT NULL DEFAULT 0.0, ADD COLUMN `total_amount` decimal(21,9) NOT NULL DEFAULT 0.0
2024-08-28 12:25:25,754 WARNING database DDL Query made to DB:
ALTER TABLE `tabRide Booking` MODIFY `rate` decimal(21,9) NOT NULL DEFAULT 0.0, MODIFY `total_amount` decimal(21,9) NOT NULL DEFAULT 0.0
2024-08-28 12:30:01,785 WARNING database DDL Query made to DB:
ALTER TABLE `tabRide Booking` ADD COLUMN `test` varchar(140)
2024-08-28 12:30:01,889 WARNING database DDL Query made to DB:
ALTER TABLE `tabRide Booking` MODIFY `total_amount` decimal(21,9) NOT NULL DEFAULT 0.0, MODIFY `rate` decimal(21,9) NOT NULL DEFAULT 0.0
2024-08-28 12:31:47,429 WARNING database DDL Query made to DB:
ALTER TABLE `tabRide Booking` MODIFY `total_amount` decimal(21,9) NOT NULL DEFAULT 0.0, MODIFY `rate` decimal(21,9) NOT NULL DEFAULT 0.0
2024-08-28 14:03:41,558 WARNING database DDL Query made to DB:
ALTER TABLE `tabRide Booking` MODIFY `total_amount` decimal(21,9) NOT NULL DEFAULT 0.0, MODIFY `rate` decimal(21,9) NOT NULL DEFAULT 0.0
2024-08-28 14:05:02,418 WARNING database DDL Query made to DB:
ALTER TABLE `tabRide Booking` MODIFY `rate` decimal(21,9) NOT NULL DEFAULT 0.0, MODIFY `total_amount` decimal(21,9) NOT NULL DEFAULT 0.0
2024-08-29 10:18:21,365 WARNING database DDL Query made to DB:
ALTER TABLE `tabRide Booking` MODIFY `rate` decimal(21,9) NOT NULL DEFAULT 0.0, MODIFY `total_amount` decimal(21,9) NOT NULL DEFAULT 0.0
2024-08-29 10:18:25,429 WARNING database DDL Query made to DB:
RENAME TABLE `tabRide Oreder` TO `tabRide Order`
2024-08-29 11:00:26,865 WARNING database DDL Query made to DB:
ALTER TABLE `tabVehicle` ADD COLUMN `is_published` tinyint NOT NULL DEFAULT 0, ADD COLUMN `route` varchar(140)
2024-08-29 11:00:26,938 WARNING database DDL Query made to DB:
ALTER TABLE `tabVehicle` MODIFY `year` int NOT NULL DEFAULT 0
2024-08-29 13:20:35,358 WARNING database DDL Query made to DB:
ALTER TABLE `tabVehicle` ADD COLUMN `insurance_expiry` date, ADD COLUMN `vehicle_image` text
2024-08-29 13:20:35,401 WARNING database DDL Query made to DB:
ALTER TABLE `tabVehicle` MODIFY `is_published` tinyint NOT NULL DEFAULT 0, MODIFY `year` int NOT NULL DEFAULT 0
2024-08-29 14:01:55,605 WARNING database DDL Query made to DB:
ALTER TABLE `tabVehicle` ADD COLUMN `status` varchar(140)
2024-08-29 14:01:55,648 WARNING database DDL Query made to DB:
ALTER TABLE `tabVehicle` MODIFY `year` int NOT NULL DEFAULT 0, MODIFY `is_published` tinyint NOT NULL DEFAULT 0
2024-08-29 14:02:11,260 WARNING database DDL Query made to DB:
ALTER TABLE `tabVehicle` MODIFY `year` int NOT NULL DEFAULT 0, MODIFY `is_published` tinyint NOT NULL DEFAULT 0, MODIFY `status` varchar(140) DEFAULT 'Active'
2024-08-29 14:14:11,491 WARNING database DDL Query made to DB:
ALTER TABLE `tabVehicle` ADD COLUMN `condition` decimal(3,2)
2024-08-29 14:14:11,536 WARNING database DDL Query made to DB:
ALTER TABLE `tabVehicle` MODIFY `year` int NOT NULL DEFAULT 0, MODIFY `is_published` tinyint NOT NULL DEFAULT 0
2024-08-30 13:39:07,842 WARNING database DDL Query made to DB:
ALTER TABLE `tabVehicle` MODIFY `condition` decimal(3,2), MODIFY `year` int NOT NULL DEFAULT 0, MODIFY `is_published` tinyint NOT NULL DEFAULT 0
2024-08-31 18:59:39,605 WARNING database DDL Query made to DB:
ALTER TABLE `tabVehicle` MODIFY `year` int NOT NULL DEFAULT 0
2024-08-31 18:59:58,789 WARNING database DDL Query made to DB:
ALTER TABLE `tabVehicle` ADD COLUMN `plate_number` varchar(140)
2024-08-31 18:59:58,826 WARNING database DDL Query made to DB:
ALTER TABLE `tabVehicle` MODIFY `year` int NOT NULL DEFAULT 0
2024-08-31 19:00:13,164 WARNING database DDL Query made to DB:
ALTER TABLE `tabVehicle` MODIFY `year` int NOT NULL DEFAULT 0
2024-08-31 19:00:31,518 WARNING database DDL Query made to DB:
create sequence if not exists vehicle_id_seq nocache nocycle
2024-08-31 19:00:31,574 WARNING database DDL Query made to DB:
ALTER TABLE `tabVehicle` MODIFY `name` bigint
2024-08-31 19:00:31,661 WARNING database DDL Query made to DB:
ALTER TABLE `tabVehicle` MODIFY `year` int NOT NULL DEFAULT 0
2024-08-31 19:01:43,748 WARNING database DDL Query made to DB:
ALTER TABLE `tabVehicle` MODIFY `year` int NOT NULL DEFAULT 0
2024-08-31 19:01:49,711 WARNING database DDL Query made to DB:
ALTER TABLE `tabVehicle` MODIFY `year` int NOT NULL DEFAULT 0
2024-08-31 19:11:27,784 WARNING database DDL Query made to DB:
ALTER TABLE `tabVehicle` MODIFY `year` int NOT NULL DEFAULT 0, MODIFY `is_published` tinyint NOT NULL DEFAULT 0
2024-08-31 19:17:51,369 WARNING database DDL Query made to DB:
ALTER TABLE `tabVehicle` MODIFY `is_published` tinyint NOT NULL DEFAULT 0, MODIFY `year` int NOT NULL DEFAULT 0
2024-08-31 19:19:04,359 WARNING database DDL Query made to DB:
ALTER TABLE `tabVehicle` MODIFY `year` int NOT NULL DEFAULT 0, MODIFY `is_published` tinyint NOT NULL DEFAULT 0
2024-08-31 19:20:37,909 WARNING database DDL Query made to DB:
ALTER TABLE `tabVehicle` MODIFY `year` int NOT NULL DEFAULT 0, MODIFY `is_published` tinyint NOT NULL DEFAULT 0
2024-08-31 20:02:34,404 WARNING database DDL Query made to DB:
ALTER TABLE `tabRide Booking` ADD COLUMN `vehicle` varchar(140)
2024-08-31 20:02:34,469 WARNING database DDL Query made to DB:
ALTER TABLE `tabRide Booking` MODIFY `total_amount` decimal(21,9) NOT NULL DEFAULT 0.0, MODIFY `rate` decimal(21,9) NOT NULL DEFAULT 0.0
2024-08-31 20:03:51,809 WARNING database DDL Query made to DB:
alter table `tabRide Booking Item` add column if not exists parent varchar(140)
2024-08-31 20:03:51,815 WARNING database DDL Query made to DB:
alter table `tabRide Booking Item` add column if not exists parenttype varchar(140)
2024-08-31 20:03:51,815 WARNING database DDL Query made to DB:
alter table `tabRide Booking Item` add column if not exists parentfield varchar(140)
2024-08-31 20:03:52,036 WARNING database DDL Query made to DB:
ALTER TABLE `tabRide Booking Item` MODIFY `distance` int NOT NULL DEFAULT 0
2024-09-01 00:10:19,919 WARNING database DDL Query made to DB:
ALTER TABLE `tabVehicle` MODIFY `year` int NOT NULL DEFAULT 0, MODIFY `is_published` tinyint NOT NULL DEFAULT 0
2024-09-01 00:18:55,545 WARNING database DDL Query made to DB:
ALTER TABLE `tabVehicle` MODIFY `is_published` tinyint NOT NULL DEFAULT 0, MODIFY `year` int NOT NULL DEFAULT 0
2024-09-01 00:22:07,546 WARNING database DDL Query made to DB:
ALTER TABLE `tabVehicle` MODIFY `year` int NOT NULL DEFAULT 0, MODIFY `is_published` tinyint NOT NULL DEFAULT 0
2024-09-01 01:53:50,222 WARNING database DDL Query made to DB:
ALTER TABLE `tabVehicle` MODIFY `is_published` tinyint NOT NULL DEFAULT 0, MODIFY `year` int NOT NULL DEFAULT 0
2024-09-01 01:54:40,430 WARNING database DDL Query made to DB:
ALTER TABLE `tabVehicle` MODIFY `status` varchar(140), MODIFY `year` int NOT NULL DEFAULT 0, MODIFY `is_published` tinyint NOT NULL DEFAULT 0
2024-09-01 01:55:23,845 WARNING database DDL Query made to DB:
ALTER TABLE `tabVehicle` ADD COLUMN `condation` decimal(3,2)
2024-09-01 01:55:23,970 WARNING database DDL Query made to DB:
ALTER TABLE `tabVehicle` MODIFY `is_published` tinyint NOT NULL DEFAULT 0, MODIFY `year` int NOT NULL DEFAULT 0
2024-09-02 12:06:45,293 WARNING database DDL Query made to DB:
ALTER TABLE `tabRide Booking` MODIFY `total_amount` decimal(21,9) NOT NULL DEFAULT 0.0, MODIFY `rate` decimal(21,9) NOT NULL DEFAULT 0.0
2024-09-02 20:20:56,316 WARNING database DDL Query made to DB:
ALTER TABLE `tabBlog Post` ADD COLUMN `workflow_state` varchar(140)
2024-09-02 20:20:56,504 WARNING database DDL Query made to DB:
ALTER TABLE `tabBlog Post` MODIFY `hide_cta` tinyint NOT NULL DEFAULT 0, MODIFY `disable_likes` tinyint NOT NULL DEFAULT 0, MODIFY `email_sent` tinyint NOT NULL DEFAULT 0, MODIFY `read_time` int NOT NULL DEFAULT 0, MODIFY `published` tinyint NOT NULL DEFAULT 0, MODIFY `featured` tinyint NOT NULL DEFAULT 0, MODIFY `disable_comments` tinyint NOT NULL DEFAULT 0, MODIFY `enable_email_notification` tinyint NOT NULL DEFAULT 1
2024-09-07 00:14:56,398 WARNING database DDL Query made to DB:
create table `tabTrack` (
			name varchar(140) primary key,
			creation datetime(6),
			modified datetime(6),
			modified_by varchar(140),
			owner varchar(140),
			docstatus tinyint not null default '0',
			idx int not null default '0',
			`_user_tags` text,
`_comments` text,
`_assign` text,
`_liked_by` text,
index creation(creation))
			ENGINE=InnoDB
			ROW_FORMAT=DYNAMIC
			CHARACTER SET=utf8mb4
			COLLATE=utf8mb4_unicode_ci
2024-09-07 00:16:00,350 WARNING database DDL Query made to DB:
ALTER TABLE `tabTrack` ADD COLUMN `date` date
2024-09-07 00:18:03,557 WARNING database DDL Query made to DB:
ALTER TABLE `tabTrack` ADD COLUMN `title` varchar(140), ADD COLUMN `subject` longtext
2024-09-07 00:29:14,827 WARNING database DDL Query made to DB:
ALTER TABLE `tabTrack` ADD COLUMN `is_published` tinyint NOT NULL DEFAULT 0, ADD COLUMN `route` varchar(140)
2024-09-07 00:30:13,593 WARNING database DDL Query made to DB:
ALTER TABLE `tabTrack` MODIFY `is_published` tinyint NOT NULL DEFAULT 1
2024-09-07 00:30:45,560 WARNING database DDL Query made to DB:
ALTER TABLE `tabTrack` MODIFY `is_published` tinyint NOT NULL DEFAULT 1
2024-09-07 00:32:15,691 WARNING database DDL Query made to DB:
ALTER TABLE `tabTrack` MODIFY `is_published` tinyint NOT NULL DEFAULT 1
2024-09-07 00:45:00,517 WARNING database DDL Query made to DB:
ALTER TABLE `tabTrack` ADD COLUMN `amended_from` varchar(140)
2024-09-07 00:45:00,564 WARNING database DDL Query made to DB:
ALTER TABLE `tabTrack` MODIFY `is_published` tinyint NOT NULL DEFAULT 1
2024-09-07 00:45:00,680 WARNING database DDL Query made to DB:
ALTER TABLE `tabTrack` ADD INDEX `amended_from_index`(`amended_from`)
2024-09-07 00:46:07,951 WARNING database DDL Query made to DB:
ALTER TABLE `tabTrack` MODIFY `is_published` tinyint NOT NULL DEFAULT 1
2024-09-07 00:48:13,160 WARNING database DDL Query made to DB:
ALTER TABLE `tabTrack` MODIFY `is_published` tinyint NOT NULL DEFAULT 1
2024-09-07 00:53:18,680 WARNING database DDL Query made to DB:
ALTER TABLE `tabTrack` MODIFY `is_published` tinyint NOT NULL DEFAULT 1
2024-09-07 00:56:00,296 WARNING database DDL Query made to DB:
ALTER TABLE `tabTrack` MODIFY `is_published` tinyint NOT NULL DEFAULT 1
2024-09-07 11:52:42,076 WARNING database DDL Query made to DB:
ALTER TABLE `tabFlight Passenger` ADD COLUMN `full_name` varchar(140)
2024-09-07 11:55:34,668 WARNING database DDL Query made to DB:
create table `tabAirplane Ticket Add-on Type` (
			name varchar(140) primary key,
			creation datetime(6),
			modified datetime(6),
			modified_by varchar(140),
			owner varchar(140),
			docstatus tinyint not null default '0',
			idx int not null default '0',
			parent varchar(140),
parentfield varchar(140),
parenttype varchar(140),
index parent(parent))
			ENGINE=InnoDB
			ROW_FORMAT=DYNAMIC
			CHARACTER SET=utf8mb4
			COLLATE=utf8mb4_unicode_ci
2024-09-07 12:00:19,900 WARNING database DDL Query made to DB:
ALTER TABLE `tabAirplane Ticket Add-on Type` ADD COLUMN `description` varchar(140), ADD COLUMN `_user_tags` text, ADD COLUMN `_comments` text, ADD COLUMN `_assign` text, ADD COLUMN `_liked_by` text
2024-09-07 12:09:49,497 WARNING database DDL Query made to DB:
create table `tabAirplane Ticket Add-on Item` (
			name varchar(140) primary key,
			creation datetime(6),
			modified datetime(6),
			modified_by varchar(140),
			owner varchar(140),
			docstatus tinyint not null default '0',
			idx int not null default '0',
			parent varchar(140),
parentfield varchar(140),
parenttype varchar(140),
index parent(parent))
			ENGINE=InnoDB
			ROW_FORMAT=DYNAMIC
			CHARACTER SET=utf8mb4
			COLLATE=utf8mb4_unicode_ci
2024-09-07 12:11:20,691 WARNING database DDL Query made to DB:
alter table `tabAirplane Ticket Add-on Item` add column if not exists parent varchar(140)
2024-09-07 12:11:20,692 WARNING database DDL Query made to DB:
alter table `tabAirplane Ticket Add-on Item` add column if not exists parenttype varchar(140)
2024-09-07 12:11:20,698 WARNING database DDL Query made to DB:
alter table `tabAirplane Ticket Add-on Item` add column if not exists parentfield varchar(140)
2024-09-07 12:11:21,062 WARNING database DDL Query made to DB:
ALTER TABLE `tabAirplane Ticket Add-on Item` ADD COLUMN `item` varchar(140), ADD COLUMN `amount` decimal(21,9) NOT NULL DEFAULT 0.0
2024-09-07 12:13:06,824 WARNING database DDL Query made to DB:
ALTER TABLE `tabAirplane Ticket` MODIFY `duration` decimal(21,9)
2024-09-07 12:15:34,172 WARNING database DDL Query made to DB:
ALTER TABLE `tabAirplane Ticket` ADD COLUMN `flight_price` decimal(21,9) NOT NULL DEFAULT 0.0
2024-09-07 12:15:34,213 WARNING database DDL Query made to DB:
ALTER TABLE `tabAirplane Ticket` MODIFY `duration` decimal(21,9)
2024-09-07 12:17:43,657 WARNING database DDL Query made to DB:
ALTER TABLE `tabAirplane Ticket` ADD COLUMN `total_amount` decimal(21,9) NOT NULL DEFAULT 0.0
2024-09-07 12:17:43,697 WARNING database DDL Query made to DB:
ALTER TABLE `tabAirplane Ticket` MODIFY `flight_price` decimal(21,9) NOT NULL DEFAULT 0.0, MODIFY `duration` decimal(21,9)
2024-09-07 12:19:23,943 WARNING database DDL Query made to DB:
alter table `tabAirplane Ticket Add-on Item` add column if not exists parent varchar(140)
2024-09-07 12:19:23,944 WARNING database DDL Query made to DB:
alter table `tabAirplane Ticket Add-on Item` add column if not exists parenttype varchar(140)
2024-09-07 12:19:23,948 WARNING database DDL Query made to DB:
alter table `tabAirplane Ticket Add-on Item` add column if not exists parentfield varchar(140)
2024-09-07 12:19:24,292 WARNING database DDL Query made to DB:
ALTER TABLE `tabAirplane Ticket Add-on Item` MODIFY `amount` decimal(21,9) NOT NULL DEFAULT 0.0
2024-09-07 12:19:45,475 WARNING database DDL Query made to DB:
alter table `tabAirplane Ticket Add-on Item` add column if not exists parent varchar(140)
2024-09-07 12:19:45,476 WARNING database DDL Query made to DB:
alter table `tabAirplane Ticket Add-on Item` add column if not exists parenttype varchar(140)
2024-09-07 12:19:45,477 WARNING database DDL Query made to DB:
alter table `tabAirplane Ticket Add-on Item` add column if not exists parentfield varchar(140)
2024-09-07 12:19:45,761 WARNING database DDL Query made to DB:
ALTER TABLE `tabAirplane Ticket Add-on Item` MODIFY `amount` decimal(21,9) NOT NULL DEFAULT 0.0
2024-09-07 12:22:11,415 WARNING database DDL Query made to DB:
ALTER TABLE `tabAirplane Ticket Add-on Type` ADD COLUMN `price` decimal(21,9) NOT NULL DEFAULT 0.0
2024-09-07 12:28:52,974 WARNING database DDL Query made to DB:
ALTER TABLE `tabAirplane Ticket Add-on Type` MODIFY `price` decimal(21,9) NOT NULL DEFAULT 0.0, ADD UNIQUE INDEX IF NOT EXISTS description (`description`)
2024-09-07 12:29:13,390 WARNING database DDL Query made to DB:
alter table `tabAirplane Ticket Add-on Item` add column if not exists parent varchar(140)
2024-09-07 12:29:13,392 WARNING database DDL Query made to DB:
alter table `tabAirplane Ticket Add-on Item` add column if not exists parenttype varchar(140)
2024-09-07 12:29:13,393 WARNING database DDL Query made to DB:
alter table `tabAirplane Ticket Add-on Item` add column if not exists parentfield varchar(140)
2024-09-07 12:29:13,716 WARNING database DDL Query made to DB:
ALTER TABLE `tabAirplane Ticket Add-on Item` MODIFY `amount` decimal(21,9) NOT NULL DEFAULT 0.0
2024-09-07 12:30:38,058 WARNING database DDL Query made to DB:
alter table `tabAirplane Ticket Add-on Item` add column if not exists parent varchar(140)
2024-09-07 12:30:38,059 WARNING database DDL Query made to DB:
alter table `tabAirplane Ticket Add-on Item` add column if not exists parenttype varchar(140)
2024-09-07 12:30:38,060 WARNING database DDL Query made to DB:
alter table `tabAirplane Ticket Add-on Item` add column if not exists parentfield varchar(140)
2024-09-07 12:30:38,522 WARNING database DDL Query made to DB:
ALTER TABLE `tabAirplane Ticket Add-on Item` MODIFY `amount` varchar(140) DEFAULT '0'
2024-09-07 17:55:48,093 WARNING database DDL Query made to DB:
create table `tabProcess Type` (
			name varchar(140) primary key,
			creation datetime(6),
			modified datetime(6),
			modified_by varchar(140),
			owner varchar(140),
			docstatus tinyint not null default '0',
			idx int not null default '0',
			`_user_tags` text,
`_comments` text,
`_assign` text,
`_liked_by` text,
index creation(creation))
			ENGINE=InnoDB
			ROW_FORMAT=DYNAMIC
			CHARACTER SET=utf8mb4
			COLLATE=utf8mb4_unicode_ci
2024-09-07 17:58:06,895 WARNING database DDL Query made to DB:
create sequence if not exists process_type_id_seq nocache nocycle
2024-09-07 17:58:06,972 WARNING database DDL Query made to DB:
ALTER TABLE `tabProcess Type` MODIFY `name` bigint
2024-09-07 17:58:07,110 WARNING database DDL Query made to DB:
ALTER TABLE `tabProcess Type` ADD COLUMN `title` varchar(140)
2024-09-07 18:02:20,916 WARNING database DDL Query made to DB:
create table `tabProcess` (
			name varchar(140) primary key,
			creation datetime(6),
			modified datetime(6),
			modified_by varchar(140),
			owner varchar(140),
			docstatus tinyint not null default '0',
			idx int not null default '0',
			`amended_from` varchar(140),
`_user_tags` text,
`_comments` text,
`_assign` text,
`_liked_by` text,
index `amended_from`(`amended_from`),
index creation(creation))
			ENGINE=InnoDB
			ROW_FORMAT=DYNAMIC
			CHARACTER SET=utf8mb4
			COLLATE=utf8mb4_unicode_ci
2024-09-07 18:05:42,981 WARNING database DDL Query made to DB:
ALTER TABLE `tabProcess` ADD COLUMN `process_type` varchar(140), ADD COLUMN `notes` longtext
2024-09-07 18:08:56,954 WARNING database DDL Query made to DB:
ALTER TABLE `tabProcess` ADD COLUMN `status` varchar(140)
2024-09-07 21:32:53,727 WARNING database DDL Query made to DB:
ALTER TABLE `tabProcess` ADD COLUMN `route` varchar(140), ADD COLUMN `is_published` tinyint NOT NULL DEFAULT 1
2024-09-07 23:23:12,293 WARNING database DDL Query made to DB:
ALTER TABLE `tabProcess` MODIFY `is_published` tinyint NOT NULL DEFAULT 1
2024-09-07 23:24:34,323 WARNING database DDL Query made to DB:
ALTER TABLE `tabProcess` MODIFY `is_published` tinyint NOT NULL DEFAULT 1
2024-09-08 11:28:38,767 WARNING database DDL Query made to DB:
create table `tabAirplane Flight` (
			name varchar(140) primary key,
			creation datetime(6),
			modified datetime(6),
			modified_by varchar(140),
			owner varchar(140),
			docstatus tinyint not null default '0',
			idx int not null default '0',
			`amended_from` varchar(140),
`_user_tags` text,
`_comments` text,
`_assign` text,
`_liked_by` text,
index `amended_from`(`amended_from`),
index creation(creation))
			ENGINE=InnoDB
			ROW_FORMAT=DYNAMIC
			CHARACTER SET=utf8mb4
			COLLATE=utf8mb4_unicode_ci
2024-09-08 11:33:05,413 WARNING database DDL Query made to DB:
ALTER TABLE `tabAirplane Flight` ADD COLUMN `airplane` varchar(140), ADD COLUMN `date_of_departure` date, ADD COLUMN `time_of_departure` time(6), ADD COLUMN `status` varchar(140) DEFAULT 'Scheduled'
2024-09-08 11:34:07,503 WARNING database DDL Query made to DB:
ALTER TABLE `tabAirplane Ticket` MODIFY `total_amount` decimal(21,9) NOT NULL DEFAULT 0.0, MODIFY `duration` decimal(21,9), MODIFY `flight_price` decimal(21,9) NOT NULL DEFAULT 0.0
2024-09-08 11:36:51,407 WARNING database DDL Query made to DB:
ALTER TABLE `tabAirplane Ticket` MODIFY `flight_price` decimal(21,9) NOT NULL DEFAULT 0.0, MODIFY `total_amount` decimal(21,9) NOT NULL DEFAULT 0.0, MODIFY `duration` decimal(21,9)
2024-09-08 11:56:46,634 WARNING database DDL Query made to DB:
ALTER TABLE `tabAirplane Flight` ADD COLUMN `source_airport` varchar(140), ADD COLUMN `source_airport_code` varchar(140)
2024-09-08 12:13:24,797 WARNING database DDL Query made to DB:
ALTER TABLE `tabAirplane Flight` ADD COLUMN `destiniation_airport` varchar(140), ADD COLUMN `destiniation` varchar(140)
2024-09-08 12:22:02,685 WARNING database DDL Query made to DB:
ALTER TABLE `tabAirplane Ticket` MODIFY `total_amount` decimal(21,9) NOT NULL DEFAULT 0.0, MODIFY `flight_price` decimal(21,9) NOT NULL DEFAULT 0.0, MODIFY `duration` decimal(21,9)
2024-09-08 12:23:02,926 WARNING database DDL Query made to DB:
ALTER TABLE `tabAirplane Ticket` ADD COLUMN `seat` varchar(140)
2024-09-08 12:23:03,409 WARNING database DDL Query made to DB:
ALTER TABLE `tabAirplane Ticket` MODIFY `total_amount` decimal(21,9) NOT NULL DEFAULT 0.0, MODIFY `flight_price` decimal(21,9) NOT NULL DEFAULT 0.0, MODIFY `duration` decimal(21,9)
2024-09-08 12:23:29,356 WARNING database DDL Query made to DB:
ALTER TABLE `tabAirplane Ticket` MODIFY `total_amount` decimal(21,9) NOT NULL DEFAULT 0.0, MODIFY `flight_price` decimal(21,9) NOT NULL DEFAULT 0.0, MODIFY `duration` decimal(21,9)
2024-09-08 12:38:33,182 WARNING database DDL Query made to DB:
ALTER TABLE `tabAirplane Flight` ADD COLUMN `duration` decimal(21,9)
2024-09-08 12:40:28,242 WARNING database DDL Query made to DB:
ALTER TABLE `tabAirplane Ticket` MODIFY `flight_price` decimal(21,9) NOT NULL DEFAULT 0.0, MODIFY `total_amount` decimal(21,9) NOT NULL DEFAULT 0.0, MODIFY `duration` decimal(21,9)
2024-09-08 12:55:01,949 WARNING database DDL Query made to DB:
ALTER TABLE `tabAirplane Flight` MODIFY `duration` decimal(21,9)
2024-09-08 12:56:55,657 WARNING database DDL Query made to DB:
ALTER TABLE `tabAirplane Flight` MODIFY `duration` decimal(21,9)
2024-09-08 12:58:24,670 WARNING database DDL Query made to DB:
ALTER TABLE `tabAirplane Flight` MODIFY `duration` decimal(21,9)
2024-09-08 13:00:55,891 WARNING database DDL Query made to DB:
ALTER TABLE `tabAirplane Ticket` MODIFY `duration` decimal(21,9), MODIFY `flight_price` decimal(21,9) NOT NULL DEFAULT 0.0, MODIFY `total_amount` decimal(21,9) NOT NULL DEFAULT 0.0
2024-09-08 13:11:40,767 WARNING database DDL Query made to DB:
ALTER TABLE `tabAirplane Ticket` MODIFY `total_amount` decimal(21,9) NOT NULL DEFAULT 0.0, MODIFY `flight_price` decimal(21,9) NOT NULL DEFAULT 0.0, MODIFY `duration` decimal(21,9)
2024-09-08 13:12:30,212 WARNING database DDL Query made to DB:
ALTER TABLE `tabAirplane Ticket` MODIFY `duration` decimal(21,9), MODIFY `flight_price` decimal(21,9) NOT NULL DEFAULT 0.0, MODIFY `total_amount` decimal(21,9) NOT NULL DEFAULT 0.0
2024-09-08 13:54:14,366 WARNING database DDL Query made to DB:
ALTER TABLE `tabAirplane Ticket` MODIFY `total_amount` decimal(21,9) NOT NULL DEFAULT 0.0, MODIFY `flight_price` decimal(21,9) NOT NULL DEFAULT 0.0, MODIFY `duration` decimal(21,9)
2024-09-08 13:57:47,951 WARNING database DDL Query made to DB:
ALTER TABLE `tabAirplane Ticket` MODIFY `total_amount` decimal(21,9) NOT NULL DEFAULT 0.0, MODIFY `flight_price` decimal(21,9) NOT NULL DEFAULT 0.0, MODIFY `duration` decimal(21,9)
2024-09-08 23:09:51,099 WARNING database DDL Query made to DB:
ALTER TABLE `tabProcess` MODIFY `is_published` tinyint NOT NULL DEFAULT 1
2024-09-08 23:11:59,360 WARNING database DDL Query made to DB:
ALTER TABLE `tabProcess` MODIFY `is_published` tinyint NOT NULL DEFAULT 1
2024-09-08 23:17:00,621 WARNING database DDL Query made to DB:
ALTER TABLE `tabProcess` MODIFY `is_published` tinyint NOT NULL DEFAULT 1
2024-09-08 23:17:35,726 WARNING database DDL Query made to DB:
create table `tabCompany` (
			name varchar(140) primary key,
			creation datetime(6),
			modified datetime(6),
			modified_by varchar(140),
			owner varchar(140),
			docstatus tinyint not null default '0',
			idx int not null default '0',
			`_user_tags` text,
`_comments` text,
`_assign` text,
`_liked_by` text,
index creation(creation))
			ENGINE=InnoDB
			ROW_FORMAT=DYNAMIC
			CHARACTER SET=utf8mb4
			COLLATE=utf8mb4_unicode_ci
2024-09-08 23:19:45,515 WARNING database DDL Query made to DB:
create sequence if not exists company_id_seq nocache nocycle
2024-09-08 23:19:45,600 WARNING database DDL Query made to DB:
ALTER TABLE `tabCompany` MODIFY `name` bigint
2024-09-08 23:19:45,690 WARNING database DDL Query made to DB:
ALTER TABLE `tabCompany` ADD COLUMN `company_name` varchar(140), ADD COLUMN `email` varchar(140), ADD COLUMN `phone_number` varchar(140)
2024-09-08 23:23:55,761 WARNING database DDL Query made to DB:
ALTER TABLE `tabProcess` ADD COLUMN `company_name` varchar(140)
2024-09-08 23:23:55,804 WARNING database DDL Query made to DB:
ALTER TABLE `tabProcess` MODIFY `is_published` tinyint NOT NULL DEFAULT 1
2024-09-08 23:26:17,954 WARNING database DDL Query made to DB:
ALTER TABLE `tabCompany` ADD UNIQUE INDEX IF NOT EXISTS company_name (`company_name`)
2024-09-08 23:27:27,857 WARNING database DDL Query made to DB:
ALTER TABLE `tabProcess` MODIFY `is_published` tinyint NOT NULL DEFAULT 1
2024-09-08 23:31:12,017 WARNING database DDL Query made to DB:
ALTER TABLE `tabProcess` MODIFY `is_published` tinyint NOT NULL DEFAULT 1
2024-09-08 23:31:57,175 WARNING database DDL Query made to DB:
ALTER TABLE `tabProcess` MODIFY `is_published` tinyint NOT NULL DEFAULT 1
2024-09-08 23:36:21,072 WARNING database DDL Query made to DB:
ALTER TABLE `tabProcess` ADD COLUMN `truck_numbers` varchar(4), ADD COLUMN `truck_letters` varchar(3), ADD COLUMN `machine_id` varchar(140)
2024-09-08 23:36:21,115 WARNING database DDL Query made to DB:
ALTER TABLE `tabProcess` MODIFY `is_published` tinyint NOT NULL DEFAULT 1
2024-09-08 23:36:57,009 WARNING database DDL Query made to DB:
ALTER TABLE `tabProcess` MODIFY `truck_letters` varchar(6), MODIFY `is_published` tinyint NOT NULL DEFAULT 1
2024-09-08 23:39:07,271 WARNING database DDL Query made to DB:
ALTER TABLE `tabProcess` ADD COLUMN `duration` decimal(21,9)
2024-09-08 23:39:07,399 WARNING database DDL Query made to DB:
ALTER TABLE `tabProcess` MODIFY `is_published` tinyint NOT NULL DEFAULT 1
2024-09-08 23:48:11,253 WARNING database DDL Query made to DB:
ALTER TABLE `tabProcess` ADD COLUMN `declaration_number` varchar(140)
2024-09-08 23:48:11,427 WARNING database DDL Query made to DB:
ALTER TABLE `tabProcess` MODIFY `duration` decimal(21,9), MODIFY `is_published` tinyint NOT NULL DEFAULT 1
2024-09-08 23:50:17,033 WARNING database DDL Query made to DB:
create table `tabTrucks` (
			name varchar(140) primary key,
			creation datetime(6),
			modified datetime(6),
			modified_by varchar(140),
			owner varchar(140),
			docstatus tinyint not null default '0',
			idx int not null default '0',
			`_user_tags` text,
`_comments` text,
`_assign` text,
`_liked_by` text,
index creation(creation))
			ENGINE=InnoDB
			ROW_FORMAT=DYNAMIC
			CHARACTER SET=utf8mb4
			COLLATE=utf8mb4_unicode_ci
2024-09-08 23:51:42,158 WARNING database DDL Query made to DB:
ALTER TABLE `tabTrucks` ADD COLUMN `truck_number` varchar(4), ADD COLUMN `truck_letters` varchar(6)
2024-09-08 23:53:48,067 WARNING database DDL Query made to DB:
ALTER TABLE `tabTrucks` ADD COLUMN `tail_letters` varchar(6), ADD COLUMN `tail_number` int NOT NULL DEFAULT 0
2024-09-08 23:53:48,139 WARNING database DDL Query made to DB:
ALTER TABLE `tabTrucks` MODIFY `truck_number` int NOT NULL DEFAULT 0
2024-09-08 23:55:21,934 WARNING database DDL Query made to DB:
ALTER TABLE `tabTrucks` MODIFY `truck_number` int NOT NULL DEFAULT 0, MODIFY `tail_number` int NOT NULL DEFAULT 0
2024-09-08 23:56:13,323 WARNING database DDL Query made to DB:
ALTER TABLE `tabTrucks` MODIFY `tail_number` int NOT NULL DEFAULT 0, MODIFY `truck_number` int NOT NULL DEFAULT 0
2024-09-08 23:57:47,528 WARNING database DDL Query made to DB:
ALTER TABLE `tabTrucks` ADD COLUMN `truck` varchar(140)
2024-09-08 23:57:47,569 WARNING database DDL Query made to DB:
ALTER TABLE `tabTrucks` MODIFY `tail_number` int NOT NULL DEFAULT 0, MODIFY `truck_number` int NOT NULL DEFAULT 0
2024-09-08 23:58:51,987 WARNING database DDL Query made to DB:
ALTER TABLE `tabTrucks` MODIFY `tail_number` int NOT NULL DEFAULT 0, MODIFY `truck_number` int NOT NULL DEFAULT 0
2024-09-08 23:59:24,767 WARNING database DDL Query made to DB:
ALTER TABLE `tabTrucks` MODIFY `truck_number` int NOT NULL DEFAULT 0, MODIFY `tail_number` int NOT NULL DEFAULT 0
2024-09-08 23:59:57,165 WARNING database DDL Query made to DB:
ALTER TABLE `tabTrucks` ADD COLUMN `tail` varchar(140)
2024-09-08 23:59:57,204 WARNING database DDL Query made to DB:
ALTER TABLE `tabTrucks` MODIFY `truck_number` int NOT NULL DEFAULT 0, MODIFY `tail_number` int NOT NULL DEFAULT 0
2024-09-09 00:04:26,664 WARNING database DDL Query made to DB:
ALTER TABLE `tabTrucks` MODIFY `truck_number` varchar(4), MODIFY `tail_number` varchar(4)
2024-09-09 00:05:48,269 WARNING database DDL Query made to DB:
ALTER TABLE `tabTrucks` ADD UNIQUE INDEX IF NOT EXISTS truck (`truck`)
2024-09-09 00:16:16,163 WARNING database DDL Query made to DB:
RENAME TABLE `tabTrucks` TO `tabTruck`
2024-09-09 00:16:56,136 WARNING database DDL Query made to DB:
create table `tabTruck Tail` (
			name varchar(140) primary key,
			creation datetime(6),
			modified datetime(6),
			modified_by varchar(140),
			owner varchar(140),
			docstatus tinyint not null default '0',
			idx int not null default '0',
			`_user_tags` text,
`_comments` text,
`_assign` text,
`_liked_by` text,
index creation(creation))
			ENGINE=InnoDB
			ROW_FORMAT=DYNAMIC
			CHARACTER SET=utf8mb4
			COLLATE=utf8mb4_unicode_ci
2024-09-09 00:18:18,925 WARNING database DDL Query made to DB:
ALTER TABLE `tabTruck Tail` ADD COLUMN `title` varchar(140), ADD COLUMN `tail_letters` varchar(6)
2024-09-09 00:18:42,524 WARNING database DDL Query made to DB:
ALTER TABLE `tabTruck Tail` ADD COLUMN `tail_numbers` date
2024-09-09 00:19:45,142 WARNING database DDL Query made to DB:
ALTER TABLE `tabTruck` ADD COLUMN `title` varchar(140) UNIQUE
2024-09-09 00:19:45,145 WARNING database DDL Query made to DB:
ALTER TABLE `tabTruck` ADD UNIQUE INDEX IF NOT EXISTS title (`title`)
2024-09-09 00:23:41,197 WARNING database DDL Query made to DB:
ALTER TABLE `tabTruck Tail` MODIFY `tail_numbers` varchar(140)
2024-09-09 00:24:26,327 WARNING database DDL Query made to DB:
ALTER TABLE `tabTruck Tail` MODIFY `tail_numbers` varchar(4)
2024-09-09 00:25:52,024 WARNING database DDL Query made to DB:
ALTER TABLE `tabTruck` ADD COLUMN `truck_numbers` varchar(4)
2024-09-09 00:26:50,654 WARNING database DDL Query made to DB:
ALTER TABLE `tabTruck` MODIFY `truck_letters` varchar(5)
2024-09-09 00:27:03,426 WARNING database DDL Query made to DB:
ALTER TABLE `tabTruck Tail` ADD UNIQUE INDEX IF NOT EXISTS title (`title`)
2024-09-09 00:27:10,084 WARNING database DDL Query made to DB:
ALTER TABLE `tabTruck Tail` MODIFY `tail_letters` varchar(5)
2024-09-09 00:29:24,383 WARNING database DDL Query made to DB:
ALTER TABLE `tabProcess` ADD COLUMN `truck_title` varchar(140), ADD COLUMN `tail_title` varchar(140)
2024-09-09 00:29:24,425 WARNING database DDL Query made to DB:
ALTER TABLE `tabProcess` MODIFY `is_published` tinyint NOT NULL DEFAULT 1, MODIFY `duration` decimal(21,9)
2024-09-09 00:29:44,128 WARNING database DDL Query made to DB:
ALTER TABLE `tabProcess` MODIFY `duration` decimal(21,9), MODIFY `is_published` tinyint NOT NULL DEFAULT 1
2024-09-11 09:28:57,907 WARNING database DDL Query made to DB:
ALTER TABLE `tabTruck` ADD COLUMN `route` varchar(140), ADD COLUMN `is_published` tinyint NOT NULL DEFAULT 1
2024-09-11 09:43:22,566 WARNING database DDL Query made to DB:
ALTER TABLE `tabTruck` MODIFY `is_published` tinyint NOT NULL DEFAULT 1
2024-09-11 09:44:16,104 WARNING database DDL Query made to DB:
create table `tabMachine` (
			name varchar(140) primary key,
			creation datetime(6),
			modified datetime(6),
			modified_by varchar(140),
			owner varchar(140),
			docstatus tinyint not null default '0',
			idx int not null default '0',
			`_user_tags` text,
`_comments` text,
`_assign` text,
`_liked_by` text,
index creation(creation))
			ENGINE=InnoDB
			ROW_FORMAT=DYNAMIC
			CHARACTER SET=utf8mb4
			COLLATE=utf8mb4_unicode_ci
2024-09-11 09:45:54,768 WARNING database DDL Query made to DB:
create sequence if not exists machine_id_seq nocache nocycle
2024-09-11 09:45:54,845 WARNING database DDL Query made to DB:
ALTER TABLE `tabMachine` MODIFY `name` bigint
2024-09-11 09:45:54,924 WARNING database DDL Query made to DB:
ALTER TABLE `tabMachine` ADD COLUMN `id_number` varchar(140), ADD COLUMN `description` varchar(140)
2024-09-11 09:46:43,412 WARNING database DDL Query made to DB:
ALTER TABLE `tabMachine` ADD UNIQUE INDEX IF NOT EXISTS id_number (`id_number`)
2024-09-11 09:47:00,764 WARNING database DDL Query made to DB:
ALTER TABLE `tabProcess` MODIFY `is_published` tinyint NOT NULL DEFAULT 1, MODIFY `duration` decimal(21,9)
2024-09-11 10:00:40,487 WARNING database DDL Query made to DB:
create table `tabTicket` (
			name varchar(140) primary key,
			creation datetime(6),
			modified datetime(6),
			modified_by varchar(140),
			owner varchar(140),
			docstatus tinyint not null default '0',
			idx int not null default '0',
			`amended_from` varchar(140),
`_user_tags` text,
`_comments` text,
`_assign` text,
`_liked_by` text,
index `amended_from`(`amended_from`),
index creation(creation))
			ENGINE=InnoDB
			ROW_FORMAT=DYNAMIC
			CHARACTER SET=utf8mb4
			COLLATE=utf8mb4_unicode_ci
2024-09-11 10:05:51,532 WARNING database DDL Query made to DB:
ALTER TABLE `tabTicket` ADD COLUMN `is_published` tinyint NOT NULL DEFAULT 1, ADD COLUMN `route` varchar(140), ADD COLUMN `process_type` varchar(140), ADD COLUMN `status` varchar(140), ADD COLUMN `_seen` text
2024-09-11 10:08:06,596 WARNING database DDL Query made to DB:
ALTER TABLE `tabTicket` ADD COLUMN `truck` varchar(140), ADD COLUMN `truck_tail` varchar(140), ADD COLUMN `machine_id` varchar(140), ADD COLUMN `duration_lrvd` decimal(21,9), ADD COLUMN `company` varchar(140)
2024-09-11 10:08:06,640 WARNING database DDL Query made to DB:
ALTER TABLE `tabTicket` MODIFY `is_published` tinyint NOT NULL DEFAULT 1
2024-09-11 10:08:40,896 WARNING database DDL Query made to DB:
ALTER TABLE `tabTicket` ADD COLUMN `notes` longtext
2024-09-11 10:08:40,940 WARNING database DDL Query made to DB:
ALTER TABLE `tabTicket` MODIFY `is_published` tinyint NOT NULL DEFAULT 1, MODIFY `duration_lrvd` decimal(21,9)
2024-09-11 10:09:27,627 WARNING database DDL Query made to DB:
ALTER TABLE `tabTicket` MODIFY `duration_lrvd` decimal(21,9), MODIFY `is_published` tinyint NOT NULL DEFAULT 1
2024-09-11 10:10:26,348 WARNING database DDL Query made to DB:
ALTER TABLE `tabTicket` MODIFY `is_published` tinyint NOT NULL DEFAULT 1, MODIFY `duration_lrvd` decimal(21,9)
2024-09-11 10:13:08,178 WARNING database DDL Query made to DB:
ALTER TABLE `tabTicket` MODIFY `duration_lrvd` decimal(21,9), MODIFY `is_published` tinyint NOT NULL DEFAULT 1
2024-09-11 10:18:11,444 WARNING database DDL Query made to DB:
ALTER TABLE `tabTicket` MODIFY `is_published` tinyint NOT NULL DEFAULT 1, MODIFY `duration_lrvd` decimal(21,9)
2024-09-11 11:35:09,411 WARNING database DDL Query made to DB:
ALTER TABLE `tabTicket` MODIFY `is_published` tinyint NOT NULL DEFAULT 1
2024-09-11 11:57:19,809 WARNING database DDL Query made to DB:
ALTER TABLE `tabTicket` MODIFY `is_published` tinyint NOT NULL DEFAULT 1
2024-09-11 11:59:18,389 WARNING database DDL Query made to DB:
ALTER TABLE `tabProcess Type` ADD UNIQUE INDEX IF NOT EXISTS title (`title`)
2024-09-11 12:00:58,456 WARNING database DDL Query made to DB:
ALTER TABLE `tabTicket` MODIFY `is_published` tinyint NOT NULL DEFAULT 1
2024-09-11 12:04:12,287 WARNING database DDL Query made to DB:
ALTER TABLE `tabTicket` ADD COLUMN `duration` decimal(21,9)
2024-09-11 12:04:12,328 WARNING database DDL Query made to DB:
ALTER TABLE `tabTicket` MODIFY `is_published` tinyint NOT NULL DEFAULT 1
2024-09-11 12:06:18,105 WARNING database DDL Query made to DB:
ALTER TABLE `tabTicket` MODIFY `is_published` tinyint NOT NULL DEFAULT 1, MODIFY `duration` decimal(21,9)
2024-09-11 12:09:52,977 WARNING database DDL Query made to DB:
create table `tabProcedure Type` (
			name varchar(140) primary key,
			creation datetime(6),
			modified datetime(6),
			modified_by varchar(140),
			owner varchar(140),
			docstatus tinyint not null default '0',
			idx int not null default '0',
			`_user_tags` text,
`_comments` text,
`_assign` text,
`_liked_by` text,
index creation(creation))
			ENGINE=InnoDB
			ROW_FORMAT=DYNAMIC
			CHARACTER SET=utf8mb4
			COLLATE=utf8mb4_unicode_ci
2024-09-11 12:11:27,203 WARNING database DDL Query made to DB:
ALTER TABLE `tabProcedure Type` ADD COLUMN `procedure_name` varchar(140)
2024-09-11 12:13:03,946 WARNING database DDL Query made to DB:
ALTER TABLE `tabTicket` MODIFY `duration` decimal(21,9), MODIFY `is_published` tinyint NOT NULL DEFAULT 1
2024-09-11 12:37:36,052 WARNING database DDL Query made to DB:
ALTER TABLE `tabTicket` MODIFY `duration` decimal(21,9), MODIFY `is_published` tinyint NOT NULL DEFAULT 1
2024-09-11 12:38:30,385 WARNING database DDL Query made to DB:
ALTER TABLE `tabTicket` MODIFY `is_published` tinyint NOT NULL DEFAULT 1, MODIFY `duration` decimal(21,9)
2024-09-11 12:41:42,217 WARNING database DDL Query made to DB:
ALTER TABLE `tabTruck` MODIFY `is_published` tinyint NOT NULL DEFAULT 1
2024-09-11 12:42:28,057 WARNING database DDL Query made to DB:
ALTER TABLE `tabTruck` MODIFY `is_published` tinyint NOT NULL DEFAULT 1
2024-09-11 13:06:15,635 WARNING database DDL Query made to DB:
ALTER TABLE `tabProcedure Type` ADD UNIQUE INDEX IF NOT EXISTS procedure_name (`procedure_name`)
2024-09-11 13:28:02,448 WARNING database DDL Query made to DB:
ALTER TABLE `tabTicket` MODIFY `duration` decimal(21,9), MODIFY `is_published` tinyint NOT NULL DEFAULT 1
2024-09-11 14:10:52,063 WARNING database DDL Query made to DB:
ALTER TABLE `tabTicket` MODIFY `is_published` tinyint NOT NULL DEFAULT 1, MODIFY `duration` decimal(21,9)
2024-09-12 08:56:40,139 WARNING database DDL Query made to DB:
ALTER TABLE `tabProcedure Type` ADD COLUMN `route` varchar(140), ADD COLUMN `is_published` tinyint NOT NULL DEFAULT 1
2024-09-12 09:12:39,965 WARNING database DDL Query made to DB:
ALTER TABLE `tabTicket` ADD COLUMN `procedure_type` varchar(140)
2024-09-12 09:12:40,006 WARNING database DDL Query made to DB:
ALTER TABLE `tabTicket` MODIFY `duration` decimal(21,9), MODIFY `is_published` tinyint NOT NULL DEFAULT 1
2024-09-12 09:16:29,333 WARNING database DDL Query made to DB:
ALTER TABLE `tabProcedure Type` MODIFY `is_published` tinyint NOT NULL DEFAULT 1
2024-09-12 09:18:47,541 WARNING database DDL Query made to DB:
ALTER TABLE `tabProcedure Type` MODIFY `is_published` tinyint NOT NULL DEFAULT 1
2024-09-12 09:19:14,517 WARNING database DDL Query made to DB:
ALTER TABLE `tabProcedure Type` MODIFY `is_published` tinyint NOT NULL DEFAULT 1
2024-09-12 10:35:30,781 WARNING database DDL Query made to DB:
ALTER TABLE `tabTicket` MODIFY `duration` decimal(21,9), MODIFY `is_published` tinyint NOT NULL DEFAULT 1
2024-09-12 14:05:12,721 WARNING database DDL Query made to DB:
ALTER TABLE `tabTicket` MODIFY `duration` decimal(21,9), MODIFY `is_published` tinyint NOT NULL DEFAULT 1
2024-09-12 14:08:56,474 WARNING database DDL Query made to DB:
ALTER TABLE `tabProcedure Type` MODIFY `is_published` tinyint NOT NULL DEFAULT 1
2024-09-12 14:13:40,300 WARNING database DDL Query made to DB:
ALTER TABLE `tabProcedure Type` MODIFY `is_published` tinyint NOT NULL DEFAULT 1
2024-09-12 14:17:59,581 WARNING database DDL Query made to DB:
create sequence if not exists procedure_type_id_seq nocache nocycle
2024-09-12 14:17:59,745 WARNING database DDL Query made to DB:
ALTER TABLE `tabProcedure Type` MODIFY `name` bigint
2024-09-12 14:17:59,849 WARNING database DDL Query made to DB:
ALTER TABLE `tabProcedure Type` MODIFY `is_published` tinyint NOT NULL DEFAULT 1
2024-09-12 14:26:18,386 WARNING database DDL Query made to DB:
ALTER TABLE `tabCompany` ADD COLUMN `route` varchar(140), ADD COLUMN `is_published` tinyint NOT NULL DEFAULT 0
2024-09-12 14:28:12,964 WARNING database DDL Query made to DB:
ALTER TABLE `tabCompany` MODIFY `is_published` tinyint NOT NULL DEFAULT 1
2024-09-12 14:41:58,645 WARNING database DDL Query made to DB:
ALTER TABLE `tabTicket` MODIFY `is_published` tinyint NOT NULL DEFAULT 1, MODIFY `duration` decimal(21,9)
2024-09-12 14:43:05,157 WARNING database DDL Query made to DB:
ALTER TABLE `tabCompany` MODIFY `is_published` tinyint NOT NULL DEFAULT 1
2024-09-12 14:52:44,087 WARNING database DDL Query made to DB:
ALTER TABLE `tabTicket` MODIFY `is_published` tinyint NOT NULL DEFAULT 1, MODIFY `duration` decimal(21,9)
2024-09-12 14:55:55,414 WARNING database DDL Query made to DB:
ALTER TABLE `tabTicket` MODIFY `duration` decimal(21,9), MODIFY `is_published` tinyint NOT NULL DEFAULT 1
2024-09-12 14:56:36,094 WARNING database DDL Query made to DB:
ALTER TABLE `tabTicket` MODIFY `is_published` tinyint NOT NULL DEFAULT 1, MODIFY `duration` decimal(21,9)
2024-09-12 14:57:29,468 WARNING database DDL Query made to DB:
ALTER TABLE `tabTicket` MODIFY `duration` decimal(21,9), MODIFY `is_published` tinyint NOT NULL DEFAULT 1
2024-09-12 15:10:44,093 WARNING database DDL Query made to DB:
ALTER TABLE `tabProcedure Type` MODIFY `name` varchar(140)
2024-09-12 15:10:44,164 WARNING database DDL Query made to DB:
ALTER TABLE `tabProcedure Type` MODIFY `is_published` tinyint NOT NULL DEFAULT 1
2024-09-12 15:15:45,072 WARNING database DDL Query made to DB:
ALTER TABLE `tabCompany` MODIFY `is_published` tinyint NOT NULL DEFAULT 1
2024-09-12 15:16:22,372 WARNING database DDL Query made to DB:
ALTER TABLE `tabCompany` ADD COLUMN `_seen` text
2024-09-12 15:16:22,436 WARNING database DDL Query made to DB:
ALTER TABLE `tabCompany` MODIFY `is_published` tinyint NOT NULL DEFAULT 1
2024-09-12 15:17:25,081 WARNING database DDL Query made to DB:
ALTER TABLE `tabCompany` MODIFY `is_published` tinyint NOT NULL DEFAULT 1
2024-09-12 15:21:04,740 WARNING database DDL Query made to DB:
ALTER TABLE `tabTicket` MODIFY `is_published` tinyint NOT NULL DEFAULT 1, MODIFY `duration` decimal(21,9)
2024-09-12 15:24:23,351 WARNING database DDL Query made to DB:
ALTER TABLE `tabTicket` MODIFY `is_published` tinyint NOT NULL DEFAULT 1, MODIFY `duration` decimal(21,9)
2024-09-12 15:24:33,352 WARNING database DDL Query made to DB:
ALTER TABLE `tabTicket` MODIFY `is_published` tinyint NOT NULL DEFAULT 1, MODIFY `duration` decimal(21,9)
2024-09-12 15:28:34,970 WARNING database DDL Query made to DB:
ALTER TABLE `tabTicket` MODIFY `is_published` tinyint NOT NULL DEFAULT 1, MODIFY `duration` decimal(21,9)
2024-09-12 15:32:14,697 WARNING database DDL Query made to DB:
create sequence if not exists ticket_id_seq nocache nocycle
2024-09-12 15:32:14,789 WARNING database DDL Query made to DB:
ALTER TABLE `tabTicket` MODIFY `name` bigint
2024-09-12 15:32:14,878 WARNING database DDL Query made to DB:
ALTER TABLE `tabTicket` MODIFY `is_published` tinyint NOT NULL DEFAULT 1, MODIFY `duration` decimal(21,9)
2024-09-12 15:34:43,950 WARNING database DDL Query made to DB:
create sequence if not exists procedure_type_id_seq nocache nocycle
2024-09-12 15:34:44,084 WARNING database DDL Query made to DB:
ALTER TABLE `tabProcedure Type` MODIFY `name` bigint
2024-09-12 15:34:44,170 WARNING database DDL Query made to DB:
ALTER TABLE `tabProcedure Type` MODIFY `is_published` tinyint NOT NULL DEFAULT 1
2024-09-12 15:35:36,268 WARNING database DDL Query made to DB:
ALTER TABLE `tabCompany` MODIFY `is_published` tinyint NOT NULL DEFAULT 1
2024-09-12 15:36:02,105 WARNING database DDL Query made to DB:
ALTER TABLE `tabTruck` MODIFY `is_published` tinyint NOT NULL DEFAULT 1
2024-09-12 15:36:33,528 WARNING database DDL Query made to DB:
create sequence if not exists truck_id_seq nocache nocycle
2024-09-12 15:36:33,641 WARNING database DDL Query made to DB:
ALTER TABLE `tabTruck` MODIFY `name` bigint
2024-09-12 15:36:33,772 WARNING database DDL Query made to DB:
ALTER TABLE `tabTruck` MODIFY `is_published` tinyint NOT NULL DEFAULT 1
2024-09-12 15:37:18,389 WARNING database DDL Query made to DB:
create sequence if not exists truck_tail_id_seq nocache nocycle
2024-09-12 15:37:18,476 WARNING database DDL Query made to DB:
ALTER TABLE `tabTruck Tail` MODIFY `name` bigint
2024-09-12 15:37:47,417 WARNING database DDL Query made to DB:
ALTER TABLE `tabTicket` MODIFY `is_published` tinyint NOT NULL DEFAULT 1, MODIFY `duration` decimal(21,9)
2024-09-12 15:37:57,202 WARNING database DDL Query made to DB:
ALTER TABLE `tabCompany` MODIFY `is_published` tinyint NOT NULL DEFAULT 1
2024-09-12 15:43:51,237 WARNING database DDL Query made to DB:
ALTER TABLE `tabTicket` MODIFY `duration` decimal(21,9), MODIFY `is_published` tinyint NOT NULL DEFAULT 1
2024-09-12 15:46:33,040 WARNING database DDL Query made to DB:
ALTER TABLE `tabProcedure Type` MODIFY `name` varchar(140)
2024-09-12 15:46:33,132 WARNING database DDL Query made to DB:
ALTER TABLE `tabProcedure Type` MODIFY `is_published` tinyint NOT NULL DEFAULT 1
2024-09-12 15:47:49,522 WARNING database DDL Query made to DB:
ALTER TABLE `tabProcedure Type` MODIFY `is_published` tinyint NOT NULL DEFAULT 1
2024-09-12 15:48:58,590 WARNING database DDL Query made to DB:
ALTER TABLE `tabTicket` MODIFY `name` varchar(140)
2024-09-12 15:48:58,672 WARNING database DDL Query made to DB:
ALTER TABLE `tabTicket` MODIFY `is_published` tinyint NOT NULL DEFAULT 1, MODIFY `duration` decimal(21,9)
2024-09-12 15:49:26,530 WARNING database DDL Query made to DB:
ALTER TABLE `tabTicket` MODIFY `is_published` tinyint NOT NULL DEFAULT 1, MODIFY `duration` decimal(21,9)
2024-09-12 15:52:10,591 WARNING database DDL Query made to DB:
ALTER TABLE `tabTicket` MODIFY `duration` decimal(21,9), MODIFY `is_published` tinyint NOT NULL DEFAULT 1
2024-09-12 15:59:44,388 WARNING database DDL Query made to DB:
ALTER TABLE `tabTicket` MODIFY `duration` decimal(21,9), MODIFY `is_published` tinyint NOT NULL DEFAULT 1
2024-09-12 23:23:00,199 WARNING database DDL Query made to DB:
ALTER TABLE `tabProcedure Type` MODIFY `is_published` tinyint NOT NULL DEFAULT 1
2024-09-12 23:23:58,732 WARNING database DDL Query made to DB:
ALTER TABLE `tabProcedure Type` MODIFY `is_published` tinyint NOT NULL DEFAULT 1
2024-09-12 23:25:30,701 WARNING database DDL Query made to DB:
ALTER TABLE `tabTicket` MODIFY `is_published` tinyint NOT NULL DEFAULT 1, MODIFY `duration` decimal(21,9)
2024-09-12 23:29:06,822 WARNING database DDL Query made to DB:
ALTER TABLE `tabTicket` MODIFY `is_published` tinyint NOT NULL DEFAULT 1, MODIFY `duration` decimal(21,9)
2024-09-12 23:34:28,597 WARNING database DDL Query made to DB:
ALTER TABLE `tabTicket` MODIFY `is_published` tinyint NOT NULL DEFAULT 1, MODIFY `duration` decimal(21,9)
2024-09-12 23:37:14,133 WARNING database DDL Query made to DB:
ALTER TABLE `tabProcedure Type` MODIFY `is_published` tinyint NOT NULL DEFAULT 1
2024-09-12 23:37:14,174 WARNING database DDL Query made to DB:
ALTER TABLE `tabProcedure Type` DROP INDEX `procedure_name`
2024-09-12 23:38:17,199 WARNING database DDL Query made to DB:
ALTER TABLE `tabProcedure Type` MODIFY `is_published` tinyint NOT NULL DEFAULT 1, ADD UNIQUE INDEX IF NOT EXISTS procedure_name (`procedure_name`)
2024-09-12 23:39:10,433 WARNING database DDL Query made to DB:
ALTER TABLE `tabTicket` MODIFY `is_published` tinyint NOT NULL DEFAULT 1, MODIFY `duration` decimal(21,9)
2024-09-12 23:40:30,232 WARNING database DDL Query made to DB:
ALTER TABLE `tabTicket` MODIFY `duration` decimal(21,9), MODIFY `is_published` tinyint NOT NULL DEFAULT 1
2024-09-12 23:40:47,843 WARNING database DDL Query made to DB:
ALTER TABLE `tabTicket` MODIFY `is_published` tinyint NOT NULL DEFAULT 1, MODIFY `duration` decimal(21,9)
2024-09-12 23:41:57,138 WARNING database DDL Query made to DB:
ALTER TABLE `tabTicket` MODIFY `duration` decimal(21,9), MODIFY `is_published` tinyint NOT NULL DEFAULT 1
2024-09-12 23:44:35,675 WARNING database DDL Query made to DB:
ALTER TABLE `tabTicket` MODIFY `duration` decimal(21,9), MODIFY `is_published` tinyint NOT NULL DEFAULT 1
2024-09-12 23:57:37,630 WARNING database DDL Query made to DB:
ALTER TABLE `tabProcedure Type` MODIFY `is_published` tinyint NOT NULL DEFAULT 1
2024-09-13 00:33:04,799 WARNING database DDL Query made to DB:
alter table `tabDocType` add column if not exists migration_hash varchar(140)
2024-09-13 00:33:14,793 WARNING database DDL Query made to DB:
ALTER TABLE `tabDriver` MODIFY `enable` tinyint NOT NULL DEFAULT 1
2024-09-13 00:33:19,625 WARNING database DDL Query made to DB:
ALTER TABLE `tabRide Booking` MODIFY `rate` decimal(21,9) NOT NULL DEFAULT 0.0, MODIFY `total_amount` decimal(21,9) NOT NULL DEFAULT 0.0
2024-09-13 00:33:20,910 WARNING database DDL Query made to DB:
ALTER TABLE `tabRide Booking Item` MODIFY `distance` int NOT NULL DEFAULT 0
2024-09-13 00:33:21,635 WARNING database DDL Query made to DB:
ALTER TABLE `tabDriver` MODIFY `enabled` tinyint NOT NULL DEFAULT 1
2024-09-13 00:33:22,326 WARNING database DDL Query made to DB:
ALTER TABLE `tabVehicle` MODIFY `condation` decimal(3,2), MODIFY `year` int NOT NULL DEFAULT 0, MODIFY `is_published` tinyint NOT NULL DEFAULT 0
2024-09-13 00:33:23,347 WARNING database DDL Query made to DB:
ALTER TABLE `tabTrack` MODIFY `is_published` tinyint NOT NULL DEFAULT 1
2024-09-13 00:33:24,159 WARNING database DDL Query made to DB:
ALTER TABLE `tabAirplane Flight` MODIFY `duration` decimal(21,9)
2024-09-13 00:33:24,972 WARNING database DDL Query made to DB:
ALTER TABLE `tabAirline` MODIFY `founding_year` int NOT NULL DEFAULT 0
2024-09-13 00:33:26,416 WARNING database DDL Query made to DB:
ALTER TABLE `tabAirplane Ticket Add-on Type` MODIFY `price` decimal(21,9) NOT NULL DEFAULT 0.0
2024-09-13 00:33:27,102 WARNING database DDL Query made to DB:
ALTER TABLE `tabAirplane` MODIFY `capacity` int NOT NULL DEFAULT 0
2024-09-13 00:33:28,270 WARNING database DDL Query made to DB:
ALTER TABLE `tabAirplane Ticket` MODIFY `flight_price` decimal(21,9) NOT NULL DEFAULT 0.0, MODIFY `duration` decimal(21,9), MODIFY `total_amount` decimal(21,9) NOT NULL DEFAULT 0.0
2024-09-13 00:33:28,875 WARNING database DDL Query made to DB:
ALTER TABLE `tabCompany` MODIFY `is_published` tinyint NOT NULL DEFAULT 1
2024-09-13 00:33:30,208 WARNING database DDL Query made to DB:
ALTER TABLE `tabTruck` MODIFY `is_published` tinyint NOT NULL DEFAULT 1
2024-09-13 00:33:30,836 WARNING database DDL Query made to DB:
ALTER TABLE `tabProcedure Type` MODIFY `is_published` tinyint NOT NULL DEFAULT 1
2024-09-13 00:33:31,722 WARNING database DDL Query made to DB:
ALTER TABLE `tabTicket` MODIFY `is_published` tinyint NOT NULL DEFAULT 1, MODIFY `duration` decimal(21,9)
2024-09-13 00:33:33,348 WARNING database DDL Query made to DB:
create table `tabBuilder Component` (
			name varchar(140) primary key,
			creation datetime(6),
			modified datetime(6),
			modified_by varchar(140),
			owner varchar(140),
			docstatus tinyint not null default '0',
			idx int not null default '0',
			`component_name` varchar(140),
`block` json,
`for_web_page` varchar(140),
`component_id` varchar(140) UNIQUE,
`_user_tags` text,
`_comments` text,
`_assign` text,
`_liked_by` text,
index creation(creation),
index modified(modified))
			ENGINE=InnoDB
			ROW_FORMAT=DYNAMIC
			CHARACTER SET=utf8mb4
			COLLATE=utf8mb4_unicode_ci
2024-09-13 00:33:33,832 WARNING database DDL Query made to DB:
create table `tabBuilder Client Script` (
			name varchar(140) primary key,
			creation datetime(6),
			modified datetime(6),
			modified_by varchar(140),
			owner varchar(140),
			docstatus tinyint not null default '0',
			idx int not null default '0',
			`script_type` varchar(140),
`script` longtext,
`public_url` varchar(140),
`_user_tags` text,
`_comments` text,
`_assign` text,
`_liked_by` text,
index creation(creation),
index modified(modified))
			ENGINE=InnoDB
			ROW_FORMAT=DYNAMIC
			CHARACTER SET=utf8mb4
			COLLATE=utf8mb4_unicode_ci
2024-09-13 00:33:34,480 WARNING database DDL Query made to DB:
create table `tabBuilder Page Client Script` (
			name varchar(140) primary key,
			creation datetime(6),
			modified datetime(6),
			modified_by varchar(140),
			owner varchar(140),
			docstatus tinyint not null default '0',
			idx int not null default '0',
			`builder_script` varchar(140),
parent varchar(140),
parentfield varchar(140),
parenttype varchar(140),
index parent(parent))
			ENGINE=InnoDB
			ROW_FORMAT=DYNAMIC
			CHARACTER SET=utf8mb4
			COLLATE=utf8mb4_unicode_ci
2024-09-13 00:33:35,360 WARNING database DDL Query made to DB:
create table `tabBuilder Page` (
			name varchar(140) primary key,
			creation datetime(6),
			modified datetime(6),
			modified_by varchar(140),
			owner varchar(140),
			docstatus tinyint not null default '0',
			idx int not null default '0',
			`published` tinyint NOT NULL DEFAULT 0,
`page_name` varchar(140) UNIQUE,
`route` varchar(140),
`dynamic_route` tinyint NOT NULL DEFAULT 0,
`is_template` tinyint NOT NULL DEFAULT 0,
`template_name` varchar(140),
`blocks` json,
`draft_blocks` json,
`page_data_script` longtext,
`preview` varchar(140),
`favicon` text,
`page_title` varchar(140),
`meta_description` text,
`meta_image` text,
`_user_tags` text,
`_comments` text,
`_assign` text,
`_liked_by` text,
index `route`(`route`),
index `page_title`(`page_title`),
index creation(creation),
index modified(modified))
			ENGINE=InnoDB
			ROW_FORMAT=DYNAMIC
			CHARACTER SET=utf8mb4
			COLLATE=utf8mb4_unicode_ci
2024-09-13 00:33:35,908 WARNING database DDL Query made to DB:
create table `tabBlock Template` (
			name varchar(140) primary key,
			creation datetime(6),
			modified datetime(6),
			modified_by varchar(140),
			owner varchar(140),
			docstatus tinyint not null default '0',
			idx int not null default '0',
			`template_name` varchar(140) UNIQUE,
`block` json,
`preview` varchar(140),
`category` varchar(140) DEFAULT 'Basic',
`_user_tags` text,
`_comments` text,
`_assign` text,
`_liked_by` text,
index creation(creation))
			ENGINE=InnoDB
			ROW_FORMAT=DYNAMIC
			CHARACTER SET=utf8mb4
			COLLATE=utf8mb4_unicode_ci
2024-09-13 02:59:20,610 WARNING database DDL Query made to DB:
ALTER TABLE `tabTicket` MODIFY `duration` decimal(21,9), MODIFY `is_published` tinyint NOT NULL DEFAULT 1
2024-09-13 02:59:53,359 WARNING database DDL Query made to DB:
ALTER TABLE `tabTicket` MODIFY `duration` decimal(21,9)
2024-09-13 03:01:40,925 WARNING database DDL Query made to DB:
ALTER TABLE `tabTruck` MODIFY `is_published` tinyint NOT NULL DEFAULT 1
2024-09-13 03:02:33,244 WARNING database DDL Query made to DB:
ALTER TABLE `tabCompany` MODIFY `is_published` tinyint NOT NULL DEFAULT 1
2024-09-13 03:07:06,162 WARNING database DDL Query made to DB:
ALTER TABLE `tabProcedure Type` MODIFY `is_published` tinyint NOT NULL DEFAULT 1
2024-09-13 03:08:30,714 WARNING database DDL Query made to DB:
ALTER TABLE `tabTicket` MODIFY `duration` decimal(21,9)
2024-09-13 03:30:06,296 WARNING database DDL Query made to DB:
ALTER TABLE `tabTicket` MODIFY `duration` decimal(21,9)
2024-09-13 03:45:30,405 WARNING database DDL Query made to DB:
ALTER TABLE `tabTicket` MODIFY `duration` decimal(21,9)
2024-09-13 03:47:50,100 WARNING database DDL Query made to DB:
ALTER TABLE `tabTicket` MODIFY `duration` decimal(21,9)
2024-09-13 03:51:21,144 WARNING database DDL Query made to DB:
ALTER TABLE `tabTicket` MODIFY `duration` decimal(21,9)
2024-09-13 03:57:20,232 WARNING database DDL Query made to DB:
ALTER TABLE `tabTicket` MODIFY `duration` decimal(21,9)
2024-09-14 10:51:30,613 WARNING database DDL Query made to DB:
ALTER TABLE `tabTicket` MODIFY `duration` decimal(21,9)
2024-09-14 10:58:14,282 WARNING database DDL Query made to DB:
ALTER TABLE `tabTicket` MODIFY `duration` decimal(21,9)
2024-09-14 11:01:02,143 WARNING database DDL Query made to DB:
ALTER TABLE `tabTicket` MODIFY `duration` decimal(21,9)
2024-09-14 11:20:53,474 WARNING database DDL Query made to DB:
ALTER TABLE `tabTicket` MODIFY `duration` decimal(21,9)
2024-09-14 16:07:51,456 WARNING database DDL Query made to DB:
ALTER TABLE `tabTicket` MODIFY `duration` decimal(21,9)
2024-09-14 16:09:38,566 WARNING database DDL Query made to DB:
ALTER TABLE `tabTicket` MODIFY `duration` decimal(21,9)
2024-09-14 16:14:11,838 WARNING database DDL Query made to DB:
ALTER TABLE `tabTicket` MODIFY `duration` decimal(21,9)
2024-09-14 17:40:45,832 WARNING database DDL Query made to DB:
ALTER TABLE `tabTicket` ADD COLUMN `image` text, ADD COLUMN `files` text
2024-09-14 17:40:45,871 WARNING database DDL Query made to DB:
ALTER TABLE `tabTicket` MODIFY `duration` decimal(21,9)
2024-09-14 17:44:31,604 WARNING database DDL Query made to DB:
ALTER TABLE `tabTicket` MODIFY `duration` decimal(21,9)
2024-09-14 17:45:28,523 WARNING database DDL Query made to DB:
ALTER TABLE `tabTicket` MODIFY `duration` decimal(21,9)
2024-09-14 18:20:38,055 WARNING database DDL Query made to DB:
ALTER TABLE `tabTicket` MODIFY `duration` decimal(21,9)
2024-09-14 18:38:09,860 WARNING database DDL Query made to DB:
ALTER TABLE `tabTicket` MODIFY `duration` decimal(21,9)
2024-09-14 18:56:44,715 WARNING database DDL Query made to DB:
ALTER TABLE `tabTicket` MODIFY `duration` decimal(21,9)
2024-09-14 18:57:32,509 WARNING database DDL Query made to DB:
ALTER TABLE `tabTicket` MODIFY `duration` decimal(21,9)
2024-09-14 19:49:34,947 WARNING database DDL Query made to DB:
ALTER TABLE `tabTicket` MODIFY `duration` decimal(21,9)
2024-09-15 15:53:57,435 WARNING database DDL Query made to DB:
ALTER TABLE `tabCompany` ADD UNIQUE INDEX IF NOT EXISTS email (`email`), ADD UNIQUE INDEX IF NOT EXISTS phone_number (`phone_number`)
2024-09-15 18:29:53,211 WARNING database DDL Query made to DB:
ALTER TABLE `tabTicket` MODIFY `duration` decimal(21,9)
2024-09-18 10:18:56,225 WARNING database DDL Query made to DB:
DROP TABLE IF EXISTS `tabBuilder Page Client Script`
2024-09-18 10:18:56,610 WARNING database DDL Query made to DB:
DROP TABLE IF EXISTS `tabBuilder Component`
2024-09-18 10:18:57,094 WARNING database DDL Query made to DB:
DROP TABLE IF EXISTS `tabBuilder Page`
2024-09-18 10:18:57,407 WARNING database DDL Query made to DB:
DROP TABLE IF EXISTS `tabBlock Template`
2024-09-18 10:18:57,803 WARNING database DDL Query made to DB:
DROP TABLE IF EXISTS `tabBuilder Client Script`
2024-09-18 17:32:00,458 WARNING database DDL Query made to DB:
alter table `tabDocType` add column if not exists migration_hash varchar(140)
2024-09-18 17:32:12,698 WARNING database DDL Query made to DB:
ALTER TABLE `tabDriver` MODIFY `enable` tinyint NOT NULL DEFAULT 1
2024-09-18 17:32:19,179 WARNING database DDL Query made to DB:
ALTER TABLE `tabDriver` MODIFY `enabled` tinyint NOT NULL DEFAULT 1
2024-09-18 17:32:25,106 WARNING database DDL Query made to DB:
ALTER TABLE `tabTicket` MODIFY `duration` decimal(21,9)
2024-09-18 17:35:19,897 WARNING database DDL Query made to DB:
ALTER TABLE `tabPrint Format` ADD COLUMN `print_designer_print_format` json, ADD COLUMN `print_designer_preview_img` text, ADD COLUMN `print_designer_after_table` json, ADD COLUMN `print_designer_settings` json, ADD COLUMN `print_designer_header` json, ADD COLUMN `print_designer_footer` json, ADD COLUMN `print_designer_body` json, ADD COLUMN `print_designer` tinyint NOT NULL DEFAULT 0, ADD COLUMN `print_designer_template_app` varchar(140) DEFAULT 'print_designer'
2024-09-18 17:35:19,938 WARNING database DDL Query made to DB:
ALTER TABLE `tabPrint Format` MODIFY `print_format_builder_beta` tinyint NOT NULL DEFAULT 0, MODIFY `disabled` tinyint NOT NULL DEFAULT 0, MODIFY `align_labels_right` tinyint NOT NULL DEFAULT 0, MODIFY `custom_format` tinyint NOT NULL DEFAULT 0, MODIFY `line_breaks` tinyint NOT NULL DEFAULT 0, MODIFY `font_size` int NOT NULL DEFAULT 14, MODIFY `margin_left` decimal(21,9) NOT NULL DEFAULT 15.0, MODIFY `margin_bottom` decimal(21,9) NOT NULL DEFAULT 15.0, MODIFY `margin_top` decimal(21,9) NOT NULL DEFAULT 15.0, MODIFY `print_format_builder` tinyint NOT NULL DEFAULT 0, MODIFY `show_section_headings` tinyint NOT NULL DEFAULT 0, MODIFY `margin_right` decimal(21,9) NOT NULL DEFAULT 15.0, MODIFY `raw_printing` tinyint NOT NULL DEFAULT 0, MODIFY `absolute_value` tinyint NOT NULL DEFAULT 0
2024-09-19 00:52:46,250 WARNING database DDL Query made to DB:
ALTER TABLE `tabTicket` ADD COLUMN `amount` decimal(21,9) NOT NULL DEFAULT 0.0
2024-09-19 00:52:46,319 WARNING database DDL Query made to DB:
ALTER TABLE `tabTicket` MODIFY `duration` decimal(21,9)
2024-09-19 12:35:20,368 WARNING database DDL Query made to DB:
ALTER TABLE `tabTicket` MODIFY `duration` decimal(21,9), MODIFY `amount` decimal(21,9) NOT NULL DEFAULT 0.0
2024-09-19 12:36:56,316 WARNING database DDL Query made to DB:
ALTER TABLE `tabTicket` MODIFY `amount` decimal(21,9) NOT NULL DEFAULT 0.0, MODIFY `duration` decimal(21,9)
2024-09-19 13:20:45,353 WARNING database DDL Query made to DB:
ALTER TABLE `tabTicket` MODIFY `duration` decimal(21,9), MODIFY `amount` decimal(21,9) NOT NULL DEFAULT 0.0
2024-09-19 13:21:21,384 WARNING database DDL Query made to DB:
ALTER TABLE `tabTicket` MODIFY `amount` decimal(21,9) NOT NULL DEFAULT 0.0
2024-09-19 13:30:18,070 WARNING database DDL Query made to DB:
ALTER TABLE `tabTicket` MODIFY `amount` decimal(21,9) NOT NULL DEFAULT 0.0
2024-09-19 13:34:50,993 WARNING database DDL Query made to DB:
ALTER TABLE `tabTicket` MODIFY `amount` decimal(21,9) NOT NULL DEFAULT 0.0
2024-09-19 13:35:02,963 WARNING database DDL Query made to DB:
ALTER TABLE `tabTicket` MODIFY `amount` decimal(21,9) NOT NULL DEFAULT 0.0
2024-09-19 16:10:32,273 WARNING database DDL Query made to DB:
create table `tabCustomer Support Ticket` (
			name varchar(140) primary key,
			creation datetime(6),
			modified datetime(6),
			modified_by varchar(140),
			owner varchar(140),
			docstatus tinyint not null default '0',
			idx int not null default '0',
			`_user_tags` text,
`_comments` text,
`_assign` text,
`_liked_by` text,
index creation(creation))
			ENGINE=InnoDB
			ROW_FORMAT=DYNAMIC
			CHARACTER SET=utf8mb4
			COLLATE=utf8mb4_unicode_ci
2024-09-19 16:15:07,684 WARNING database DDL Query made to DB:
ALTER TABLE `tabProcedure Type` ADD COLUMN `procedure_type` varchar(140)
2024-09-19 16:20:18,781 WARNING database DDL Query made to DB:
ALTER TABLE `tabTicket` MODIFY `amount` decimal(21,9) NOT NULL DEFAULT 0.0
2024-09-19 16:20:19,083 WARNING database DDL Query made to DB:
RENAME TABLE `tabProcedure Type` TO `tabProcedure`
2024-09-19 16:21:40,706 WARNING database DDL Query made to DB:
ALTER TABLE `tabProcedure` ADD INDEX `procedure_type_index`(`procedure_type`)
2024-09-19 17:24:05,657 WARNING database DDL Query made to DB:
ALTER TABLE `tabCustomer Support Ticket` ADD COLUMN `procedure_type` varchar(140)
2024-09-19 17:29:05,945 WARNING database DDL Query made to DB:
create table `tabProcedure Type` (
			name varchar(140) primary key,
			creation datetime(6),
			modified datetime(6),
			modified_by varchar(140),
			owner varchar(140),
			docstatus tinyint not null default '0',
			idx int not null default '0',
			`_user_tags` text,
`_comments` text,
`_assign` text,
`_liked_by` text,
index creation(creation))
			ENGINE=InnoDB
			ROW_FORMAT=DYNAMIC
			CHARACTER SET=utf8mb4
			COLLATE=utf8mb4_unicode_ci
2024-09-19 17:30:30,962 WARNING database DDL Query made to DB:
create sequence if not exists procedure_type_id_seq nocache nocycle
2024-09-19 17:30:31,043 WARNING database DDL Query made to DB:
ALTER TABLE `tabProcedure Type` MODIFY `name` bigint
2024-09-19 17:30:31,146 WARNING database DDL Query made to DB:
ALTER TABLE `tabProcedure Type` ADD COLUMN `procedure_type` varchar(140)
2024-09-19 17:30:31,200 WARNING database DDL Query made to DB:
ALTER TABLE `tabProcedure Type` ADD INDEX `procedure_type_index`(`procedure_type`)
2024-09-19 17:45:51,674 WARNING database DDL Query made to DB:
ALTER TABLE `tabCustomer Support Ticket` ADD COLUMN `ticket_type` varchar(140)
2024-09-19 18:12:00,456 WARNING database DDL Query made to DB:
ALTER TABLE `tabCustomer Support Ticket` ADD COLUMN `procedure_name` varchar(140)
2024-09-20 00:22:48,454 WARNING database DDL Query made to DB:
ALTER TABLE `tabProcedure Type` DROP INDEX `procedure_type_index`
2024-09-20 00:29:11,976 WARNING database DDL Query made to DB:
ALTER TABLE `tabCustomer Support Ticket` ADD COLUMN `status` varchar(140)
2024-09-20 00:43:49,096 WARNING database DDL Query made to DB:
ALTER TABLE `tabCustomer Support Ticket` ADD COLUMN `company` varchar(140)
2024-09-20 00:45:43,355 WARNING database DDL Query made to DB:
ALTER TABLE `tabCustomer Support Ticket` ADD COLUMN `truck` varchar(140), ADD COLUMN `tail` varchar(140), ADD COLUMN `machine` varchar(140)
2024-09-20 01:04:12,970 WARNING database DDL Query made to DB:
ALTER TABLE `tabProcedure Type` MODIFY `name` varchar(140)
2024-09-20 01:17:42,668 WARNING database DDL Query made to DB:
ALTER TABLE `tabCustomer Support Ticket` ADD COLUMN `amount` decimal(21,9) NOT NULL DEFAULT 0.0
2024-09-20 01:18:08,603 WARNING database DDL Query made to DB:
ALTER TABLE `tabCustomer Support Ticket` MODIFY `amount` decimal(21,9) NOT NULL DEFAULT 0.0
2024-09-20 01:25:33,216 WARNING database DDL Query made to DB:
ALTER TABLE `tabCustomer Support Ticket` ADD COLUMN `notes` longtext
2024-09-20 01:25:33,256 WARNING database DDL Query made to DB:
ALTER TABLE `tabCustomer Support Ticket` MODIFY `amount` decimal(21,9) NOT NULL DEFAULT 0.0
2024-09-20 01:28:18,107 WARNING database DDL Query made to DB:
ALTER TABLE `tabCustomer Support Ticket` MODIFY `amount` decimal(21,9) NOT NULL DEFAULT 0.0
2024-09-20 01:29:33,564 WARNING database DDL Query made to DB:
ALTER TABLE `tabCustomer Support Ticket` MODIFY `amount` decimal(21,9) NOT NULL DEFAULT 0.0
2024-09-20 01:30:00,199 WARNING database DDL Query made to DB:
ALTER TABLE `tabCustomer Support Ticket` MODIFY `amount` decimal(21,9) NOT NULL DEFAULT 0.0
2024-09-20 01:31:38,099 WARNING database DDL Query made to DB:
ALTER TABLE `tabCustomer Support Ticket` MODIFY `amount` decimal(21,9) NOT NULL DEFAULT 0.0
2024-09-20 01:32:30,279 WARNING database DDL Query made to DB:
ALTER TABLE `tabCustomer Support Ticket` MODIFY `amount` decimal(21,9) NOT NULL DEFAULT 0.0
2024-09-20 01:32:59,311 WARNING database DDL Query made to DB:
ALTER TABLE `tabCustomer Support Ticket` MODIFY `amount` decimal(21,9) NOT NULL DEFAULT 0.0
2024-09-20 01:33:50,647 WARNING database DDL Query made to DB:
ALTER TABLE `tabCustomer Support Ticket` MODIFY `amount` decimal(21,9) NOT NULL DEFAULT 0.0
2024-09-20 01:34:59,305 WARNING database DDL Query made to DB:
ALTER TABLE `tabCustomer Support Ticket` MODIFY `amount` decimal(21,9) NOT NULL DEFAULT 0.0
2024-09-20 01:51:36,182 WARNING database DDL Query made to DB:
ALTER TABLE `tabCustomer Support Ticket` MODIFY `amount` decimal(21,9) NOT NULL DEFAULT 0.0
2024-09-20 14:46:56,269 WARNING database DDL Query made to DB:
ALTER TABLE `tabCustomer Support Ticket` MODIFY `amount` decimal(21,9) NOT NULL DEFAULT 0.0
2024-09-20 15:07:36,317 WARNING database DDL Query made to DB:
create table `tabTicket Event` (
			name varchar(140) primary key,
			creation datetime(6),
			modified datetime(6),
			modified_by varchar(140),
			owner varchar(140),
			docstatus tinyint not null default '0',
			idx int not null default '0',
			`_user_tags` text,
`_comments` text,
`_assign` text,
`_liked_by` text,
index creation(creation))
			ENGINE=InnoDB
			ROW_FORMAT=DYNAMIC
			CHARACTER SET=utf8mb4
			COLLATE=utf8mb4_unicode_ci
2024-09-20 15:08:31,773 WARNING database DDL Query made to DB:
ALTER TABLE `tabTicket Event` ADD COLUMN `event` varchar(140) UNIQUE
2024-09-20 15:08:31,775 WARNING database DDL Query made to DB:
ALTER TABLE `tabTicket Event` ADD UNIQUE INDEX IF NOT EXISTS event (`event`)
2024-09-20 15:21:45,397 WARNING database DDL Query made to DB:
ALTER TABLE `tabCustomer Support Ticket` ADD COLUMN `ticket_event` varchar(140)
2024-09-20 15:21:45,442 WARNING database DDL Query made to DB:
ALTER TABLE `tabCustomer Support Ticket` MODIFY `amount` decimal(21,9) NOT NULL DEFAULT 0.0
2024-09-20 15:22:26,900 WARNING database DDL Query made to DB:
ALTER TABLE `tabCustomer Support Ticket` MODIFY `amount` decimal(21,9) NOT NULL DEFAULT 0.0
2024-09-20 15:36:28,332 WARNING database DDL Query made to DB:
ALTER TABLE `tabTruck` MODIFY `name` varchar(140)
2024-09-20 15:50:29,025 WARNING database DDL Query made to DB:
ALTER TABLE `tabTruck` MODIFY `truck_letters` varchar(3)
2024-09-20 21:50:06,905 WARNING database DDL Query made to DB:
ALTER TABLE `tabTruck` MODIFY `truck_letters` varchar(5)
2024-09-20 22:06:11,372 WARNING database DDL Query made to DB:
ALTER TABLE `tabMachine` MODIFY `name` varchar(140)
2024-09-20 22:16:03,279 WARNING database DDL Query made to DB:
ALTER TABLE `tabCompany` MODIFY `name` varchar(140)
2024-09-20 22:21:50,122 WARNING database DDL Query made to DB:
ALTER TABLE `tabCustomer Support Ticket` MODIFY `amount` decimal(21,9) NOT NULL DEFAULT 0.0
2024-09-20 22:24:58,816 WARNING database DDL Query made to DB:
ALTER TABLE `tabCustomer Support Ticket` MODIFY `amount` decimal(21,9) NOT NULL DEFAULT 0.0
2024-09-20 22:25:26,397 WARNING database DDL Query made to DB:
ALTER TABLE `tabCustomer Support Ticket` MODIFY `amount` decimal(21,9) NOT NULL DEFAULT 0.0
2024-09-20 22:25:48,838 WARNING database DDL Query made to DB:
ALTER TABLE `tabCustomer Support Ticket` MODIFY `amount` decimal(21,9) NOT NULL DEFAULT 0.0
2024-09-20 22:50:09,594 WARNING database DDL Query made to DB:
ALTER TABLE `tabCustomer Support Ticket` MODIFY `amount` decimal(21,9) NOT NULL DEFAULT 0.0
2024-09-21 01:00:11,248 WARNING database DDL Query made to DB:
ALTER TABLE `tabCustomer Support Ticket` MODIFY `amount` decimal(21,9) NOT NULL DEFAULT 0.0
2024-09-21 02:03:54,719 WARNING database DDL Query made to DB:
ALTER TABLE `tabCustomer Support Ticket` MODIFY `notes` text, MODIFY `amount` decimal(21,9) NOT NULL DEFAULT 0.0
2024-09-21 13:01:29,615 WARNING database DDL Query made to DB:
ALTER TABLE `tabCustomer Support Ticket` MODIFY `amount` decimal(21,9) NOT NULL DEFAULT 0.0
2024-09-21 13:50:01,099 WARNING database DDL Query made to DB:
ALTER TABLE `tabCustomer Support Ticket` MODIFY `amount` decimal(21,9) NOT NULL DEFAULT 0.0
2024-09-21 13:51:09,027 WARNING database DDL Query made to DB:
ALTER TABLE `tabCustomer Support Ticket` MODIFY `amount` decimal(21,9) NOT NULL DEFAULT 0.0
2024-09-21 23:09:37,573 WARNING database DDL Query made to DB:
alter table `tabDocType` add column if not exists migration_hash varchar(140)
2024-09-21 23:09:42,377 WARNING database DDL Query made to DB:
ALTER TABLE `tabDriver` MODIFY `enable` tinyint NOT NULL DEFAULT 1
2024-09-21 23:09:44,802 WARNING database DDL Query made to DB:
ALTER TABLE `tabDriver` MODIFY `enabled` tinyint NOT NULL DEFAULT 1
2024-09-21 23:09:45,534 WARNING database DDL Query made to DB:
ALTER TABLE `tabCustomer Support Ticket` MODIFY `amount` decimal(21,9) NOT NULL DEFAULT 0.0
2024-09-21 23:09:47,670 WARNING database DDL Query made to DB:
ALTER TABLE `tabTicket` MODIFY `amount` decimal(21,9) NOT NULL DEFAULT 0.0
2024-09-22 09:56:22,385 WARNING database DDL Query made to DB:
ALTER TABLE `tabProcedure Type` ADD COLUMN `type` varchar(140)
2024-09-22 22:59:27,809 WARNING database DDL Query made to DB:
ALTER TABLE `tabCustomer Support Ticket` MODIFY `amount` decimal(21,9) NOT NULL DEFAULT 0.0
2024-09-22 22:59:37,228 WARNING database DDL Query made to DB:
ALTER TABLE `tabCustomer Support Ticket` MODIFY `amount` decimal(21,9) NOT NULL DEFAULT 0.0
2024-09-22 23:02:38,132 WARNING database DDL Query made to DB:
ALTER TABLE `tabCustomer Support Ticket` MODIFY `amount` decimal(21,9) NOT NULL DEFAULT 0.0
2024-09-22 23:04:12,037 WARNING database DDL Query made to DB:
ALTER TABLE `tabCustomer Support Ticket` MODIFY `amount` decimal(21,9) NOT NULL DEFAULT 0.0
2024-09-22 23:24:58,592 WARNING database DDL Query made to DB:
ALTER TABLE `tabCustomer Support Ticket` MODIFY `amount` decimal(21,9) NOT NULL DEFAULT 0.0
2024-09-22 23:26:08,986 WARNING database DDL Query made to DB:
ALTER TABLE `tabCustomer Support Ticket` MODIFY `amount` decimal(21,9) NOT NULL DEFAULT 0.0
2024-09-22 23:58:34,838 WARNING database DDL Query made to DB:
alter table `tabDocType` add column if not exists migration_hash varchar(140)
2024-09-22 23:58:44,703 WARNING database DDL Query made to DB:
ALTER TABLE `tabDriver` MODIFY `enable` tinyint NOT NULL DEFAULT 1
2024-09-22 23:58:53,133 WARNING database DDL Query made to DB:
ALTER TABLE `tabDriver` MODIFY `enabled` tinyint NOT NULL DEFAULT 1
2024-09-22 23:58:55,599 WARNING database DDL Query made to DB:
ALTER TABLE `tabCustomer Support Ticket` MODIFY `amount` decimal(21,9) NOT NULL DEFAULT 0.0
2024-09-23 11:41:39,627 WARNING database DDL Query made to DB:
ALTER TABLE `tabCustomer Support Ticket` ADD COLUMN `priority` varchar(140)
2024-09-23 11:41:39,699 WARNING database DDL Query made to DB:
ALTER TABLE `tabCustomer Support Ticket` MODIFY `amount` decimal(21,9) NOT NULL DEFAULT 0.0
2024-09-23 11:52:28,220 WARNING database DDL Query made to DB:
ALTER TABLE `tabCustomer Support Ticket` MODIFY `amount` decimal(21,9) NOT NULL DEFAULT 0.0
2024-09-23 11:55:12,839 WARNING database DDL Query made to DB:
ALTER TABLE `tabCustomer Support Ticket` MODIFY `amount` decimal(21,9) NOT NULL DEFAULT 0.0
2024-09-23 11:59:12,748 WARNING database DDL Query made to DB:
ALTER TABLE `tabCustomer Support Ticket` MODIFY `amount` decimal(21,9) NOT NULL DEFAULT 0.0
2024-09-23 12:34:47,268 WARNING database DDL Query made to DB:
ALTER TABLE `tabCustomer Support Ticket` MODIFY `amount` decimal(21,9) NOT NULL DEFAULT 0.0
2024-09-23 12:35:41,401 WARNING database DDL Query made to DB:
ALTER TABLE `tabCustomer Support Ticket` MODIFY `amount` decimal(21,9) NOT NULL DEFAULT 0.0
2024-09-23 12:35:52,597 WARNING database DDL Query made to DB:
ALTER TABLE `tabCustomer Support Ticket` MODIFY `amount` decimal(21,9) NOT NULL DEFAULT 0.0
2024-09-23 18:05:14,743 WARNING database DDL Query made to DB:
ALTER TABLE `tabCustomer Support Ticket` MODIFY `amount` decimal(21,9) NOT NULL DEFAULT 0.0
2024-09-23 18:09:25,480 WARNING database DDL Query made to DB:
ALTER TABLE `tabCustomer Support Ticket` MODIFY `amount` decimal(21,9) NOT NULL DEFAULT 0.0
2024-09-23 18:11:32,591 WARNING database DDL Query made to DB:
ALTER TABLE `tabCustomer Support Ticket` MODIFY `priority` varchar(140) DEFAULT 'Normal', MODIFY `amount` decimal(21,9) NOT NULL DEFAULT 0.0
2024-09-23 19:53:32,853 WARNING database DDL Query made to DB:
ALTER TABLE `tabCustomer Support Ticket` MODIFY `amount` decimal(21,9) NOT NULL DEFAULT 0.0
2024-09-23 19:56:34,573 WARNING database DDL Query made to DB:
ALTER TABLE `tabCustomer Support Ticket` MODIFY `amount` decimal(21,9) NOT NULL DEFAULT 0.0
2024-09-23 20:01:26,208 WARNING database DDL Query made to DB:
ALTER TABLE `tabCustomer Support Ticket` MODIFY `amount` decimal(21,9) NOT NULL DEFAULT 0.0
2024-09-23 20:52:21,462 WARNING database DDL Query made to DB:
ALTER TABLE `tabCustomer Support Ticket` MODIFY `amount` decimal(21,9) NOT NULL DEFAULT 0.0
2024-09-23 20:54:13,889 WARNING database DDL Query made to DB:
ALTER TABLE `tabCustomer Support Ticket` MODIFY `amount` decimal(21,9) NOT NULL DEFAULT 0.0
2024-09-23 20:58:09,589 WARNING database DDL Query made to DB:
ALTER TABLE `tabCustomer Support Ticket` MODIFY `amount` decimal(21,9) NOT NULL DEFAULT 0.0
2024-09-23 21:00:15,398 WARNING database DDL Query made to DB:
ALTER TABLE `tabCustomer Support Ticket` MODIFY `amount` decimal(21,9) NOT NULL DEFAULT 0.0
2024-09-23 21:01:43,577 WARNING database DDL Query made to DB:
ALTER TABLE `tabCustomer Support Ticket` MODIFY `amount` decimal(21,9) NOT NULL DEFAULT 0.0
2024-09-23 21:03:00,181 WARNING database DDL Query made to DB:
ALTER TABLE `tabCustomer Support Ticket` MODIFY `amount` decimal(21,9) NOT NULL DEFAULT 0.0
2024-09-23 21:07:12,610 WARNING database DDL Query made to DB:
ALTER TABLE `tabCustomer Support Ticket` MODIFY `amount` decimal(21,9) NOT NULL DEFAULT 0.0
2024-09-23 21:10:12,540 WARNING database DDL Query made to DB:
ALTER TABLE `tabCustomer Support Ticket` MODIFY `amount` decimal(21,9) NOT NULL DEFAULT 0.0
2024-09-23 21:11:04,265 WARNING database DDL Query made to DB:
ALTER TABLE `tabCustomer Support Ticket` MODIFY `amount` decimal(21,9) NOT NULL DEFAULT 0.0
2024-09-23 21:27:44,419 WARNING database DDL Query made to DB:
ALTER TABLE `tabCustomer Support Ticket` MODIFY `amount` decimal(21,9) NOT NULL DEFAULT 0.0
2024-09-23 21:29:22,186 WARNING database DDL Query made to DB:
ALTER TABLE `tabCustomer Support Ticket` MODIFY `amount` decimal(21,9) NOT NULL DEFAULT 0.0
2024-09-23 21:30:29,007 WARNING database DDL Query made to DB:
ALTER TABLE `tabCustomer Support Ticket` MODIFY `amount` decimal(21,9) NOT NULL DEFAULT 0.0
2024-09-23 21:33:12,052 WARNING database DDL Query made to DB:
ALTER TABLE `tabCustomer Support Ticket` ADD COLUMN `event_code` varchar(140)
2024-09-23 21:33:12,093 WARNING database DDL Query made to DB:
ALTER TABLE `tabCustomer Support Ticket` MODIFY `amount` decimal(21,9) NOT NULL DEFAULT 0.0
2024-09-23 21:34:01,797 WARNING database DDL Query made to DB:
ALTER TABLE `tabCustomer Support Ticket` MODIFY `amount` decimal(21,9) NOT NULL DEFAULT 0.0
2024-09-24 18:53:26,841 WARNING database DDL Query made to DB:
ALTER TABLE `tabCustomer Support Ticket` MODIFY `amount` decimal(21,9) NOT NULL DEFAULT 0.0
2024-09-24 19:42:35,224 WARNING database DDL Query made to DB:
ALTER TABLE `tabCustomer Support Ticket` ADD COLUMN `created_by` varchar(140)
2024-09-24 19:42:35,265 WARNING database DDL Query made to DB:
ALTER TABLE `tabCustomer Support Ticket` MODIFY `amount` decimal(21,9) NOT NULL DEFAULT 0.0
2024-09-24 19:43:33,446 WARNING database DDL Query made to DB:
ALTER TABLE `tabCustomer Support Ticket` MODIFY `amount` decimal(21,9) NOT NULL DEFAULT 0.0
2024-09-24 23:26:55,079 WARNING database DDL Query made to DB:
ALTER TABLE `tabCustomer Support Ticket` MODIFY `amount` decimal(21,9) NOT NULL DEFAULT 0.0
2024-09-24 23:31:17,117 WARNING database DDL Query made to DB:
ALTER TABLE `tabCustomer Support Ticket` MODIFY `amount` decimal(21,9) NOT NULL DEFAULT 0.0
2024-09-24 23:31:59,568 WARNING database DDL Query made to DB:
ALTER TABLE `tabCustomer Support Ticket` MODIFY `amount` decimal(21,9) NOT NULL DEFAULT 0.0
2024-09-24 23:36:49,941 WARNING database DDL Query made to DB:
ALTER TABLE `tabCustomer Support Ticket` MODIFY `amount` decimal(21,9) NOT NULL DEFAULT 0.0
2024-09-26 14:23:49,046 WARNING database DDL Query made to DB:
ALTER TABLE `tabCustomer Support Ticket` MODIFY `amount` decimal(21,9) NOT NULL DEFAULT 0.0
2024-09-26 14:26:08,947 WARNING database DDL Query made to DB:
ALTER TABLE `tabLanguage` MODIFY `enabled` tinyint NOT NULL DEFAULT 1
