2024-08-23 01:17:34,267 ERROR frappe New Exception collected in error log
Site: main.local
Form Dict: {'fields': '[*]'}
2024-08-23 01:17:57,863 ERROR frappe New Exception collected in error log
Site: main.local
Form Dict: {'fields': "['*']"}
2024-08-24 14:47:09,924 ERROR frappe New Exception collected in error log
Site: main.local
Form Dict: {'doc': '{"name":1,"owner":"Administrator","creation":"2024-08-23 01:44:56.161093","modified":"2024-08-23 01:44:56.161093","modified_by":"Administrator","docstatus":0,"idx":0,"make":"BMW","year":2001,"color":"red","modal":"S30","license_plate":"null","doctype":"Vehicles","__last_sync_on":"2024-08-24T11:55:22.856Z","__unsaved":1}', 'action': 'Save', 'cmd': 'frappe.desk.form.save.savedocs'}
2024-08-26 13:35:47,823 ERROR frappe New Exception collected in error log
Site: main.local
Form Dict: {'cmd': 'drive.api.storage.get_max_storage'}
2024-08-30 13:39:26,402 ERROR frappe New Exception collected in error log
Site: main.local
Form Dict: {'doc': '{"docstatus":0,"doctype":"Vehicle","name":"new-vehicle-ewvqdudvyz","__islocal":1,"__unsaved":1,"owner":"Administrator","is_published":1,"status":"Active","__run_link_triggers":false,"title":"Mercedese Benz  E200 red, 2005","make":"Mercedese Benz ","year":2010,"color":"blue","insurance_expiry":"2024-10-31","model":"C200","license_plate":"EMA-122235","route":"","vehicle_image":"","condition":0.8,"creation":"","modified_by":"Administrator","modified":"","lft":null,"rgt":null,"idx":null}', 'action': 'Save', 'cmd': 'frappe.desk.form.save.savedocs'}
2024-08-30 13:39:36,577 ERROR frappe New Exception collected in error log
Site: main.local
Form Dict: {'doc': '{"docstatus":0,"doctype":"Vehicle","name":"new-vehicle-ewvqdudvyz","__islocal":1,"__unsaved":1,"owner":"Administrator","is_published":1,"status":"Active","__run_link_triggers":false,"title":"Mercedese Benz  E200 red, 2005","make":"Mercedese Benz ","year":2010,"color":"blue","insurance_expiry":"2024-10-31","model":"C200","license_plate":"EMA-122235","route":"","vehicle_image":"","condition":0.8,"creation":"","modified_by":"Administrator","modified":"","lft":null,"rgt":null,"idx":null}', 'action': 'Save', 'cmd': 'frappe.desk.form.save.savedocs'}
2024-08-30 13:41:05,235 ERROR frappe New Exception collected in error log
Site: main.local
Form Dict: {'doc': '{"docstatus":0,"doctype":"Vehicle","name":"new-vehicle-dxdoeekvqz","__islocal":1,"__unsaved":1,"owner":"Administrator","is_published":1,"status":"Active","make":"Fiat","year":2012,"color":"Orange","insurance_expiry":"2024-09-24","model":"UNO 56","license_plate":"LKJ-123654","vehicle_image":"/private/files/gh-logo-300x250-yellow.png"}', 'action': 'Save', 'cmd': 'frappe.desk.form.save.savedocs'}
2024-08-30 13:41:38,756 ERROR frappe New Exception collected in error log
Site: main.local
Form Dict: {'doc': '{"docstatus":0,"doctype":"Vehicle","name":"new-vehicle-phtnyhasea","__islocal":1,"__unsaved":1,"owner":"Administrator","is_published":1,"status":"Active","__run_link_triggers":false,"title":"Mercedese Benz  E200 red, 2005","make":"Mercedese Benz ","year":2010,"color":"blue","insurance_expiry":"2024-09-10","model":"E200","license_plate":"EMA-12322134","vehicle_image":"/private/files/_71c13234-4cff-4a3e-88c8-1a2a16ce0808.jpeg","condition":0.8,"creation":"","modified_by":"Administrator","modified":"","lft":null,"rgt":null,"idx":null}', 'action': 'Save', 'cmd': 'frappe.desk.form.save.savedocs'}
2024-08-30 13:42:17,797 ERROR frappe New Exception collected in error log
Site: main.local
Form Dict: {'doc': '{"docstatus":0,"doctype":"Vehicle","name":"new-vehicle-rwlnaxfzef","__islocal":1,"__unsaved":1,"owner":"Administrator","is_published":0,"status":"Active","make":"Fiat","year":2012,"color":"Orange","insurance_expiry":"2024-10-31","model":"UNU","license_plate":"PLK-5521254"}', 'action': 'Save', 'cmd': 'frappe.desk.form.save.savedocs'}
2024-08-30 13:42:51,565 ERROR frappe New Exception collected in error log
Site: main.local
Form Dict: {'doc': '{"docstatus":0,"doctype":"Vehicle","name":"new-vehicle-nhawgbfopn","__islocal":1,"__unsaved":1,"owner":"Administrator","is_published":1,"status":"Active","__run_link_triggers":false,"title":"Mercedese Benz  E200 red, 2005","make":"Fiat","year":2005,"color":"red","insurance_expiry":"2024-09-02","model":"UNU","license_plate":"EMA-1236523","vehicle_image":"/private/files/_71c13234-4cff-4a3e-88c8-1a2a16ce0808.jpeg","condition":0.8,"creation":"","modified_by":"Administrator","modified":"","lft":null,"rgt":null,"idx":null}', 'action': 'Save', 'cmd': 'frappe.desk.form.save.savedocs'}
2024-08-30 13:45:06,991 ERROR frappe New Exception collected in error log
Site: main.local
Form Dict: {'doc': '{"docstatus":0,"doctype":"Vehicle","name":"new-vehicle-nhawgbfopn","__islocal":1,"__unsaved":1,"owner":"Administrator","is_published":1,"status":"Active","__run_link_triggers":false,"title":"Mercedese Benz  E200 red, 2005","make":"Fiat","year":2005,"color":"red","insurance_expiry":"2024-09-02","model":"UNU","license_plate":"EMA-1236523","vehicle_image":"/private/files/_71c13234-4cff-4a3e-88c8-1a2a16ce0808.jpeg","condition":0.8,"creation":"","modified_by":"Administrator","modified":"","lft":null,"rgt":null,"idx":null}', 'action': 'Save', 'cmd': 'frappe.desk.form.save.savedocs'}
2024-08-30 14:04:26,451 ERROR frappe New Exception collected in error log
Site: main.local
Form Dict: {'doc': '{"docstatus":0,"doctype":"Vehicle","name":"new-vehicle-vqzlwmnrvl","__islocal":1,"__unsaved":1,"owner":"Administrator","is_published":0,"status":"Active","make":"Fiat","year":2012,"color":"Orange","insurance_expiry":"2024-09-30","model":"UNU","license_plate":"PLK-32654"}', 'action': 'Save', 'cmd': 'frappe.desk.form.save.savedocs'}
2024-08-30 14:06:12,479 ERROR frappe New Exception collected in error log
Site: main.local
Form Dict: {'doc': '{"docstatus":0,"doctype":"Vehicle","name":"new-vehicle-myhujbarag","__islocal":1,"__unsaved":1,"owner":"Administrator","is_published":0,"status":"Active","make":"Fiat","year":2012,"color":"Blue","insurance_expiry":"2024-10-31","model":"UNU","license_plate":"PLK-33265521"}', 'action': 'Save', 'cmd': 'frappe.desk.form.save.savedocs'}
2024-08-30 14:06:48,138 ERROR frappe New Exception collected in error log
Site: main.local
Form Dict: {'doc': '{"docstatus":0,"doctype":"Vehicle","name":"new-vehicle-jtwzyronhy","__islocal":1,"__unsaved":1,"owner":"Administrator","is_published":0,"status":"Active","make":"Fiat","year":2012,"color":"Orange","insurance_expiry":"2024-09-30","model":"UNU","license_plate":"PLK-3365214"}', 'action': 'Save', 'cmd': 'frappe.desk.form.save.savedocs'}
2024-08-30 14:07:30,051 ERROR frappe New Exception collected in error log
Site: main.local
Form Dict: {'doc': '{"docstatus":0,"doctype":"Vehicle","name":"new-vehicle-skijmaeuhj","__islocal":1,"__unsaved":1,"owner":"Administrator","is_published":1,"status":"Active","__run_link_triggers":false,"title":"Mercedese Benz  E200 red, 2005","make":"Mercedese Celender","year":2005,"color":"Orange","insurance_expiry":"2024-09-02","model":"E200","license_plate":"EMA-1236654","vehicle_image":"/private/files/_71c13234-4cff-4a3e-88c8-1a2a16ce0808.jpeg","condition":0.8,"creation":"","modified_by":"Administrator","modified":"","lft":null,"rgt":null,"idx":null}', 'action': 'Save', 'cmd': 'frappe.desk.form.save.savedocs'}
2024-08-30 14:08:36,975 ERROR frappe New Exception collected in error log
Site: main.local
Form Dict: {'doc': '{"docstatus":0,"doctype":"Vehicle","name":"new-vehicle-skijmaeuhj","__islocal":1,"__unsaved":1,"owner":"Administrator","is_published":1,"status":"Active","__run_link_triggers":false,"title":"Mercedese Benz  E200 red, 2005","make":"Mercedese Celender","year":2005,"color":"Orange","insurance_expiry":"2024-09-02","model":"E200","license_plate":"EMA-1236654","vehicle_image":"/private/files/_71c13234-4cff-4a3e-88c8-1a2a16ce0808.jpeg","condition":0.8,"creation":"","modified_by":"Administrator","modified":"","lft":null,"rgt":null,"idx":null}', 'action': 'Save', 'cmd': 'frappe.desk.form.save.savedocs'}
2024-08-30 14:22:49,636 ERROR frappe New Exception collected in error log
Site: main.local
Form Dict: {'doc': '{"docstatus":0,"doctype":"Vehicle","name":"new-vehicle-rlzgphcofk","__islocal":1,"__unsaved":1,"owner":"Administrator","is_published":0,"status":"Active","make":"Fiat","year":2015,"color":"Orange","insurance_expiry":"2024-09-30","model":"UNU","license_plate":"PLK-653265"}', 'action': 'Save', 'cmd': 'frappe.desk.form.save.savedocs'}
2024-08-30 14:28:32,504 ERROR frappe New Exception collected in error log
Site: main.local
Form Dict: {'doc': '{"docstatus":0,"doctype":"Vehicle","name":"new-vehicle-eygvapipoh","__islocal":1,"__unsaved":1,"owner":"Administrator","is_published":0,"status":"Active","make":"Mercedese Benz ","year":2001,"color":"Orange","insurance_expiry":"2024-10-31","model":"Mod-50","license_plate":"PLK-12365"}', 'action': 'Save', 'cmd': 'frappe.desk.form.save.savedocs'}
2024-08-30 14:33:23,917 ERROR frappe New Exception collected in error log
Site: main.local
Form Dict: {'doc': '{"docstatus":0,"doctype":"Vehicle","name":"new-vehicle-jdpppllsvm","__islocal":1,"__unsaved":1,"owner":"Administrator","is_published":1,"status":"Active","make":"Mercedese Benz ","year":2015,"color":"Orange","insurance_expiry":"2024-09-30","model":"S50","license_plate":"PLK-123"}', 'action': 'Save', 'cmd': 'frappe.desk.form.save.savedocs'}
2024-08-30 14:37:33,958 ERROR frappe New Exception collected in error log
Site: main.local
Form Dict: {'doc': '{"docstatus":0,"doctype":"Vehicle","name":"new-vehicle-yxpuncjeuy","__islocal":1,"__unsaved":1,"owner":"Administrator","is_published":1,"status":"Active","make":"test","year":2015,"color":"red","insurance_expiry":"2024-09-26","model":"test","license_plate":"text"}', 'action': 'Save', 'cmd': 'frappe.desk.form.save.savedocs'}
2024-08-31 18:54:12,337 ERROR frappe New Exception collected in error log
Site: main.local
Form Dict: {'doc': '{"docstatus":0,"doctype":"Vehicle","name":"new-vehicle-ehhkyphlgk","__islocal":1,"__unsaved":1,"owner":"Administrator","is_published":0,"status":"Active","make":"BMW","year":2012,"color":"blue","insurance_expiry":"2024-09-30","model":"530i","license_plate":"lkj-65321"}', 'action': 'Save', 'cmd': 'frappe.desk.form.save.savedocs'}
2024-08-31 19:14:46,695 ERROR frappe New Exception collected in error log
Site: main.local
Form Dict: {'doc': '{"docstatus":0,"doctype":"Vehicle","name":"new-vehicle-kcpahcvmtz","__islocal":1,"__unsaved":1,"owner":"Administrator","is_published":0,"make":"BMW","year":2021,"color":"Blue","model":"530i","plate_number":"PLT-12365"}', 'action': 'Save', 'cmd': 'frappe.desk.form.save.savedocs'}
2024-08-31 23:55:34,083 ERROR frappe New Exception collected in error log
Site: main.local
Form Dict: {'doc': '{"name":"Notifications","owner":"Administrator","creation":"2024-08-21 19:43:14.568545","modified":"2024-08-21 19:43:14.568545","modified_by":"Administrator","docstatus":0,"idx":0,"email_id":"notifications@example.com","email_account_name":"Notifications","enable_incoming":1,"enable_outgoing":1,"service":"Frappe Mail","domain":null,"frappe_mail_site":"https://frappemail.com","auth_method":"Basic","backend_app_flow":0,"awaiting_password":0,"ascii_encode_password":0,"login_id_is_different":0,"default_incoming":0,"attachment_limit":"","use_imap":"","use_ssl":"","validate_ssl_certificate":"","use_starttls":"","email_server":"","email_sync_option":"UNSEEN","initial_sync_count":"250","append_emails_to_sent_folder":0,"create_contact":1,"enable_automatic_linking":0,"notify_if_unreplied":0,"unreplied_for_mins":30,"default_outgoing":0,"always_use_account_email_id_as_sender":1,"always_use_account_name_as_sender_name":0,"send_unsubscribe_message":1,"track_email_status":1,"use_tls":"","use_ssl_for_outgoing":"","smtp_server":"","no_smtp_authentication":0,"add_signature":0,"enable_auto_reply":0,"uidnext":0,"no_failed":0,"doctype":"Email Account","imap_folder":[],"__last_sync_on":"2024-08-31T20:51:58.785Z","incoming_port":"","smtp_port":"","__unsaved":1,"password":null,"login_id":null,"api_key":"30056656b4be342","api_secret":"025097f97138f8c"}', 'action': 'Save', 'cmd': 'frappe.desk.form.save.savedocs'}
2024-09-01 01:59:55,893 ERROR frappe New Exception collected in error log
Site: main.local
Form Dict: {'doc': '{"name":"vehicle status","owner":"Administrator","creation":"2024-09-01 01:58:51.949899","modified":"2024-09-01 01:58:51.949899","modified_by":"Administrator","docstatus":0,"idx":0,"report_name":"vehicle status","ref_doctype":"Vehicle","is_standard":"Yes","module":"Rentals","report_type":"Report Builder","add_total_row":0,"disabled":0,"prepared_report":0,"json":{"filters":[],"fields":[["status","Vehicle"],["_aggregate_column","Vehicle"]],"order_by":"`tabVehicle`.creation desc","add_totals_row":0,"page_length":20,"column_widths":{"status":120,"_aggregate_column":200},"group_by":{"group_by":"`tabVehicle`.`status`","aggregate_function":"count","aggregate_on":null}},"doctype":"Report","filters":[],"roles":[{"name":"8gdnbcbs8e","owner":"Administrator","creation":"2024-09-01 01:58:52.009100","modified":"2024-09-01 01:58:52.009100","modified_by":"Administrator","docstatus":0,"idx":1,"role":"System Manager","parent":"vehicle status","parentfield":"roles","parenttype":"Report","doctype":"Has Role"}],"columns":[],"__last_sync_on":"2024-08-31T22:58:52.306Z","__unsaved":1}', 'action': 'Save', 'cmd': 'frappe.desk.form.save.savedocs'}
2024-09-01 02:00:07,892 ERROR frappe New Exception collected in error log
Site: main.local
Form Dict: {'doc': '{"name":"vehicle status","owner":"Administrator","creation":"2024-09-01 01:58:51.949899","modified":"2024-09-01 01:58:51.949899","modified_by":"Administrator","docstatus":0,"idx":0,"report_name":"vehicle status","ref_doctype":"Vehicle","is_standard":"Yes","module":"Rentals","report_type":"Report Builder","add_total_row":0,"disabled":0,"prepared_report":0,"json":{"filters":[],"fields":[["status","Vehicle"],["_aggregate_column","Vehicle"]],"order_by":"`tabVehicle`.creation desc","add_totals_row":0,"page_length":20,"column_widths":{"status":120,"_aggregate_column":200},"group_by":{"group_by":"`tabVehicle`.`status`","aggregate_function":"count","aggregate_on":null}},"doctype":"Report","filters":[],"roles":[{"name":"8gdnbcbs8e","owner":"Administrator","creation":"2024-09-01 01:58:52.009100","modified":"2024-09-01 01:58:52.009100","modified_by":"Administrator","docstatus":0,"idx":1,"role":"System Manager","parent":"vehicle status","parentfield":"roles","parenttype":"Report","doctype":"Has Role"}],"columns":[],"__last_sync_on":"2024-08-31T22:58:52.306Z","__unsaved":1}', 'action': 'Save', 'cmd': 'frappe.desk.form.save.savedocs'}
2024-09-01 02:00:11,149 ERROR frappe New Exception collected in error log
Site: main.local
Form Dict: {'doc': '{"name":"vehicle status","owner":"Administrator","creation":"2024-09-01 01:58:51.949899","modified":"2024-09-01 01:58:51.949899","modified_by":"Administrator","docstatus":0,"idx":0,"report_name":"vehicle status","ref_doctype":"Vehicle","is_standard":"Yes","module":"Rentals","report_type":"Report Builder","add_total_row":0,"disabled":0,"prepared_report":0,"json":{"filters":[],"fields":[["status","Vehicle"],["_aggregate_column","Vehicle"]],"order_by":"`tabVehicle`.creation desc","add_totals_row":0,"page_length":20,"column_widths":{"status":120,"_aggregate_column":200},"group_by":{"group_by":"`tabVehicle`.`status`","aggregate_function":"count","aggregate_on":null}},"doctype":"Report","filters":[],"roles":[{"name":"8gdnbcbs8e","owner":"Administrator","creation":"2024-09-01 01:58:52.009100","modified":"2024-09-01 01:58:52.009100","modified_by":"Administrator","docstatus":0,"idx":1,"role":"System Manager","parent":"vehicle status","parentfield":"roles","parenttype":"Report","doctype":"Has Role"}],"columns":[],"__last_sync_on":"2024-08-31T22:58:52.306Z","__unsaved":1}', 'action': 'Save', 'cmd': 'frappe.desk.form.save.savedocs'}
2024-09-01 02:00:47,803 ERROR frappe New Exception collected in error log
Site: main.local
Form Dict: {'doc': '{"name":"vehicle status","owner":"Administrator","creation":"2024-09-01 01:58:51.949899","modified":"2024-09-01 01:58:51.949899","modified_by":"Administrator","docstatus":0,"idx":0,"report_name":"vehicle status","ref_doctype":"Vehicle","is_standard":"Yes","module":"Rentals","report_type":"Report Builder","add_total_row":0,"disabled":0,"prepared_report":0,"json":{"filters":[],"fields":[["status","Vehicle"],["_aggregate_column","Vehicle"]],"order_by":"`tabVehicle`.creation desc","add_totals_row":0,"page_length":20,"column_widths":{"status":120,"_aggregate_column":200},"group_by":{"group_by":"`tabVehicle`.`status`","aggregate_function":"count","aggregate_on":null}},"doctype":"Report","filters":[],"roles":[{"name":"8gdnbcbs8e","owner":"Administrator","creation":"2024-09-01 01:58:52.009100","modified":"2024-09-01 01:58:52.009100","modified_by":"Administrator","docstatus":0,"idx":1,"role":"System Manager","parent":"vehicle status","parentfield":"roles","parenttype":"Report","doctype":"Has Role"}],"columns":[],"__last_sync_on":"2024-08-31T22:58:52.306Z","__unsaved":1}', 'action': 'Save', 'cmd': 'frappe.desk.form.save.savedocs'}
2024-09-01 02:01:05,546 ERROR frappe New Exception collected in error log
Site: main.local
Form Dict: {'doc': '{"name":"vehicle status","owner":"Administrator","creation":"2024-09-01 01:58:51.949899","modified":"2024-09-01 01:58:51.949899","modified_by":"Administrator","docstatus":0,"idx":0,"report_name":"vehicle status","ref_doctype":"Vehicle","is_standard":"No","module":"Rentals","report_type":"Report Builder","add_total_row":0,"disabled":0,"prepared_report":0,"json":{"filters":[],"fields":[["status","Vehicle"],["_aggregate_column","Vehicle"]],"order_by":"`tabVehicle`.creation desc","add_totals_row":0,"page_length":20,"column_widths":{"status":120,"_aggregate_column":200},"group_by":{"group_by":"`tabVehicle`.`status`","aggregate_function":"count","aggregate_on":null}},"doctype":"Report","filters":[],"roles":[{"name":"8gdnbcbs8e","owner":"Administrator","creation":"2024-09-01 01:58:52.009100","modified":"2024-09-01 01:58:52.009100","modified_by":"Administrator","docstatus":0,"idx":1,"role":"System Manager","parent":"vehicle status","parentfield":"roles","parenttype":"Report","doctype":"Has Role"}],"columns":[],"__last_sync_on":"2024-08-31T22:58:52.306Z","__unsaved":1}', 'action': 'Save', 'cmd': 'frappe.desk.form.save.savedocs'}
2024-09-01 02:25:05,183 ERROR frappe New Exception collected in error log
Site: main.local
Form Dict: {'report_name': 'Vehicles By Make', 'filters': '{}', 'ignore_prepared_report': 'false', 'are_default_filters': 'true', 'cmd': 'frappe.desk.query_report.run'}
2024-09-01 02:26:18,098 ERROR frappe New Exception collected in error log
Site: main.local
Form Dict: {'report_name': 'Vehicles By Make', 'filters': '{}', 'ignore_prepared_report': 'false', 'are_default_filters': 'true', 'cmd': 'frappe.desk.query_report.run'}
2024-09-07 23:12:34,756 ERROR frappe New Exception collected in error log
Site: main.local
Form Dict: {'data': '{"process_type":"3","notes":"<div class=\\"ql-editor read-mode\\"><p>done</p></div>","doctype":"Process","web_form_name":"تسجيل-الاجراءات"}', 'web_form': 'تسجيل-الاجراءات', 'for_payment': 'false', 'cmd': 'frappe.website.doctype.web_form.web_form.accept'}
2024-09-07 23:12:36,852 ERROR frappe New Exception collected in error log
Site: main.local
Form Dict: {'data': '{"process_type":"3","notes":"<div class=\\"ql-editor read-mode\\"><p>done</p></div>","doctype":"Process","web_form_name":"تسجيل-الاجراءات"}', 'web_form': 'تسجيل-الاجراءات', 'for_payment': 'false', 'cmd': 'frappe.website.doctype.web_form.web_form.accept'}
2024-09-07 23:12:44,204 ERROR frappe New Exception collected in error log
Site: main.local
Form Dict: {'data': '{"process_type":"3","notes":"<div class=\\"ql-editor read-mode\\"><p>done</p></div>","doctype":"Process","web_form_name":"تسجيل-الاجراءات"}', 'web_form': 'تسجيل-الاجراءات', 'for_payment': 'false', 'cmd': 'frappe.website.doctype.web_form.web_form.accept'}
2024-09-07 23:13:03,867 ERROR frappe New Exception collected in error log
Site: main.local
Form Dict: {'data': '{"process_type":"2","notes":"<div class=\\"ql-editor read-mode\\"><p class=\\"ql-direction-rtl\\" style=\\"text-align: right;\\">نم</p></div>","doctype":"Process","web_form_name":"تسجيل-الاجراءات"}', 'web_form': 'تسجيل-الاجراءات', 'for_payment': 'false', 'cmd': 'frappe.website.doctype.web_form.web_form.accept'}
2024-09-07 23:13:05,851 ERROR frappe New Exception collected in error log
Site: main.local
Form Dict: {'data': '{"process_type":"2","notes":"<div class=\\"ql-editor read-mode\\"><p class=\\"ql-direction-rtl\\" style=\\"text-align: right;\\">نم</p></div>","doctype":"Process","web_form_name":"تسجيل-الاجراءات"}', 'web_form': 'تسجيل-الاجراءات', 'for_payment': 'false', 'cmd': 'frappe.website.doctype.web_form.web_form.accept'}
2024-09-07 23:13:51,071 ERROR frappe New Exception collected in error log
Site: main.local
Form Dict: {'data': '{"process_type":"3","notes":"<div class=\\"ql-editor read-mode\\"><p class=\\"ql-direction-rtl\\" style=\\"text-align: right;\\">تم التسجيبل</p></div>","doctype":"Process","web_form_name":"تسجيل-الاجراءات"}', 'web_form': 'تسجيل-الاجراءات', 'for_payment': 'false', 'cmd': 'frappe.website.doctype.web_form.web_form.accept'}
2024-09-07 23:13:52,814 ERROR frappe New Exception collected in error log
Site: main.local
Form Dict: {'data': '{"process_type":"3","notes":"<div class=\\"ql-editor read-mode\\"><p class=\\"ql-direction-rtl\\" style=\\"text-align: right;\\">تم التسجيبل</p></div>","doctype":"Process","web_form_name":"تسجيل-الاجراءات"}', 'web_form': 'تسجيل-الاجراءات', 'for_payment': 'false', 'cmd': 'frappe.website.doctype.web_form.web_form.accept'}
2024-09-07 23:13:54,423 ERROR frappe New Exception collected in error log
Site: main.local
Form Dict: {'data': '{"process_type":"3","notes":"<div class=\\"ql-editor read-mode\\"><p class=\\"ql-direction-rtl\\" style=\\"text-align: right;\\">تم التسجيبل</p></div>","doctype":"Process","web_form_name":"تسجيل-الاجراءات"}', 'web_form': 'تسجيل-الاجراءات', 'for_payment': 'false', 'cmd': 'frappe.website.doctype.web_form.web_form.accept'}
2024-09-07 23:13:58,407 ERROR frappe New Exception collected in error log
Site: main.local
Form Dict: {'data': '{"process_type":"3","notes":"<div class=\\"ql-editor read-mode\\"><p class=\\"ql-direction-rtl\\" style=\\"text-align: right;\\">تم التسجيبل</p></div>","doctype":"Process","web_form_name":"تسجيل-الاجراءات"}', 'web_form': 'تسجيل-الاجراءات', 'for_payment': 'false', 'cmd': 'frappe.website.doctype.web_form.web_form.accept'}
2024-09-07 23:14:01,525 ERROR frappe New Exception collected in error log
Site: main.local
Form Dict: {'data': '{"process_type":"3","notes":"<div class=\\"ql-editor read-mode\\"><p class=\\"ql-direction-rtl\\" style=\\"text-align: right;\\">تم التسجيبل</p></div>","doctype":"Process","web_form_name":"تسجيل-الاجراءات"}', 'web_form': 'تسجيل-الاجراءات', 'for_payment': 'false', 'cmd': 'frappe.website.doctype.web_form.web_form.accept'}
2024-09-07 23:14:02,504 ERROR frappe New Exception collected in error log
Site: main.local
Form Dict: {'data': '{"process_type":"3","notes":"<div class=\\"ql-editor read-mode\\"><p class=\\"ql-direction-rtl\\" style=\\"text-align: right;\\">تم التسجيبل</p></div>","doctype":"Process","web_form_name":"تسجيل-الاجراءات"}', 'web_form': 'تسجيل-الاجراءات', 'for_payment': 'false', 'cmd': 'frappe.website.doctype.web_form.web_form.accept'}
2024-09-07 23:14:13,472 ERROR frappe New Exception collected in error log
Site: main.local
Form Dict: {'data': '{"process_type":"3","notes":"<div class=\\"ql-editor read-mode\\"><p class=\\"ql-direction-rtl\\" style=\\"text-align: right;\\">تم التسجيبل</p></div>","doctype":"Process","web_form_name":"تسجيل-الاجراءات"}', 'web_form': 'تسجيل-الاجراءات', 'for_payment': 'false', 'cmd': 'frappe.website.doctype.web_form.web_form.accept'}
2024-09-07 23:21:45,270 ERROR frappe New Exception collected in error log
Site: main.local
Form Dict: {'doc': '{"docstatus":0,"doctype":"Process","name":"new-process-boiqnyzcco","__islocal":1,"__unsaved":1,"owner":"Administrator","status":"Opend","is_published":1,"process_type":2,"notes":"<div class=\\"ql-editor read-mode\\"><p class=\\"ql-direction-rtl\\" style=\\"text-align: right;\\">تم التسجيل</p></div>"}', 'action': 'Save', 'cmd': 'frappe.desk.form.save.savedocs'}
2024-09-07 23:23:33,723 ERROR frappe New Exception collected in error log
Site: main.local
Form Dict: {'doc': '{"docstatus":0,"doctype":"Process","name":"new-process-onrjvupbzr","__islocal":1,"__unsaved":1,"owner":"Administrator","status":"Opend","is_published":1,"process_type":1,"notes":"<div class=\\"ql-editor read-mode\\"><p class=\\"ql-direction-rtl\\" style=\\"text-align: right;\\">تغيير حجز </p></div>"}', 'action': 'Save', 'cmd': 'frappe.desk.form.save.savedocs'}
2024-09-07 23:25:12,429 ERROR frappe New Exception collected in error log
Site: main.local
Form Dict: {'doc': '{"docstatus":0,"doctype":"Process","name":"new-process-ildqpwqgth","__islocal":1,"__unsaved":1,"owner":"Administrator","status":"Opend","is_published":1,"process_type":2,"notes":"<div class=\\"ql-editor read-mode\\"><p class=\\"ql-direction-rtl\\" style=\\"text-align: right;\\">خروج طوارئ</p></div>"}', 'action': 'Save', 'cmd': 'frappe.desk.form.save.savedocs'}
2024-09-08 11:10:45,956 ERROR frappe New Exception collected in error log
Site: main.local
Form Dict: {'doc': '{"name":"AirAsia-022-BLR-to-BOM-24","owner":"Administrator","creation":"2024-08-27 12:50:41.530567","modified":"2024-09-08 11:03:04.714577","modified_by":"Administrator","docstatus":0,"idx":0,"passenger":1,"source_airport":"BLR-Germany","source_airport_code":"BLR","status":"Booked","flight":"AirAsia-022","destination_airport":"BOM-Indea","destination_airport_code":"BOM","departure_datetime":"2024-08-30","departure_time":"12:50:05","duration":277740,"flight_price":150,"total_amount":245,"doctype":"Airplane Ticket","add_ons":[{"name":"i9mr9lfqb3","owner":"Administrator","creation":"2024-08-27 12:50:41.530567","modified":"2024-09-08 11:03:04.714577","modified_by":"Administrator","docstatus":0,"idx":1,"item":"Light Meal","amount":25,"parent":"AirAsia-022-BLR-to-BOM-24","parentfield":"add_ons","parenttype":"Airplane Ticket","doctype":"Airplane Ticket Add-on Item"},{"name":"k50f761pl5","owner":"Administrator","creation":"2024-08-27 12:50:41.530567","modified":"2024-09-08 11:03:04.714577","modified_by":"Administrator","docstatus":0,"idx":2,"item":"Luanch","amount":35,"parent":"AirAsia-022-BLR-to-BOM-24","parentfield":"add_ons","parenttype":"Airplane Ticket","doctype":"Airplane Ticket Add-on Item"},{"docstatus":0,"doctype":"Airplane Ticket Add-on Item","name":"new-airplane-ticket-add-on-item-nddavfrzlg","__islocal":1,"__unsaved":1,"owner":"Administrator","amount":35,"parent":"AirAsia-022-BLR-to-BOM-24","parentfield":"add_ons","parenttype":"Airplane Ticket","idx":3,"__unedited":false,"item":"Luanch"}],"__unsaved":1}', 'action': 'Save', 'cmd': 'frappe.desk.form.save.savedocs'}
2024-09-09 00:03:07,559 ERROR frappe New Exception collected in error log
Site: main.local
Form Dict: {'doc': '{"docstatus":0,"doctype":"Trucks","name":"new-trucks-vctjjjjxlb","__islocal":1,"__unsaved":1,"owner":"Administrator","truck_letters":"ب ب","truck_number":1111}', 'action': 'Save', 'cmd': 'frappe.desk.form.save.savedocs'}
2024-09-09 00:25:16,252 ERROR frappe New Exception collected in error log
Site: main.local
Form Dict: {'doc': '{"docstatus":0,"doctype":"Truck","name":"new-truck-vgffswexog","__islocal":1,"__unsaved":1,"owner":"Administrator","truck_letters":"ب ب ب","truck_number":"1111"}', 'action': 'Save', 'cmd': 'frappe.desk.form.save.savedocs'}
2024-09-11 09:32:20,747 ERROR frappe New Exception collected in error log
Site: main.local
Form Dict: {'doc': '{"docstatus":0,"doctype":"Process","name":"new-process-tvlireaenn","__islocal":1,"__unsaved":1,"owner":"Administrator","status":"Opend","is_published":1,"process_type":1,"truck_title":"000032","tail_title":"000031","company_name":1,"notes":"<div class=\\"ql-editor read-mode\\"><h2>a test record</h2></div>"}', 'action': 'Save', 'cmd': 'frappe.desk.form.save.savedocs'}
2024-09-11 09:39:23,687 ERROR frappe New Exception collected in error log
Site: main.local
Form Dict: {'doc': '{"docstatus":0,"doctype":"Process","name":"new-process-tvlireaenn","__islocal":1,"__unsaved":1,"owner":"Administrator","status":"Opend","is_published":1,"process_type":1,"truck_title":"000032","tail_title":"000031","company_name":1,"notes":"<div class=\\"ql-editor read-mode\\"><h2>a test record</h2></div>"}', 'action': 'Save', 'cmd': 'frappe.desk.form.save.savedocs'}
2024-09-11 10:27:11,603 ERROR frappe New Exception collected in error log
Site: main.local
Form Dict: {'data': '{"process_type":"4","status":"Opened","truck":"","company":"4","notes":"<div class=\\"ql-editor read-mode\\"><p>done</p></div>","duration_lrvd":0,"doctype":"Ticket","web_form_name":"tikets"}', 'web_form': 'tikets', 'for_payment': 'false', 'cmd': 'frappe.website.doctype.web_form.web_form.accept'}
2024-09-11 10:27:12,744 ERROR frappe New Exception collected in error log
Site: main.local
Form Dict: {'data': '{"process_type":"4","status":"Opened","truck":"","company":"4","notes":"<div class=\\"ql-editor read-mode\\"><p>done</p></div>","duration_lrvd":0,"doctype":"Ticket","web_form_name":"tikets"}', 'web_form': 'tikets', 'for_payment': 'false', 'cmd': 'frappe.website.doctype.web_form.web_form.accept'}
2024-09-11 10:27:17,127 ERROR frappe New Exception collected in error log
Site: main.local
Form Dict: {'data': '{"process_type":"4","status":"Opened","truck":"","company":"4","notes":"<div class=\\"ql-editor read-mode\\"><p>done</p></div>","duration_lrvd":0,"doctype":"Ticket","web_form_name":"tikets"}', 'web_form': 'tikets', 'for_payment': 'false', 'cmd': 'frappe.website.doctype.web_form.web_form.accept'}
2024-09-11 10:27:19,372 ERROR frappe New Exception collected in error log
Site: main.local
Form Dict: {'data': '{"process_type":"4","status":"Opened","truck":"","company":"4","notes":"<div class=\\"ql-editor read-mode\\"><p>done</p></div>","duration_lrvd":0,"doctype":"Ticket","web_form_name":"tikets"}', 'web_form': 'tikets', 'for_payment': 'false', 'cmd': 'frappe.website.doctype.web_form.web_form.accept'}
2024-09-11 10:27:23,654 ERROR frappe New Exception collected in error log
Site: main.local
Form Dict: {'data': '{"process_type":"4","status":"Opened","truck":"","company":"4","notes":"<div class=\\"ql-editor read-mode\\"><p>done</p></div>","duration_lrvd":0,"doctype":"Ticket","web_form_name":"tikets"}', 'web_form': 'tikets', 'for_payment': 'false', 'cmd': 'frappe.website.doctype.web_form.web_form.accept'}
2024-09-11 10:28:15,191 ERROR frappe New Exception collected in error log
Site: main.local
Form Dict: {'doc': '{"docstatus":0,"doctype":"Ticket","name":"new-ticket-oowtzswxsj","__islocal":1,"__unsaved":1,"owner":"Administrator","is_published":1,"status":"Opened","process_type":1,"truck":"000032","truck_tail":"000031","company":4,"notes":"<div class=\\"ql-editor read-mode\\"><p>vsvxvsd vvdsvs</p></div>"}', 'action': 'Save', 'cmd': 'frappe.desk.form.save.savedocs'}
2024-09-11 11:14:35,979 ERROR frappe New Exception collected in error log
Site: main.local
Form Dict: {'doc': '{"docstatus":0,"doctype":"Ticket","name":"new-ticket-vwjidryaab","__islocal":1,"__unsaved":1,"owner":"Administrator","is_published":1,"status":"Opened","process_type":1,"truck":"000032","truck_tail":"000031","company":1,"notes":"<div class=\\"ql-editor read-mode\\"><p>done</p></div>"}', 'action': 'Save', 'cmd': 'frappe.desk.form.save.savedocs'}
2024-09-11 11:29:47,295 ERROR frappe New Exception collected in error log
Site: main.local
Form Dict: {'doc': '{"docstatus":0,"doctype":"Ticket","name":"new-ticket-vwjidryaab","__islocal":1,"__unsaved":1,"owner":"Administrator","is_published":1,"status":"Opened","process_type":1,"truck":"000032","truck_tail":"000031","company":1,"notes":"<div class=\\"ql-editor read-mode\\"><p>done</p></div>"}', 'action': 'Save', 'cmd': 'frappe.desk.form.save.savedocs'}
2024-09-11 11:35:26,878 ERROR frappe New Exception collected in error log
Site: main.local
Form Dict: {'doc': '{"docstatus":0,"doctype":"Ticket","name":"new-ticket-zfaudqxsvw","__islocal":1,"__unsaved":1,"owner":"Administrator","is_published":1,"status":"Opened","process_type":1,"notes":"<div class=\\"ql-editor read-mode\\"><p>done</p></div>"}', 'action': 'Save', 'cmd': 'frappe.desk.form.save.savedocs'}
2024-09-11 11:37:08,467 ERROR frappe New Exception collected in error log
Site: main.local
Form Dict: {'doc': '{"docstatus":0,"doctype":"Ticket","name":"new-ticket-gnbfpvfzmy","__islocal":1,"__unsaved":1,"owner":"Administrator","is_published":1,"status":"Opened","process_type":2,"notes":"<div class=\\"ql-editor read-mode\\"><p>test</p></div>"}', 'action': 'Save', 'cmd': 'frappe.desk.form.save.savedocs'}
2024-09-11 12:04:40,211 ERROR frappe New Exception collected in error log
Site: main.local
Form Dict: {'doc': '{"docstatus":0,"doctype":"Ticket","name":"new-ticket-ayrbtefpyb","__islocal":1,"__unsaved":1,"owner":"Administrator","is_published":1,"status":"Opened","process_type":5,"truck":"000032","truck_tail":"000031","notes":"<div class=\\"ql-editor read-mode\\"><p>test</p></div>","company":1}', 'action': 'Save', 'cmd': 'frappe.desk.form.save.savedocs'}
2024-09-11 12:08:34,331 ERROR frappe New Exception collected in error log
Site: main.local
Form Dict: {'doc': '{"docstatus":0,"doctype":"Ticket","name":"new-ticket-zzhayimxve","__islocal":1,"__unsaved":1,"owner":"Administrator","is_published":1,"status":"Opened","process_type":5,"truck":"000032","truck_tail":"000031","company":1,"notes":"<div class=\\"ql-editor read-mode\\"><p>test</p></div>"}', 'action': 'Save', 'cmd': 'frappe.desk.form.save.savedocs'}
2024-09-12 14:50:18,629 ERROR frappe New Exception collected in error log
Site: main.local
Form Dict: {'data': '{"procedure_type":"3","truck":"000032","truck_tail":"000031","company":"4","notes":"<div class=\\"ql-editor read-mode\\"><p>test</p></div>","duration":0,"doctype":"Ticket","web_form_name":"tikets"}', 'web_form': 'tikets', 'for_payment': 'false', 'cmd': 'frappe.website.doctype.web_form.web_form.accept'}
2024-09-12 14:50:33,160 ERROR frappe New Exception collected in error log
Site: main.local
Form Dict: {'data': '{"procedure_type":"3","truck":"000032","truck_tail":"000031","company":"4","notes":"<div class=\\"ql-editor read-mode\\"><p>test</p></div>","duration":0,"doctype":"Ticket","web_form_name":"tikets"}', 'web_form': 'tikets', 'for_payment': 'false', 'cmd': 'frappe.website.doctype.web_form.web_form.accept'}
2024-09-12 14:55:08,662 ERROR frappe New Exception collected in error log
Site: main.local
Form Dict: {'data': '{"procedure_type":"3","truck":"000032","truck_tail":"000031","company":"4","notes":"<div class=\\"ql-editor read-mode\\"><p>test</p></div>","duration":0,"doctype":"Ticket","web_form_name":"tikets"}', 'web_form': 'tikets', 'for_payment': 'false', 'cmd': 'frappe.website.doctype.web_form.web_form.accept'}
2024-09-12 14:55:11,139 ERROR frappe New Exception collected in error log
Site: main.local
Form Dict: {'data': '{"procedure_type":"3","truck":"000032","truck_tail":"000031","company":"4","notes":"<div class=\\"ql-editor read-mode\\"><p>test</p></div>","duration":0,"doctype":"Ticket","web_form_name":"tikets"}', 'web_form': 'tikets', 'for_payment': 'false', 'cmd': 'frappe.website.doctype.web_form.web_form.accept'}
2024-09-12 14:55:27,891 ERROR frappe New Exception collected in error log
Site: main.local
Form Dict: {'data': '{"procedure_type":"3","truck":"000032","truck_tail":"000031","company":"4","notes":"<div class=\\"ql-editor read-mode\\"><p>test</p></div>","duration":0,"doctype":"Ticket","web_form_name":"tikets"}', 'web_form': 'tikets', 'for_payment': 'false', 'cmd': 'frappe.website.doctype.web_form.web_form.accept'}
2024-09-12 15:05:33,041 ERROR frappe New Exception collected in error log
Site: main.local
Form Dict: {'data': '{"procedure_type":"3","company":"4","truck":"000032","truck_tail":"000031","notes":"<div class=\\"ql-editor read-mode\\"><p>test case</p></div>","duration":0,"doctype":"Ticket","web_form_name":"tikets"}', 'web_form': 'tikets', 'for_payment': 'false', 'cmd': 'frappe.website.doctype.web_form.web_form.accept'}
2024-09-12 15:05:35,849 ERROR frappe New Exception collected in error log
Site: main.local
Form Dict: {'data': '{"procedure_type":"3","company":"4","truck":"000032","truck_tail":"000031","notes":"<div class=\\"ql-editor read-mode\\"><p>test case</p></div>","duration":0,"doctype":"Ticket","web_form_name":"tikets"}', 'web_form': 'tikets', 'for_payment': 'false', 'cmd': 'frappe.website.doctype.web_form.web_form.accept'}
2024-09-12 15:06:40,404 ERROR frappe New Exception collected in error log
Site: main.local
Form Dict: {'data': '{"procedure_type":"3","company":"4","truck":"000032","truck_tail":"000031","notes":"<div class=\\"ql-editor read-mode\\"><p>test</p></div>","duration":0,"doctype":"Ticket","web_form_name":"tikets"}', 'web_form': 'tikets', 'for_payment': 'false', 'cmd': 'frappe.website.doctype.web_form.web_form.accept'}
2024-09-12 15:32:40,426 ERROR frappe New Exception collected in error log
Site: main.local
Form Dict: {'doc': '{"docstatus":0,"doctype":"Ticket","name":"new-ticket-ylddprhuss","__islocal":1,"__unsaved":1,"owner":"Administrator","is_published":1,"status":"Opened","procedure_type":"خروج-طوارئ","company":1,"truck":"000032","truck_tail":"000031","notes":"<div class=\\"ql-editor read-mode\\"><p>test</p></div>"}', 'action': 'Save', 'cmd': 'frappe.desk.form.save.savedocs'}
2024-09-12 15:45:41,540 ERROR frappe New Exception collected in error log
Site: main.local
Form Dict: {'doc': '{"docstatus":0,"doctype":"Procedure Type","name":"new-procedure-type-yvjfyhhvbr","__islocal":1,"__unsaved":1,"owner":"Administrator","is_published":1,"procedure_name":"تغيير حجز"}', 'action': 'Save', 'cmd': 'frappe.desk.form.save.savedocs'}
2024-09-12 15:48:20,039 ERROR frappe New Exception collected in error log
Site: main.local
Form Dict: {'data': '{"procedure_type":"0038","notes":"<div class=\\"ql-editor read-mode\\"><p>tset</p></div>","duration":0,"doctype":"Ticket","web_form_name":"tikets"}', 'web_form': 'tikets', 'for_payment': 'false', 'cmd': 'frappe.website.doctype.web_form.web_form.accept'}
2024-09-13 04:19:29,896 ERROR frappe New Exception collected in error log
Site: main.local
Form Dict: {'title': 'Port Processes Tracking', 'public': '1', 'new_widgets': '{}', 'blocks': '[{"id":"wozs14vxol","type":"paragraph","data":{"text":"الشاحنات والمعدات","col":12}},{"id":"o3mOM0jd2k","type":"number_card","data":{"number_card_name":"Number Of Tails","col":3}}]', 'cmd': 'frappe.desk.doctype.workspace.workspace.save_page'}
2024-09-13 04:20:40,248 ERROR frappe New Exception collected in error log
Site: main.local
Form Dict: {'title': 'Port Processes Tracking', 'public': '1', 'new_widgets': '{}', 'blocks': '[{"id":"wozs14vxol","type":"paragraph","data":{"text":"الشاحنات والمعدات","col":12}},{"id":"o3mOM0jd2k","type":"number_card","data":{"number_card_name":"Number Of Tails","col":3}}]', 'cmd': 'frappe.desk.doctype.workspace.workspace.save_page'}
2024-09-14 11:44:52,032 ERROR frappe New Exception collected in error log
Site: main.local
Form Dict: {'doc': '{"docstatus":0,"doctype":"Notification","name":"new-notification-wegdqjffvy","__islocal":1,"__unsaved":1,"owner":"Administrator","enabled":1,"is_standard":1,"channel":"System Notification","event":"New","days_in_advance":0,"send_system_notification":0,"send_to_all_assignees":0,"recipients":[{"docstatus":0,"doctype":"Notification Recipient","name":"new-notification-recipient-wjjtdprutz","__islocal":1,"__unsaved":1,"owner":"Administrator","parent":"new-notification-wegdqjffvy","parentfield":"recipients","parenttype":"Notification","idx":1,"__unedited":false,"receiver_by_role":"Customer Service","receiver_by_document_field":"owner"}],"message_type":"HTML","message":"","attach_print":0,"__newname":"Customer Support Ticket","module":"Port Business Tracking","document_type":"Ticket","subject":"New Ticket Created","set_property_after_alert":"status","property_value":"Containued"}', 'action': 'Save', 'cmd': 'frappe.desk.form.save.savedocs'}
2024-09-14 18:30:10,510 ERROR frappe New Exception collected in error log
Site: main.local
Form Dict: {'doc': '{"name":"Customer Support Tickets By User","owner":"Administrator","creation":"2024-09-14 18:25:02.289827","modified":"2024-09-14 18:29:08.216515","modified_by":"Administrator","docstatus":0,"idx":0,"report_name":"Customer Support Tickets By User","ref_doctype":"Ticket","is_standard":"Yes","module":"Port Business Tracking","report_type":"Script Report","add_total_row":1,"disabled":0,"prepared_report":0,"json":{},"doctype":"Report","roles":[{"name":"hb0faprtfa","owner":"Administrator","creation":"2024-09-14 18:25:02.289827","modified":"2024-09-14 18:29:08.216515","modified_by":"Administrator","docstatus":0,"idx":1,"role":"System Manager","parent":"Customer Support Tickets By User","parentfield":"roles","parenttype":"Report","doctype":"Has Role"},{"name":"hb0fqgkdre","owner":"Administrator","creation":"2024-09-14 18:25:02.289827","modified":"2024-09-14 18:29:08.216515","modified_by":"Administrator","docstatus":0,"idx":2,"role":"Customer Service Admin","parent":"Customer Support Tickets By User","parentfield":"roles","parenttype":"Report","doctype":"Has Role"}],"filters":[],"columns":[],"__last_sync_on":"2024-09-14T15:29:27.491Z","__unsaved":1}', 'action': 'Save', 'cmd': 'frappe.desk.form.save.savedocs'}
2024-09-14 18:30:36,727 ERROR frappe New Exception collected in error log
Site: main.local
Form Dict: {'doc': '{"name":"Customer Support Tickets By User","owner":"Administrator","creation":"2024-09-14 18:25:02.289827","modified":"2024-09-14 18:29:08.216515","modified_by":"Administrator","docstatus":0,"idx":0,"report_name":"Customer Support Tickets By User","ref_doctype":"Ticket","is_standard":"Yes","module":"Port Business Tracking","report_type":"Custom Report","add_total_row":1,"disabled":0,"prepared_report":0,"json":{},"doctype":"Report","roles":[{"name":"hb0faprtfa","owner":"Administrator","creation":"2024-09-14 18:25:02.289827","modified":"2024-09-14 18:29:08.216515","modified_by":"Administrator","docstatus":0,"idx":1,"role":"System Manager","parent":"Customer Support Tickets By User","parentfield":"roles","parenttype":"Report","doctype":"Has Role"},{"name":"hb0fqgkdre","owner":"Administrator","creation":"2024-09-14 18:25:02.289827","modified":"2024-09-14 18:29:08.216515","modified_by":"Administrator","docstatus":0,"idx":2,"role":"Customer Service Admin","parent":"Customer Support Tickets By User","parentfield":"roles","parenttype":"Report","doctype":"Has Role"}],"filters":[],"columns":[],"__last_sync_on":"2024-09-14T15:29:27.491Z","__unsaved":1}', 'action': 'Save', 'cmd': 'frappe.desk.form.save.savedocs'}
2024-09-18 18:50:54,569 ERROR frappe New Exception collected in error log
Site: main.local
Form Dict: {'doc': '{"docstatus":0,"doctype":"Ticket","name":"new-ticket-ojgjikphqu","__islocal":1,"__unsaved":1,"owner":"Administrator","status":"Opened","procedure_type":"0038","truck":1,"truck_tail":1,"company":9,"notes":"<div class=\\"ql-editor read-mode\\"><p>ىخفثس فخ ساخص عح هى فاث يثفشهمس</p></div>"}', 'action': 'Save', 'cmd': 'frappe.desk.form.save.savedocs'}
2024-09-18 18:51:18,046 ERROR frappe New Exception collected in error log
Site: main.local
Form Dict: {'doc': '{"docstatus":0,"doctype":"Ticket","name":"new-ticket-ojgjikphqu","__islocal":1,"__unsaved":1,"owner":"Administrator","status":"Opened","procedure_type":"0038","truck":1,"truck_tail":1,"company":9,"notes":"<div class=\\"ql-editor read-mode\\"><p>ىخفثس فخ ساخص عح هى فاث يثفشهمس</p></div>"}', 'action': 'Save', 'cmd': 'frappe.desk.form.save.savedocs'}
2024-09-18 18:52:36,928 ERROR frappe New Exception collected in error log
Site: main.local
Form Dict: {'doctype': 'Notification', 'name': 'Customer Support Ticket', 'cmd': 'frappe.desk.form.load.getdoc'}
2024-09-20 02:05:57,939 ERROR frappe New Exception collected in error log
Site: main.local
Form Dict: {'doctype': 'Procedure Type', 'filters': '065', 'cmd': 'frappe.client.get_value'}
2024-09-20 14:51:52,058 ERROR frappe New Exception collected in error log
Site: main.local
Form Dict: {'txt': '', 'doctype': 'procedure Type', 'ignore_user_permissions': '0', 'reference_doctype': 'Procedure', 'page_length': '10', 'cmd': 'frappe.desk.search.search_link'}
2024-09-20 14:52:08,681 ERROR frappe New Exception collected in error log
Site: main.local
Form Dict: {'txt': '', 'doctype': 'procedure Type', 'ignore_user_permissions': '0', 'reference_doctype': 'Procedure', 'page_length': '10', 'cmd': 'frappe.desk.search.search_link'}
2024-09-21 22:24:31,846 ERROR frappe New Exception collected in error log
Site: main.local
Form Dict: {'doc': '{"name":"TK-09-2024-00108","owner":"Administrator","creation":"2024-09-21 22:07:05.729918","modified":"2024-09-21 22:14:40.602095","modified_by":"Administrator","docstatus":0,"idx":0,"ticket_event":"80","procedure_name":"0083","status":"Closed","truck":"TRK-00091","tail":"1","company":"CMP-00099","amount":150,"notes":"notifications","doctype":"Customer Support Ticket","__last_sync_on":"2024-09-21T19:24:17.205Z","__unsaved":1}', 'action': 'Save', 'cmd': 'frappe.desk.form.save.savedocs'}
2024-09-21 22:29:43,017 ERROR frappe New Exception collected in error log
Site: main.local
Form Dict: {'doc': '{"name":"TK-09-2024-00108","owner":"Administrator","creation":"2024-09-21 22:07:05.729918","modified":"2024-09-21 22:14:40.602095","modified_by":"Administrator","docstatus":0,"idx":0,"ticket_event":"80","procedure_name":"0083","status":"Closed","truck":"TRK-00091","tail":"1","company":"CMP-00099","amount":150,"notes":"notifications","doctype":"Customer Support Ticket","__last_sync_on":"2024-09-21T19:24:17.205Z","__unsaved":1}', 'action': 'Save', 'cmd': 'frappe.desk.form.save.savedocs'}
2024-09-21 22:31:12,812 ERROR frappe New Exception collected in error log
Site: main.local
Form Dict: {'doc': '{"docstatus":0,"doctype":"Customer Support Ticket","name":"new-customer-support-ticket-kqwzatsbkd","__islocal":1,"__unsaved":1,"owner":"Administrator","status":"Opened","ticket_event":"80","procedure_name":"0084","truck":"TRK-00090","tail":2,"company":"CMP-00096","notes":"context"}', 'action': 'Save', 'cmd': 'frappe.desk.form.save.savedocs'}
2024-09-21 22:33:20,388 ERROR frappe New Exception collected in error log
Site: main.local
Form Dict: {'doc': '{"docstatus":0,"doctype":"Customer Support Ticket","name":"new-customer-support-ticket-odzlqkghsc","__islocal":1,"__unsaved":1,"owner":"Administrator","status":"Opened","ticket_event":"80","procedure_name":"0084","truck":"TRK-00090","tail":3,"company":"CMP-00097"}', 'action': 'Save', 'cmd': 'frappe.desk.form.save.savedocs'}
2024-09-22 23:22:04,645 ERROR frappe New Exception collected in error log
Site: main.local
Form Dict: {'doc': '{"name":"Customer Support Ticket","creation":"2024-09-19 16:10:32.076484","modified":"2024-09-22 23:04:11.751059","modified_by":"Administrator","owner":"Administrator","docstatus":0,"idx":0,"issingle":0,"is_virtual":0,"is_tree":0,"istable":0,"editable_grid":0,"track_changes":0,"module":"Port Business Tracking","autoname":"format:TK-{MM}-{YYYY}-{#####}","naming_rule":"Expression","sort_field":"status","sort_order":"DESC","read_only":0,"in_create":0,"allow_copy":0,"allow_rename":0,"allow_import":0,"hide_toolbar":0,"track_seen":0,"max_attachments":0,"engine":"InnoDB","is_submittable":0,"show_name_in_global_search":0,"custom":0,"beta":0,"has_web_view":0,"allow_guest_to_view":0,"email_append_to":0,"show_title_field_in_link":0,"migration_hash":"d8c2335db20c69ba9d251d531cf507cf","translated_doctype":0,"is_calendar_and_gantt":0,"quick_entry":0,"track_views":0,"queue_in_background":0,"allow_events_in_timeline":1,"allow_auto_repeat":0,"make_attachments_public":1,"default_view":"List","force_re_route_to_default_view":0,"show_preview_popup":0,"default_email_template":"Customer Support Ticket Email Template","index_web_pages_for_search":1,"doctype":"DocType","links":[],"fields":[{"name":"f42t1iftmg","creation":"2024-09-19 16:10:32.076484","modified":"2024-09-22 23:04:11.751059","modified_by":"Administrator","owner":"Administrator","docstatus":0,"parent":"Customer Support Ticket","parentfield":"fields","parenttype":"DocType","idx":1,"fieldname":"type_section","fieldtype":"Section Break","search_index":0,"show_dashboard":0,"hidden":0,"set_only_once":0,"allow_in_quick_entry":0,"print_hide":0,"report_hide":0,"reqd":0,"bold":0,"in_global_search":0,"collapsible":0,"unique":0,"no_copy":0,"allow_on_submit":0,"show_preview_popup":0,"permlevel":0,"ignore_user_permissions":0,"columns":0,"in_list_view":0,"fetch_if_empty":0,"in_filter":0,"remember_last_selected_value":0,"ignore_xss_filter":0,"print_hide_if_no_value":0,"allow_bulk_edit":0,"in_standard_filter":0,"in_preview":0,"read_only":0,"length":0,"translatable":0,"hide_border":0,"hide_days":0,"hide_seconds":0,"non_negative":0,"is_virtual":0,"not_nullable":0,"sort_options":0,"show_on_timeline":0,"doctype":"DocField"},{"name":"f42t5c03rg","creation":"2024-09-19 16:10:32.076484","modified":"2024-09-22 23:04:11.751059","modified_by":"Administrator","owner":"Administrator","docstatus":0,"parent":"Customer Support Ticket","parentfield":"fields","parenttype":"DocType","idx":2,"fieldname":"column_break_nwqq","fieldtype":"Column Break","search_index":0,"show_dashboard":0,"hidden":0,"set_only_once":0,"allow_in_quick_entry":0,"print_hide":0,"report_hide":0,"reqd":0,"bold":0,"in_global_search":0,"collapsible":0,"unique":0,"no_copy":0,"allow_on_submit":0,"show_preview_popup":0,"permlevel":0,"ignore_user_permissions":0,"columns":0,"in_list_view":0,"fetch_if_empty":0,"in_filter":0,"remember_last_selected_value":0,"ignore_xss_filter":0,"print_hide_if_no_value":0,"allow_bulk_edit":0,"in_standard_filter":0,"in_preview":0,"read_only":0,"length":0,"translatable":0,"hide_border":0,"hide_days":0,"hide_seconds":0,"non_negative":0,"is_virtual":0,"not_nullable":0,"sort_options":0,"show_on_timeline":0,"doctype":"DocField"},{"name":"f42tfdkgcq","creation":"2024-09-19 16:10:32.076484","modified":"2024-09-22 23:04:11.751059","modified_by":"Administrator","owner":"Administrator","docstatus":0,"parent":"Customer Support Ticket","parentfield":"fields","parenttype":"DocType","idx":3,"fieldname":"ticket_event","label":"Ticket Event","fieldtype":"Link","options":"Ticket Event","search_index":0,"show_dashboard":0,"hidden":0,"set_only_once":0,"allow_in_quick_entry":0,"print_hide":0,"report_hide":0,"reqd":0,"bold":0,"in_global_search":0,"collapsible":0,"unique":0,"no_copy":0,"allow_on_submit":0,"show_preview_popup":0,"permlevel":0,"ignore_user_permissions":0,"columns":0,"in_list_view":1,"fetch_if_empty":0,"in_filter":0,"remember_last_selected_value":0,"ignore_xss_filter":0,"print_hide_if_no_value":0,"allow_bulk_edit":0,"in_standard_filter":1,"in_preview":0,"read_only":0,"length":0,"translatable":0,"hide_border":0,"hide_days":0,"hide_seconds":0,"non_negative":0,"is_virtual":0,"not_nullable":0,"sort_options":0,"show_on_timeline":0,"doctype":"DocField","link_filters":"","read_only_depends_on":"doc.status==\'Closed\';"},{"name":"f42tjl1ned","creation":"2024-09-19 16:10:32.076484","modified":"2024-09-22 23:04:11.751059","modified_by":"Administrator","owner":"Administrator","docstatus":0,"parent":"Customer Support Ticket","parentfield":"fields","parenttype":"DocType","idx":4,"fieldname":"procedure_name","label":"Procedure Name","fieldtype":"Link","options":"Procedure","search_index":0,"show_dashboard":0,"hidden":0,"set_only_once":0,"allow_in_quick_entry":0,"print_hide":0,"report_hide":0,"reqd":1,"bold":0,"in_global_search":0,"collapsible":0,"unique":0,"no_copy":0,"allow_on_submit":0,"show_preview_popup":0,"permlevel":0,"ignore_user_permissions":0,"columns":0,"in_list_view":1,"fetch_if_empty":0,"in_filter":1,"remember_last_selected_value":0,"ignore_xss_filter":0,"print_hide_if_no_value":0,"allow_bulk_edit":0,"in_standard_filter":1,"in_preview":0,"read_only":0,"length":0,"translatable":0,"hide_border":0,"hide_days":0,"hide_seconds":0,"non_negative":0,"is_virtual":0,"not_nullable":0,"sort_options":0,"link_filters":"[[\\"Procedure\\", \\"procedure_type\\",\\"=\\", \\"eval:doc.ticket_event\\"]]","show_on_timeline":0,"doctype":"DocField"},{"name":"f42t59lutm","creation":"2024-09-19 16:10:32.076484","modified":"2024-09-22 23:04:11.751059","modified_by":"Administrator","owner":"Administrator","docstatus":0,"parent":"Customer Support Ticket","parentfield":"fields","parenttype":"DocType","idx":5,"fieldname":"column_break_raaw","fieldtype":"Column Break","search_index":0,"show_dashboard":0,"hidden":0,"set_only_once":0,"allow_in_quick_entry":0,"print_hide":0,"report_hide":0,"reqd":0,"bold":0,"in_global_search":0,"collapsible":0,"unique":0,"no_copy":0,"allow_on_submit":0,"show_preview_popup":0,"permlevel":0,"ignore_user_permissions":0,"columns":0,"in_list_view":0,"fetch_if_empty":0,"in_filter":0,"remember_last_selected_value":0,"ignore_xss_filter":0,"print_hide_if_no_value":0,"allow_bulk_edit":0,"in_standard_filter":0,"in_preview":0,"read_only":0,"length":0,"translatable":0,"hide_border":0,"hide_days":0,"hide_seconds":0,"non_negative":0,"is_virtual":0,"not_nullable":0,"sort_options":0,"show_on_timeline":0,"doctype":"DocField"},{"name":"f42t4sdmhs","creation":"2024-09-19 16:10:32.076484","modified":"2024-09-22 23:04:11.751059","modified_by":"Administrator","owner":"Administrator","docstatus":0,"parent":"Customer Support Ticket","parentfield":"fields","parenttype":"DocType","idx":6,"fieldname":"status","label":"Status","fieldtype":"Select","options":"Opened\\nPending\\nClosed","search_index":0,"show_dashboard":0,"hidden":0,"set_only_once":0,"allow_in_quick_entry":0,"print_hide":0,"report_hide":0,"reqd":0,"bold":0,"in_global_search":0,"collapsible":0,"unique":0,"no_copy":0,"allow_on_submit":0,"show_preview_popup":0,"permlevel":1,"ignore_user_permissions":0,"columns":0,"in_list_view":1,"fetch_if_empty":0,"in_filter":1,"remember_last_selected_value":0,"ignore_xss_filter":0,"print_hide_if_no_value":0,"allow_bulk_edit":0,"in_standard_filter":1,"in_preview":0,"read_only":0,"length":0,"translatable":1,"hide_border":0,"hide_days":0,"hide_seconds":0,"non_negative":0,"is_virtual":0,"not_nullable":0,"sort_options":0,"show_on_timeline":0,"doctype":"DocField"},{"name":"f42t4rt2rn","creation":"2024-09-19 16:10:32.076484","modified":"2024-09-22 23:04:11.751059","modified_by":"Administrator","owner":"Administrator","docstatus":0,"parent":"Customer Support Ticket","parentfield":"fields","parenttype":"DocType","idx":7,"fieldname":"column_break_rvsz","fieldtype":"Column Break","search_index":0,"show_dashboard":0,"hidden":0,"set_only_once":0,"allow_in_quick_entry":0,"print_hide":0,"report_hide":0,"reqd":0,"bold":0,"in_global_search":0,"collapsible":0,"unique":0,"no_copy":0,"allow_on_submit":0,"show_preview_popup":0,"permlevel":0,"ignore_user_permissions":0,"columns":0,"in_list_view":0,"fetch_if_empty":0,"in_filter":0,"remember_last_selected_value":0,"ignore_xss_filter":0,"print_hide_if_no_value":0,"allow_bulk_edit":0,"in_standard_filter":0,"in_preview":0,"read_only":0,"length":0,"translatable":0,"hide_border":0,"hide_days":0,"hide_seconds":0,"non_negative":0,"is_virtual":0,"not_nullable":0,"sort_options":0,"show_on_timeline":0,"doctype":"DocField"},{"name":"f42t9hi649","creation":"2024-09-19 16:10:32.076484","modified":"2024-09-22 23:04:11.751059","modified_by":"Administrator","owner":"Administrator","docstatus":0,"parent":"Customer Support Ticket","parentfield":"fields","parenttype":"DocType","idx":8,"fieldname":"details_section","label":"Details","fieldtype":"Section Break","search_index":0,"show_dashboard":0,"hidden":1,"set_only_once":0,"allow_in_quick_entry":0,"print_hide":0,"report_hide":0,"reqd":0,"bold":0,"in_global_search":0,"collapsible":1,"unique":0,"no_copy":0,"allow_on_submit":0,"show_preview_popup":0,"permlevel":0,"ignore_user_permissions":0,"columns":0,"in_list_view":0,"fetch_if_empty":0,"in_filter":0,"remember_last_selected_value":0,"ignore_xss_filter":0,"print_hide_if_no_value":0,"allow_bulk_edit":0,"in_standard_filter":0,"in_preview":0,"read_only":0,"length":0,"translatable":0,"hide_border":0,"hide_days":0,"hide_seconds":0,"non_negative":0,"is_virtual":0,"not_nullable":0,"sort_options":0,"show_on_timeline":0,"doctype":"DocField"},{"name":"f42to616qc","creation":"2024-09-19 16:10:32.076484","modified":"2024-09-22 23:04:11.751059","modified_by":"Administrator","owner":"Administrator","docstatus":0,"parent":"Customer Support Ticket","parentfield":"fields","parenttype":"DocType","idx":9,"fieldname":"column_break_ivtz","fieldtype":"Column Break","search_index":0,"show_dashboard":0,"hidden":0,"set_only_once":0,"allow_in_quick_entry":0,"print_hide":0,"report_hide":0,"reqd":0,"bold":0,"in_global_search":0,"collapsible":0,"unique":0,"no_copy":0,"allow_on_submit":0,"show_preview_popup":0,"permlevel":0,"ignore_user_permissions":0,"columns":0,"in_list_view":0,"fetch_if_empty":0,"in_filter":0,"remember_last_selected_value":0,"ignore_xss_filter":0,"print_hide_if_no_value":0,"allow_bulk_edit":0,"in_standard_filter":0,"in_preview":0,"read_only":0,"length":0,"translatable":0,"hide_border":0,"hide_days":0,"hide_seconds":0,"non_negative":0,"is_virtual":0,"not_nullable":0,"sort_options":0,"show_on_timeline":0,"doctype":"DocField"},{"name":"f42tjr5g4f","creation":"2024-09-19 16:10:32.076484","modified":"2024-09-22 23:04:11.751059","modified_by":"Administrator","owner":"Administrator","docstatus":0,"parent":"Customer Support Ticket","parentfield":"fields","parenttype":"DocType","idx":10,"fieldname":"truck","label":"Truck","fieldtype":"Link","options":"Truck","search_index":0,"show_dashboard":0,"hidden":0,"set_only_once":0,"allow_in_quick_entry":0,"print_hide":0,"report_hide":0,"reqd":0,"bold":0,"in_global_search":0,"collapsible":0,"unique":0,"no_copy":0,"allow_on_submit":0,"show_preview_popup":0,"permlevel":0,"ignore_user_permissions":0,"columns":0,"in_list_view":1,"fetch_if_empty":0,"in_filter":0,"remember_last_selected_value":0,"ignore_xss_filter":0,"print_hide_if_no_value":0,"allow_bulk_edit":0,"in_standard_filter":0,"in_preview":0,"read_only":0,"length":0,"translatable":0,"hide_border":0,"hide_days":0,"hide_seconds":0,"non_negative":0,"is_virtual":0,"not_nullable":0,"sort_options":0,"show_on_timeline":0,"doctype":"DocField"},{"name":"f42t8ekor8","creation":"2024-09-19 16:10:32.076484","modified":"2024-09-22 23:04:11.751059","modified_by":"Administrator","owner":"Administrator","docstatus":0,"parent":"Customer Support Ticket","parentfield":"fields","parenttype":"DocType","idx":11,"fieldname":"tail","label":"Tail","fieldtype":"Link","options":"Truck Tail","search_index":0,"show_dashboard":0,"hidden":0,"set_only_once":0,"allow_in_quick_entry":0,"print_hide":0,"report_hide":0,"reqd":0,"bold":0,"in_global_search":0,"collapsible":0,"unique":0,"no_copy":0,"allow_on_submit":0,"show_preview_popup":0,"permlevel":0,"ignore_user_permissions":0,"columns":0,"in_list_view":0,"fetch_if_empty":0,"in_filter":0,"remember_last_selected_value":0,"ignore_xss_filter":0,"print_hide_if_no_value":0,"allow_bulk_edit":0,"in_standard_filter":0,"in_preview":0,"read_only":0,"length":0,"translatable":0,"hide_border":0,"hide_days":0,"hide_seconds":0,"non_negative":0,"is_virtual":0,"not_nullable":0,"sort_options":0,"show_on_timeline":0,"doctype":"DocField"},{"name":"f42tm2if1d","creation":"2024-09-19 16:10:32.076484","modified":"2024-09-22 23:04:11.751059","modified_by":"Administrator","owner":"Administrator","docstatus":0,"parent":"Customer Support Ticket","parentfield":"fields","parenttype":"DocType","idx":12,"fieldname":"column_break_gokv","fieldtype":"Column Break","search_index":0,"show_dashboard":0,"hidden":0,"set_only_once":0,"allow_in_quick_entry":0,"print_hide":0,"report_hide":0,"reqd":0,"bold":0,"in_global_search":0,"collapsible":0,"unique":0,"no_copy":0,"allow_on_submit":0,"show_preview_popup":0,"permlevel":0,"ignore_user_permissions":0,"columns":0,"in_list_view":0,"fetch_if_empty":0,"in_filter":0,"remember_last_selected_value":0,"ignore_xss_filter":0,"print_hide_if_no_value":0,"allow_bulk_edit":0,"in_standard_filter":0,"in_preview":0,"read_only":0,"length":0,"translatable":0,"hide_border":0,"hide_days":0,"hide_seconds":0,"non_negative":0,"is_virtual":0,"not_nullable":0,"sort_options":0,"show_on_timeline":0,"doctype":"DocField"},{"name":"f42ta8oqje","creation":"2024-09-19 16:10:32.076484","modified":"2024-09-22 23:04:11.751059","modified_by":"Administrator","owner":"Administrator","docstatus":0,"parent":"Customer Support Ticket","parentfield":"fields","parenttype":"DocType","idx":13,"fieldname":"machine","label":"Machine","fieldtype":"Link","options":"Machine","search_index":0,"show_dashboard":0,"hidden":0,"set_only_once":0,"allow_in_quick_entry":0,"print_hide":0,"report_hide":0,"reqd":0,"bold":0,"in_global_search":0,"collapsible":0,"unique":0,"no_copy":0,"allow_on_submit":0,"show_preview_popup":0,"permlevel":0,"ignore_user_permissions":0,"columns":0,"in_list_view":0,"fetch_if_empty":0,"in_filter":0,"remember_last_selected_value":0,"ignore_xss_filter":0,"print_hide_if_no_value":0,"allow_bulk_edit":0,"in_standard_filter":0,"in_preview":0,"read_only":0,"length":0,"translatable":0,"hide_border":0,"hide_days":0,"hide_seconds":0,"non_negative":0,"is_virtual":0,"not_nullable":0,"sort_options":0,"show_on_timeline":0,"doctype":"DocField"},{"name":"f42t4bq4e4","creation":"2024-09-19 16:10:32.076484","modified":"2024-09-22 23:04:11.751059","modified_by":"Administrator","owner":"Administrator","docstatus":0,"parent":"Customer Support Ticket","parentfield":"fields","parenttype":"DocType","idx":14,"fieldname":"column_break_hnfz","fieldtype":"Column Break","search_index":0,"show_dashboard":0,"hidden":0,"set_only_once":0,"allow_in_quick_entry":0,"print_hide":0,"report_hide":0,"reqd":0,"bold":0,"in_global_search":0,"collapsible":0,"unique":0,"no_copy":0,"allow_on_submit":0,"show_preview_popup":0,"permlevel":0,"ignore_user_permissions":0,"columns":0,"in_list_view":0,"fetch_if_empty":0,"in_filter":0,"remember_last_selected_value":0,"ignore_xss_filter":0,"print_hide_if_no_value":0,"allow_bulk_edit":0,"in_standard_filter":0,"in_preview":0,"read_only":0,"length":0,"translatable":0,"hide_border":0,"hide_days":0,"hide_seconds":0,"non_negative":0,"is_virtual":0,"not_nullable":0,"sort_options":0,"show_on_timeline":0,"doctype":"DocField"},{"name":"f42tmv1rm6","creation":"2024-09-19 16:10:32.076484","modified":"2024-09-22 23:04:11.751059","modified_by":"Administrator","owner":"Administrator","docstatus":0,"parent":"Customer Support Ticket","parentfield":"fields","parenttype":"DocType","idx":15,"fieldname":"company","label":"Company","fieldtype":"Link","options":"Company","search_index":0,"show_dashboard":0,"hidden":0,"set_only_once":0,"allow_in_quick_entry":0,"print_hide":0,"report_hide":0,"reqd":0,"bold":0,"in_global_search":0,"collapsible":0,"unique":0,"no_copy":0,"allow_on_submit":0,"show_preview_popup":0,"permlevel":0,"ignore_user_permissions":0,"columns":0,"in_list_view":1,"fetch_if_empty":0,"in_filter":1,"remember_last_selected_value":0,"ignore_xss_filter":0,"print_hide_if_no_value":0,"allow_bulk_edit":0,"in_standard_filter":1,"in_preview":0,"read_only":0,"length":0,"translatable":0,"hide_border":0,"hide_days":0,"hide_seconds":0,"non_negative":0,"is_virtual":0,"not_nullable":0,"sort_options":0,"show_on_timeline":0,"doctype":"DocField"},{"name":"f42tstm7kd","creation":"2024-09-19 16:10:32.076484","modified":"2024-09-22 23:04:11.751059","modified_by":"Administrator","owner":"Administrator","docstatus":0,"parent":"Customer Support Ticket","parentfield":"fields","parenttype":"DocType","idx":16,"fieldname":"amount","label":"Amount","fieldtype":"Float","search_index":0,"show_dashboard":0,"hidden":0,"set_only_once":0,"allow_in_quick_entry":0,"print_hide":0,"report_hide":0,"reqd":0,"bold":0,"in_global_search":0,"collapsible":0,"unique":0,"no_copy":0,"allow_on_submit":0,"show_preview_popup":0,"permlevel":0,"ignore_user_permissions":0,"columns":0,"in_list_view":1,"fetch_if_empty":0,"in_filter":0,"remember_last_selected_value":0,"ignore_xss_filter":0,"print_hide_if_no_value":0,"allow_bulk_edit":0,"in_standard_filter":0,"in_preview":0,"read_only":0,"precision":"2","length":0,"translatable":0,"hide_border":0,"hide_days":0,"hide_seconds":0,"non_negative":1,"is_virtual":0,"not_nullable":0,"sort_options":0,"show_on_timeline":0,"doctype":"DocField"},{"name":"f42toh1g56","creation":"2024-09-19 16:10:32.076484","modified":"2024-09-22 23:04:11.751059","modified_by":"Administrator","owner":"Administrator","docstatus":0,"parent":"Customer Support Ticket","parentfield":"fields","parenttype":"DocType","idx":17,"fieldname":"section_break_lpko","fieldtype":"Section Break","search_index":0,"show_dashboard":0,"hidden":0,"set_only_once":0,"allow_in_quick_entry":0,"print_hide":0,"report_hide":0,"reqd":0,"bold":0,"in_global_search":0,"collapsible":1,"unique":0,"no_copy":0,"allow_on_submit":0,"show_preview_popup":0,"permlevel":0,"ignore_user_permissions":0,"columns":0,"in_list_view":0,"fetch_if_empty":0,"in_filter":0,"remember_last_selected_value":0,"ignore_xss_filter":0,"print_hide_if_no_value":0,"allow_bulk_edit":0,"in_standard_filter":0,"in_preview":0,"read_only":0,"length":0,"translatable":0,"hide_border":0,"hide_days":0,"hide_seconds":0,"non_negative":0,"is_virtual":0,"not_nullable":0,"sort_options":0,"show_on_timeline":0,"doctype":"DocField"},{"name":"f42ti5o4l7","creation":"2024-09-19 16:10:32.076484","modified":"2024-09-22 23:04:11.751059","modified_by":"Administrator","owner":"Administrator","docstatus":0,"parent":"Customer Support Ticket","parentfield":"fields","parenttype":"DocType","idx":18,"fieldname":"notes","label":"Notes","fieldtype":"Small Text","search_index":0,"show_dashboard":0,"hidden":0,"set_only_once":0,"allow_in_quick_entry":0,"print_hide":0,"report_hide":0,"reqd":0,"bold":0,"in_global_search":0,"collapsible":0,"unique":0,"no_copy":0,"allow_on_submit":0,"show_preview_popup":0,"permlevel":0,"ignore_user_permissions":0,"columns":0,"in_list_view":0,"fetch_if_empty":0,"in_filter":0,"remember_last_selected_value":0,"ignore_xss_filter":0,"print_hide_if_no_value":0,"allow_bulk_edit":0,"in_standard_filter":0,"in_preview":0,"read_only":0,"length":0,"translatable":0,"hide_border":0,"hide_days":0,"hide_seconds":0,"non_negative":0,"is_virtual":0,"not_nullable":0,"sort_options":0,"show_on_timeline":0,"doctype":"DocField"}],"permissions":[{"name":"f42tpbq916","creation":"2024-09-19 16:10:32.076484","modified":"2024-09-22 23:04:11.751059","modified_by":"Administrator","owner":"Administrator","docstatus":0,"parent":"Customer Support Ticket","parentfield":"permissions","parenttype":"DocType","idx":1,"permlevel":0,"role":"System Manager","read":1,"write":1,"create":1,"submit":0,"cancel":0,"delete":1,"amend":0,"report":1,"export":1,"import":0,"share":1,"print":1,"email":1,"if_owner":0,"select":0,"doctype":"DocPerm"},{"name":"f42t1227go","creation":"2024-09-19 16:10:32.076484","modified":"2024-09-22 23:04:11.751059","modified_by":"Administrator","owner":"Administrator","docstatus":0,"parent":"Customer Support Ticket","parentfield":"permissions","parenttype":"DocType","idx":2,"permlevel":0,"role":"Customer Service Admin","read":0,"write":1,"create":0,"submit":0,"cancel":0,"delete":1,"amend":0,"report":1,"export":1,"import":0,"share":1,"print":1,"email":1,"if_owner":0,"select":0,"doctype":"DocPerm"},{"name":"9bl960vglg","creation":"2024-09-19 16:10:32.076484","modified":"2024-09-22 23:04:11.751059","modified_by":"Administrator","owner":"Administrator","docstatus":0,"parent":"Customer Support Ticket","parentfield":"permissions","parenttype":"DocType","idx":3,"permlevel":0,"role":"Customer Service","read":1,"write":0,"create":1,"submit":0,"cancel":0,"delete":0,"amend":0,"report":1,"export":1,"import":0,"share":1,"print":1,"email":1,"if_owner":0,"select":0,"doctype":"DocPerm"}],"states":[{"name":"f42tukglkg","creation":"2024-09-19 16:10:32.076484","modified":"2024-09-22 23:04:11.751059","modified_by":"Administrator","owner":"Administrator","docstatus":0,"idx":1,"title":"Opened","color":"Red","custom":0,"parent":"Customer Support Ticket","parentfield":"states","parenttype":"DocType","doctype":"DocType State"},{"name":"f42tjesfro","creation":"2024-09-19 16:10:32.076484","modified":"2024-09-22 23:04:11.751059","modified_by":"Administrator","owner":"Administrator","docstatus":0,"idx":2,"title":"Pending","color":"Yellow","custom":0,"parent":"Customer Support Ticket","parentfield":"states","parenttype":"DocType","doctype":"DocType State"},{"name":"f42ti7cp23","creation":"2024-09-19 16:10:32.076484","modified":"2024-09-22 23:04:11.751059","modified_by":"Administrator","owner":"Administrator","docstatus":0,"idx":3,"title":"Closed","color":"Gray","custom":0,"parent":"Customer Support Ticket","parentfield":"states","parenttype":"DocType","doctype":"DocType State"}],"actions":[],"__unsaved":1}', 'action': 'Save', 'cmd': 'frappe.desk.form.save.savedocs'}
2024-09-22 23:22:38,460 ERROR frappe New Exception collected in error log
Site: main.local
Form Dict: {'doc': '{"name":"Customer Support Ticket","creation":"2024-09-19 16:10:32.076484","modified":"2024-09-22 23:04:11.751059","modified_by":"Administrator","owner":"Administrator","docstatus":0,"idx":0,"issingle":0,"is_virtual":0,"is_tree":0,"istable":0,"editable_grid":0,"track_changes":0,"module":"Port Business Tracking","autoname":"format:TK-{MM}-{YYYY}-{#####}","naming_rule":"Expression","sort_field":"status","sort_order":"DESC","read_only":0,"in_create":0,"allow_copy":0,"allow_rename":0,"allow_import":0,"hide_toolbar":0,"track_seen":0,"max_attachments":0,"engine":"InnoDB","is_submittable":0,"show_name_in_global_search":0,"custom":0,"beta":0,"has_web_view":0,"allow_guest_to_view":0,"email_append_to":0,"show_title_field_in_link":0,"migration_hash":"d8c2335db20c69ba9d251d531cf507cf","translated_doctype":0,"is_calendar_and_gantt":0,"quick_entry":0,"track_views":0,"queue_in_background":0,"allow_events_in_timeline":1,"allow_auto_repeat":0,"make_attachments_public":1,"default_view":"List","force_re_route_to_default_view":0,"show_preview_popup":0,"default_email_template":"Customer Support Ticket Email Template","index_web_pages_for_search":1,"doctype":"DocType","links":[],"fields":[{"name":"f42t1iftmg","creation":"2024-09-19 16:10:32.076484","modified":"2024-09-22 23:04:11.751059","modified_by":"Administrator","owner":"Administrator","docstatus":0,"parent":"Customer Support Ticket","parentfield":"fields","parenttype":"DocType","idx":1,"fieldname":"type_section","fieldtype":"Section Break","search_index":0,"show_dashboard":0,"hidden":0,"set_only_once":0,"allow_in_quick_entry":0,"print_hide":0,"report_hide":0,"reqd":0,"bold":0,"in_global_search":0,"collapsible":0,"unique":0,"no_copy":0,"allow_on_submit":0,"show_preview_popup":0,"permlevel":0,"ignore_user_permissions":0,"columns":0,"in_list_view":0,"fetch_if_empty":0,"in_filter":0,"remember_last_selected_value":0,"ignore_xss_filter":0,"print_hide_if_no_value":0,"allow_bulk_edit":0,"in_standard_filter":0,"in_preview":0,"read_only":0,"length":0,"translatable":0,"hide_border":0,"hide_days":0,"hide_seconds":0,"non_negative":0,"is_virtual":0,"not_nullable":0,"sort_options":0,"show_on_timeline":0,"doctype":"DocField"},{"name":"f42t5c03rg","creation":"2024-09-19 16:10:32.076484","modified":"2024-09-22 23:04:11.751059","modified_by":"Administrator","owner":"Administrator","docstatus":0,"parent":"Customer Support Ticket","parentfield":"fields","parenttype":"DocType","idx":2,"fieldname":"column_break_nwqq","fieldtype":"Column Break","search_index":0,"show_dashboard":0,"hidden":0,"set_only_once":0,"allow_in_quick_entry":0,"print_hide":0,"report_hide":0,"reqd":0,"bold":0,"in_global_search":0,"collapsible":0,"unique":0,"no_copy":0,"allow_on_submit":0,"show_preview_popup":0,"permlevel":0,"ignore_user_permissions":0,"columns":0,"in_list_view":0,"fetch_if_empty":0,"in_filter":0,"remember_last_selected_value":0,"ignore_xss_filter":0,"print_hide_if_no_value":0,"allow_bulk_edit":0,"in_standard_filter":0,"in_preview":0,"read_only":0,"length":0,"translatable":0,"hide_border":0,"hide_days":0,"hide_seconds":0,"non_negative":0,"is_virtual":0,"not_nullable":0,"sort_options":0,"show_on_timeline":0,"doctype":"DocField"},{"name":"f42tfdkgcq","creation":"2024-09-19 16:10:32.076484","modified":"2024-09-22 23:04:11.751059","modified_by":"Administrator","owner":"Administrator","docstatus":0,"parent":"Customer Support Ticket","parentfield":"fields","parenttype":"DocType","idx":3,"fieldname":"ticket_event","label":"Ticket Event","fieldtype":"Link","options":"Ticket Event","search_index":0,"show_dashboard":0,"hidden":0,"set_only_once":0,"allow_in_quick_entry":0,"print_hide":0,"report_hide":0,"reqd":0,"bold":0,"in_global_search":0,"collapsible":0,"unique":0,"no_copy":0,"allow_on_submit":0,"show_preview_popup":0,"permlevel":0,"ignore_user_permissions":0,"columns":0,"in_list_view":1,"fetch_if_empty":0,"in_filter":0,"remember_last_selected_value":0,"ignore_xss_filter":0,"print_hide_if_no_value":0,"allow_bulk_edit":0,"in_standard_filter":1,"in_preview":0,"read_only":0,"length":0,"translatable":0,"hide_border":0,"hide_days":0,"hide_seconds":0,"non_negative":0,"is_virtual":0,"not_nullable":0,"sort_options":0,"show_on_timeline":0,"doctype":"DocField","link_filters":"","read_only_depends_on":"eval:doc.status==\'Closed\';"},{"name":"f42tjl1ned","creation":"2024-09-19 16:10:32.076484","modified":"2024-09-22 23:04:11.751059","modified_by":"Administrator","owner":"Administrator","docstatus":0,"parent":"Customer Support Ticket","parentfield":"fields","parenttype":"DocType","idx":4,"fieldname":"procedure_name","label":"Procedure Name","fieldtype":"Link","options":"Procedure","search_index":0,"show_dashboard":0,"hidden":0,"set_only_once":0,"allow_in_quick_entry":0,"print_hide":0,"report_hide":0,"reqd":1,"bold":0,"in_global_search":0,"collapsible":0,"unique":0,"no_copy":0,"allow_on_submit":0,"show_preview_popup":0,"permlevel":0,"ignore_user_permissions":0,"columns":0,"in_list_view":1,"fetch_if_empty":0,"in_filter":1,"remember_last_selected_value":0,"ignore_xss_filter":0,"print_hide_if_no_value":0,"allow_bulk_edit":0,"in_standard_filter":1,"in_preview":0,"read_only":0,"length":0,"translatable":0,"hide_border":0,"hide_days":0,"hide_seconds":0,"non_negative":0,"is_virtual":0,"not_nullable":0,"sort_options":0,"link_filters":"[[\\"Procedure\\", \\"procedure_type\\",\\"=\\", \\"eval:doc.ticket_event\\"]]","show_on_timeline":0,"doctype":"DocField"},{"name":"f42t59lutm","creation":"2024-09-19 16:10:32.076484","modified":"2024-09-22 23:04:11.751059","modified_by":"Administrator","owner":"Administrator","docstatus":0,"parent":"Customer Support Ticket","parentfield":"fields","parenttype":"DocType","idx":5,"fieldname":"column_break_raaw","fieldtype":"Column Break","search_index":0,"show_dashboard":0,"hidden":0,"set_only_once":0,"allow_in_quick_entry":0,"print_hide":0,"report_hide":0,"reqd":0,"bold":0,"in_global_search":0,"collapsible":0,"unique":0,"no_copy":0,"allow_on_submit":0,"show_preview_popup":0,"permlevel":0,"ignore_user_permissions":0,"columns":0,"in_list_view":0,"fetch_if_empty":0,"in_filter":0,"remember_last_selected_value":0,"ignore_xss_filter":0,"print_hide_if_no_value":0,"allow_bulk_edit":0,"in_standard_filter":0,"in_preview":0,"read_only":0,"length":0,"translatable":0,"hide_border":0,"hide_days":0,"hide_seconds":0,"non_negative":0,"is_virtual":0,"not_nullable":0,"sort_options":0,"show_on_timeline":0,"doctype":"DocField"},{"name":"f42t4sdmhs","creation":"2024-09-19 16:10:32.076484","modified":"2024-09-22 23:04:11.751059","modified_by":"Administrator","owner":"Administrator","docstatus":0,"parent":"Customer Support Ticket","parentfield":"fields","parenttype":"DocType","idx":6,"fieldname":"status","label":"Status","fieldtype":"Select","options":"Opened\\nPending\\nClosed","search_index":0,"show_dashboard":0,"hidden":0,"set_only_once":0,"allow_in_quick_entry":0,"print_hide":0,"report_hide":0,"reqd":0,"bold":0,"in_global_search":0,"collapsible":0,"unique":0,"no_copy":0,"allow_on_submit":0,"show_preview_popup":0,"permlevel":1,"ignore_user_permissions":0,"columns":0,"in_list_view":1,"fetch_if_empty":0,"in_filter":1,"remember_last_selected_value":0,"ignore_xss_filter":0,"print_hide_if_no_value":0,"allow_bulk_edit":0,"in_standard_filter":1,"in_preview":0,"read_only":0,"length":0,"translatable":1,"hide_border":0,"hide_days":0,"hide_seconds":0,"non_negative":0,"is_virtual":0,"not_nullable":0,"sort_options":0,"show_on_timeline":0,"doctype":"DocField"},{"name":"f42t4rt2rn","creation":"2024-09-19 16:10:32.076484","modified":"2024-09-22 23:04:11.751059","modified_by":"Administrator","owner":"Administrator","docstatus":0,"parent":"Customer Support Ticket","parentfield":"fields","parenttype":"DocType","idx":7,"fieldname":"column_break_rvsz","fieldtype":"Column Break","search_index":0,"show_dashboard":0,"hidden":0,"set_only_once":0,"allow_in_quick_entry":0,"print_hide":0,"report_hide":0,"reqd":0,"bold":0,"in_global_search":0,"collapsible":0,"unique":0,"no_copy":0,"allow_on_submit":0,"show_preview_popup":0,"permlevel":0,"ignore_user_permissions":0,"columns":0,"in_list_view":0,"fetch_if_empty":0,"in_filter":0,"remember_last_selected_value":0,"ignore_xss_filter":0,"print_hide_if_no_value":0,"allow_bulk_edit":0,"in_standard_filter":0,"in_preview":0,"read_only":0,"length":0,"translatable":0,"hide_border":0,"hide_days":0,"hide_seconds":0,"non_negative":0,"is_virtual":0,"not_nullable":0,"sort_options":0,"show_on_timeline":0,"doctype":"DocField"},{"name":"f42t9hi649","creation":"2024-09-19 16:10:32.076484","modified":"2024-09-22 23:04:11.751059","modified_by":"Administrator","owner":"Administrator","docstatus":0,"parent":"Customer Support Ticket","parentfield":"fields","parenttype":"DocType","idx":8,"fieldname":"details_section","label":"Details","fieldtype":"Section Break","search_index":0,"show_dashboard":0,"hidden":1,"set_only_once":0,"allow_in_quick_entry":0,"print_hide":0,"report_hide":0,"reqd":0,"bold":0,"in_global_search":0,"collapsible":1,"unique":0,"no_copy":0,"allow_on_submit":0,"show_preview_popup":0,"permlevel":0,"ignore_user_permissions":0,"columns":0,"in_list_view":0,"fetch_if_empty":0,"in_filter":0,"remember_last_selected_value":0,"ignore_xss_filter":0,"print_hide_if_no_value":0,"allow_bulk_edit":0,"in_standard_filter":0,"in_preview":0,"read_only":0,"length":0,"translatable":0,"hide_border":0,"hide_days":0,"hide_seconds":0,"non_negative":0,"is_virtual":0,"not_nullable":0,"sort_options":0,"show_on_timeline":0,"doctype":"DocField"},{"name":"f42to616qc","creation":"2024-09-19 16:10:32.076484","modified":"2024-09-22 23:04:11.751059","modified_by":"Administrator","owner":"Administrator","docstatus":0,"parent":"Customer Support Ticket","parentfield":"fields","parenttype":"DocType","idx":9,"fieldname":"column_break_ivtz","fieldtype":"Column Break","search_index":0,"show_dashboard":0,"hidden":0,"set_only_once":0,"allow_in_quick_entry":0,"print_hide":0,"report_hide":0,"reqd":0,"bold":0,"in_global_search":0,"collapsible":0,"unique":0,"no_copy":0,"allow_on_submit":0,"show_preview_popup":0,"permlevel":0,"ignore_user_permissions":0,"columns":0,"in_list_view":0,"fetch_if_empty":0,"in_filter":0,"remember_last_selected_value":0,"ignore_xss_filter":0,"print_hide_if_no_value":0,"allow_bulk_edit":0,"in_standard_filter":0,"in_preview":0,"read_only":0,"length":0,"translatable":0,"hide_border":0,"hide_days":0,"hide_seconds":0,"non_negative":0,"is_virtual":0,"not_nullable":0,"sort_options":0,"show_on_timeline":0,"doctype":"DocField"},{"name":"f42tjr5g4f","creation":"2024-09-19 16:10:32.076484","modified":"2024-09-22 23:04:11.751059","modified_by":"Administrator","owner":"Administrator","docstatus":0,"parent":"Customer Support Ticket","parentfield":"fields","parenttype":"DocType","idx":10,"fieldname":"truck","label":"Truck","fieldtype":"Link","options":"Truck","search_index":0,"show_dashboard":0,"hidden":0,"set_only_once":0,"allow_in_quick_entry":0,"print_hide":0,"report_hide":0,"reqd":0,"bold":0,"in_global_search":0,"collapsible":0,"unique":0,"no_copy":0,"allow_on_submit":0,"show_preview_popup":0,"permlevel":0,"ignore_user_permissions":0,"columns":0,"in_list_view":1,"fetch_if_empty":0,"in_filter":0,"remember_last_selected_value":0,"ignore_xss_filter":0,"print_hide_if_no_value":0,"allow_bulk_edit":0,"in_standard_filter":0,"in_preview":0,"read_only":0,"length":0,"translatable":0,"hide_border":0,"hide_days":0,"hide_seconds":0,"non_negative":0,"is_virtual":0,"not_nullable":0,"sort_options":0,"show_on_timeline":0,"doctype":"DocField"},{"name":"f42t8ekor8","creation":"2024-09-19 16:10:32.076484","modified":"2024-09-22 23:04:11.751059","modified_by":"Administrator","owner":"Administrator","docstatus":0,"parent":"Customer Support Ticket","parentfield":"fields","parenttype":"DocType","idx":11,"fieldname":"tail","label":"Tail","fieldtype":"Link","options":"Truck Tail","search_index":0,"show_dashboard":0,"hidden":0,"set_only_once":0,"allow_in_quick_entry":0,"print_hide":0,"report_hide":0,"reqd":0,"bold":0,"in_global_search":0,"collapsible":0,"unique":0,"no_copy":0,"allow_on_submit":0,"show_preview_popup":0,"permlevel":0,"ignore_user_permissions":0,"columns":0,"in_list_view":0,"fetch_if_empty":0,"in_filter":0,"remember_last_selected_value":0,"ignore_xss_filter":0,"print_hide_if_no_value":0,"allow_bulk_edit":0,"in_standard_filter":0,"in_preview":0,"read_only":0,"length":0,"translatable":0,"hide_border":0,"hide_days":0,"hide_seconds":0,"non_negative":0,"is_virtual":0,"not_nullable":0,"sort_options":0,"show_on_timeline":0,"doctype":"DocField"},{"name":"f42tm2if1d","creation":"2024-09-19 16:10:32.076484","modified":"2024-09-22 23:04:11.751059","modified_by":"Administrator","owner":"Administrator","docstatus":0,"parent":"Customer Support Ticket","parentfield":"fields","parenttype":"DocType","idx":12,"fieldname":"column_break_gokv","fieldtype":"Column Break","search_index":0,"show_dashboard":0,"hidden":0,"set_only_once":0,"allow_in_quick_entry":0,"print_hide":0,"report_hide":0,"reqd":0,"bold":0,"in_global_search":0,"collapsible":0,"unique":0,"no_copy":0,"allow_on_submit":0,"show_preview_popup":0,"permlevel":0,"ignore_user_permissions":0,"columns":0,"in_list_view":0,"fetch_if_empty":0,"in_filter":0,"remember_last_selected_value":0,"ignore_xss_filter":0,"print_hide_if_no_value":0,"allow_bulk_edit":0,"in_standard_filter":0,"in_preview":0,"read_only":0,"length":0,"translatable":0,"hide_border":0,"hide_days":0,"hide_seconds":0,"non_negative":0,"is_virtual":0,"not_nullable":0,"sort_options":0,"show_on_timeline":0,"doctype":"DocField"},{"name":"f42ta8oqje","creation":"2024-09-19 16:10:32.076484","modified":"2024-09-22 23:04:11.751059","modified_by":"Administrator","owner":"Administrator","docstatus":0,"parent":"Customer Support Ticket","parentfield":"fields","parenttype":"DocType","idx":13,"fieldname":"machine","label":"Machine","fieldtype":"Link","options":"Machine","search_index":0,"show_dashboard":0,"hidden":0,"set_only_once":0,"allow_in_quick_entry":0,"print_hide":0,"report_hide":0,"reqd":0,"bold":0,"in_global_search":0,"collapsible":0,"unique":0,"no_copy":0,"allow_on_submit":0,"show_preview_popup":0,"permlevel":0,"ignore_user_permissions":0,"columns":0,"in_list_view":0,"fetch_if_empty":0,"in_filter":0,"remember_last_selected_value":0,"ignore_xss_filter":0,"print_hide_if_no_value":0,"allow_bulk_edit":0,"in_standard_filter":0,"in_preview":0,"read_only":0,"length":0,"translatable":0,"hide_border":0,"hide_days":0,"hide_seconds":0,"non_negative":0,"is_virtual":0,"not_nullable":0,"sort_options":0,"show_on_timeline":0,"doctype":"DocField"},{"name":"f42t4bq4e4","creation":"2024-09-19 16:10:32.076484","modified":"2024-09-22 23:04:11.751059","modified_by":"Administrator","owner":"Administrator","docstatus":0,"parent":"Customer Support Ticket","parentfield":"fields","parenttype":"DocType","idx":14,"fieldname":"column_break_hnfz","fieldtype":"Column Break","search_index":0,"show_dashboard":0,"hidden":0,"set_only_once":0,"allow_in_quick_entry":0,"print_hide":0,"report_hide":0,"reqd":0,"bold":0,"in_global_search":0,"collapsible":0,"unique":0,"no_copy":0,"allow_on_submit":0,"show_preview_popup":0,"permlevel":0,"ignore_user_permissions":0,"columns":0,"in_list_view":0,"fetch_if_empty":0,"in_filter":0,"remember_last_selected_value":0,"ignore_xss_filter":0,"print_hide_if_no_value":0,"allow_bulk_edit":0,"in_standard_filter":0,"in_preview":0,"read_only":0,"length":0,"translatable":0,"hide_border":0,"hide_days":0,"hide_seconds":0,"non_negative":0,"is_virtual":0,"not_nullable":0,"sort_options":0,"show_on_timeline":0,"doctype":"DocField"},{"name":"f42tmv1rm6","creation":"2024-09-19 16:10:32.076484","modified":"2024-09-22 23:04:11.751059","modified_by":"Administrator","owner":"Administrator","docstatus":0,"parent":"Customer Support Ticket","parentfield":"fields","parenttype":"DocType","idx":15,"fieldname":"company","label":"Company","fieldtype":"Link","options":"Company","search_index":0,"show_dashboard":0,"hidden":0,"set_only_once":0,"allow_in_quick_entry":0,"print_hide":0,"report_hide":0,"reqd":0,"bold":0,"in_global_search":0,"collapsible":0,"unique":0,"no_copy":0,"allow_on_submit":0,"show_preview_popup":0,"permlevel":0,"ignore_user_permissions":0,"columns":0,"in_list_view":1,"fetch_if_empty":0,"in_filter":1,"remember_last_selected_value":0,"ignore_xss_filter":0,"print_hide_if_no_value":0,"allow_bulk_edit":0,"in_standard_filter":1,"in_preview":0,"read_only":0,"length":0,"translatable":0,"hide_border":0,"hide_days":0,"hide_seconds":0,"non_negative":0,"is_virtual":0,"not_nullable":0,"sort_options":0,"show_on_timeline":0,"doctype":"DocField"},{"name":"f42tstm7kd","creation":"2024-09-19 16:10:32.076484","modified":"2024-09-22 23:04:11.751059","modified_by":"Administrator","owner":"Administrator","docstatus":0,"parent":"Customer Support Ticket","parentfield":"fields","parenttype":"DocType","idx":16,"fieldname":"amount","label":"Amount","fieldtype":"Float","search_index":0,"show_dashboard":0,"hidden":0,"set_only_once":0,"allow_in_quick_entry":0,"print_hide":0,"report_hide":0,"reqd":0,"bold":0,"in_global_search":0,"collapsible":0,"unique":0,"no_copy":0,"allow_on_submit":0,"show_preview_popup":0,"permlevel":0,"ignore_user_permissions":0,"columns":0,"in_list_view":1,"fetch_if_empty":0,"in_filter":0,"remember_last_selected_value":0,"ignore_xss_filter":0,"print_hide_if_no_value":0,"allow_bulk_edit":0,"in_standard_filter":0,"in_preview":0,"read_only":0,"precision":"2","length":0,"translatable":0,"hide_border":0,"hide_days":0,"hide_seconds":0,"non_negative":1,"is_virtual":0,"not_nullable":0,"sort_options":0,"show_on_timeline":0,"doctype":"DocField"},{"name":"f42toh1g56","creation":"2024-09-19 16:10:32.076484","modified":"2024-09-22 23:04:11.751059","modified_by":"Administrator","owner":"Administrator","docstatus":0,"parent":"Customer Support Ticket","parentfield":"fields","parenttype":"DocType","idx":17,"fieldname":"section_break_lpko","fieldtype":"Section Break","search_index":0,"show_dashboard":0,"hidden":0,"set_only_once":0,"allow_in_quick_entry":0,"print_hide":0,"report_hide":0,"reqd":0,"bold":0,"in_global_search":0,"collapsible":1,"unique":0,"no_copy":0,"allow_on_submit":0,"show_preview_popup":0,"permlevel":0,"ignore_user_permissions":0,"columns":0,"in_list_view":0,"fetch_if_empty":0,"in_filter":0,"remember_last_selected_value":0,"ignore_xss_filter":0,"print_hide_if_no_value":0,"allow_bulk_edit":0,"in_standard_filter":0,"in_preview":0,"read_only":0,"length":0,"translatable":0,"hide_border":0,"hide_days":0,"hide_seconds":0,"non_negative":0,"is_virtual":0,"not_nullable":0,"sort_options":0,"show_on_timeline":0,"doctype":"DocField"},{"name":"f42ti5o4l7","creation":"2024-09-19 16:10:32.076484","modified":"2024-09-22 23:04:11.751059","modified_by":"Administrator","owner":"Administrator","docstatus":0,"parent":"Customer Support Ticket","parentfield":"fields","parenttype":"DocType","idx":18,"fieldname":"notes","label":"Notes","fieldtype":"Small Text","search_index":0,"show_dashboard":0,"hidden":0,"set_only_once":0,"allow_in_quick_entry":0,"print_hide":0,"report_hide":0,"reqd":0,"bold":0,"in_global_search":0,"collapsible":0,"unique":0,"no_copy":0,"allow_on_submit":0,"show_preview_popup":0,"permlevel":0,"ignore_user_permissions":0,"columns":0,"in_list_view":0,"fetch_if_empty":0,"in_filter":0,"remember_last_selected_value":0,"ignore_xss_filter":0,"print_hide_if_no_value":0,"allow_bulk_edit":0,"in_standard_filter":0,"in_preview":0,"read_only":0,"length":0,"translatable":0,"hide_border":0,"hide_days":0,"hide_seconds":0,"non_negative":0,"is_virtual":0,"not_nullable":0,"sort_options":0,"show_on_timeline":0,"doctype":"DocField"}],"permissions":[{"name":"f42tpbq916","creation":"2024-09-19 16:10:32.076484","modified":"2024-09-22 23:04:11.751059","modified_by":"Administrator","owner":"Administrator","docstatus":0,"parent":"Customer Support Ticket","parentfield":"permissions","parenttype":"DocType","idx":1,"permlevel":0,"role":"System Manager","read":1,"write":1,"create":1,"submit":0,"cancel":0,"delete":1,"amend":0,"report":1,"export":1,"import":0,"share":1,"print":1,"email":1,"if_owner":0,"select":0,"doctype":"DocPerm"},{"name":"f42t1227go","creation":"2024-09-19 16:10:32.076484","modified":"2024-09-22 23:04:11.751059","modified_by":"Administrator","owner":"Administrator","docstatus":0,"parent":"Customer Support Ticket","parentfield":"permissions","parenttype":"DocType","idx":2,"permlevel":0,"role":"Customer Service Admin","read":0,"write":1,"create":0,"submit":0,"cancel":0,"delete":1,"amend":0,"report":1,"export":1,"import":0,"share":1,"print":1,"email":1,"if_owner":0,"select":0,"doctype":"DocPerm"},{"name":"9bl960vglg","creation":"2024-09-19 16:10:32.076484","modified":"2024-09-22 23:04:11.751059","modified_by":"Administrator","owner":"Administrator","docstatus":0,"parent":"Customer Support Ticket","parentfield":"permissions","parenttype":"DocType","idx":3,"permlevel":0,"role":"Customer Service","read":1,"write":0,"create":1,"submit":0,"cancel":0,"delete":0,"amend":0,"report":1,"export":1,"import":0,"share":1,"print":1,"email":1,"if_owner":0,"select":0,"doctype":"DocPerm"}],"states":[{"name":"f42tukglkg","creation":"2024-09-19 16:10:32.076484","modified":"2024-09-22 23:04:11.751059","modified_by":"Administrator","owner":"Administrator","docstatus":0,"idx":1,"title":"Opened","color":"Red","custom":0,"parent":"Customer Support Ticket","parentfield":"states","parenttype":"DocType","doctype":"DocType State"},{"name":"f42tjesfro","creation":"2024-09-19 16:10:32.076484","modified":"2024-09-22 23:04:11.751059","modified_by":"Administrator","owner":"Administrator","docstatus":0,"idx":2,"title":"Pending","color":"Yellow","custom":0,"parent":"Customer Support Ticket","parentfield":"states","parenttype":"DocType","doctype":"DocType State"},{"name":"f42ti7cp23","creation":"2024-09-19 16:10:32.076484","modified":"2024-09-22 23:04:11.751059","modified_by":"Administrator","owner":"Administrator","docstatus":0,"idx":3,"title":"Closed","color":"Gray","custom":0,"parent":"Customer Support Ticket","parentfield":"states","parenttype":"DocType","doctype":"DocType State"}],"actions":[],"__unsaved":1}', 'action': 'Save', 'cmd': 'frappe.desk.form.save.savedocs'}
2024-09-24 19:39:08,737 ERROR frappe New Exception collected in error log
Site: main.local
Form Dict: {'doctype': 'Ticket', 'name': 'TKT0000058-09-2024', 'cmd': 'frappe.desk.form.load.getdoc'}
2024-09-24 19:49:10,292 ERROR frappe New Exception collected in error log
Site: main.local
Form Dict: {'doc': '{"docstatus":0,"doctype":"Customer Support Ticket","name":"new-customer-support-ticket-rxvpheoifl","__islocal":1,"__unsaved":1,"owner":"Administrator","status":"Opened","priority":"Heigh","event_code":"Regular","ticket_event":"79","procedure_name":"1433","notes":"trying owner name"}', 'action': 'Save', 'cmd': 'frappe.desk.form.save.savedocs'}
