_HiStOrY_V2_
select\040*\040from\040tabVehicle;
exir
;
show\040sequences;
SHOW\040SEQEUCES;
SHOW\040SEQUENCES;
SELECT\040*\040FROM\040infromation_schema.SEQUENCES\040WHERE\040SEQUENCE_NAME\040=\040'vehicle_id_seq';
select\040*\040from\040tabVehicle;
ALTER\040TABLE\040tabvehicle\040DROP\040COLUMN\040modal;
show\040tables;
ALTER\040TABLE\040tabVehicle\040DROP\040COLUMN\040modal;
select\040*\040from\040tabVehicle;
show\040tables;
SELECT\040*\040FROM\040'tabCustomer\040Support\040Ticket';
select\040*\040from\040"tabCustomer\040Support\040Ticket";
show\040"tabCustomer\040Support\040Ticket";
show\040tabCustomer\040Support\040Ticket;
select\040*\040from\040tabCustomer\040Support\040Ticket;
DESC\040tabCustomer\040Support\040Ticket;
DESC\040'tabCustomer\040Support\040Ticket';
DESC\040`tabCustomer\040Support\040Ticket`;
wxit
;
