2024-08-24 13:52:01,438 ERROR scheduler Skipped queueing frappe.integrations.doctype.google_drive.google_drive.daily_backup because it was found in queue for main.local
2024-08-24 13:52:01,654 ERROR scheduler Skipped queueing frappe.oauth.delete_oauth2_data because it was found in queue for main.local
2024-08-24 13:52:02,170 ERROR scheduler Skipped queueing frappe.integrations.doctype.s3_backup_settings.s3_backup_settings.take_backups_daily because it was found in queue for main.local
2024-08-24 13:52:02,339 ERROR scheduler Skipped queueing frappe.model.utils.link_count.update_link_count because it was found in queue for main.local
2024-08-24 13:52:02,537 ERROR scheduler Skipped queueing frappe.integrations.doctype.dropbox_settings.dropbox_settings.take_backups_daily because it was found in queue for main.local
2024-08-24 13:52:02,982 ERROR scheduler Skipped queueing frappe.email.doctype.auto_email_report.auto_email_report.send_daily because it was found in queue for main.local
2024-08-24 13:52:03,126 ERROR scheduler Skipped queueing frappe.model.utils.user_settings.sync_user_settings because it was found in queue for main.local
2024-08-25 23:08:07,030 ERROR scheduler Skipped queueing frappe.desk.form.document_follow.send_weekly_updates because it was found in queue for main.local
2024-08-25 23:08:07,265 ERROR scheduler Skipped queueing frappe.social.doctype.energy_point_log.energy_point_log.send_weekly_summary because it was found in queue for main.local
2024-08-25 23:08:07,702 ERROR scheduler Skipped queueing frappe.integrations.doctype.dropbox_settings.dropbox_settings.take_backups_weekly because it was found in queue for main.local
2024-08-25 23:08:07,919 ERROR scheduler Skipped queueing frappe.integrations.doctype.google_drive.google_drive.weekly_backup because it was found in queue for main.local
2024-08-25 23:08:07,984 ERROR scheduler Skipped queueing frappe.email.doctype.auto_email_report.auto_email_report.send_daily because it was found in queue for main.local
2024-08-25 23:08:08,315 ERROR scheduler Skipped queueing frappe.utils.change_log.check_for_update because it was found in queue for main.local
2024-08-25 23:08:08,889 ERROR scheduler Skipped queueing frappe.integrations.doctype.s3_backup_settings.s3_backup_settings.take_backups_daily because it was found in queue for main.local
2024-08-26 10:44:00,479 ERROR scheduler Skipped queueing frappe.email.doctype.email_account.email_account.notify_unreplied because it was found in queue for main.local
2024-08-26 10:44:00,651 ERROR scheduler Skipped queueing frappe.deferred_insert.save_to_db because it was found in queue for main.local
2024-08-26 10:44:00,888 ERROR scheduler Skipped queueing frappe.automation.doctype.reminder.reminder.send_reminders because it was found in queue for main.local
2024-08-29 12:32:00,351 ERROR scheduler Skipped queueing frappe.utils.global_search.sync_global_search because it was found in queue for main.local
2024-08-29 12:32:00,704 ERROR scheduler Skipped queueing frappe.desk.form.document_follow.send_hourly_updates because it was found in queue for main.local
2024-09-02 10:16:00,954 ERROR scheduler Skipped queueing frappe.integrations.doctype.dropbox_settings.dropbox_settings.take_backups_daily because it was found in queue for main.local
2024-09-02 10:16:01,637 ERROR scheduler Skipped queueing frappe.integrations.doctype.google_drive.google_drive.daily_backup because it was found in queue for main.local
2024-09-02 10:16:01,706 ERROR scheduler Skipped queueing frappe.integrations.doctype.s3_backup_settings.s3_backup_settings.take_backups_daily because it was found in queue for main.local
2024-09-02 12:04:01,158 ERROR scheduler Skipped queueing frappe.monitor.flush because it was found in queue for main.local
2024-09-02 12:04:01,206 ERROR scheduler Skipped queueing frappe.model.utils.user_settings.sync_user_settings because it was found in queue for main.local
2024-09-02 12:04:01,288 ERROR scheduler Skipped queueing frappe.website.doctype.personal_data_deletion_request.personal_data_deletion_request.process_data_deletion_request because it was found in queue for main.local
2024-09-02 12:04:01,459 ERROR scheduler Skipped queueing frappe.email.doctype.email_account.email_account.notify_unreplied because it was found in queue for main.local
2024-09-02 12:04:01,494 ERROR scheduler Skipped queueing frappe.email.queue.flush because it was found in queue for main.local
2024-09-02 12:04:01,546 ERROR scheduler Skipped queueing frappe.model.utils.link_count.update_link_count because it was found in queue for main.local
2024-09-02 12:04:01,608 ERROR scheduler Skipped queueing frappe.integrations.doctype.google_calendar.google_calendar.sync because it was found in queue for main.local
2024-09-02 13:48:00,241 ERROR scheduler Skipped queueing frappe.automation.doctype.reminder.reminder.send_reminders because it was found in queue for main.local
2024-09-02 13:48:00,278 ERROR scheduler Skipped queueing frappe.twofactor.delete_all_barcodes_for_users because it was found in queue for main.local
2024-09-02 13:48:00,434 ERROR scheduler Skipped queueing frappe.email.doctype.email_account.email_account.notify_unreplied because it was found in queue for main.local
2024-09-02 13:48:00,509 ERROR scheduler Skipped queueing frappe.utils.global_search.sync_global_search because it was found in queue for main.local
2024-09-02 13:48:00,567 ERROR scheduler Skipped queueing frappe.deferred_insert.save_to_db because it was found in queue for main.local
2024-09-02 13:48:00,634 ERROR scheduler Skipped queueing frappe.core.doctype.prepared_report.prepared_report.expire_stalled_report because it was found in queue for main.local
2024-09-02 13:48:00,859 ERROR scheduler Skipped queueing frappe.email.queue.flush because it was found in queue for main.local
2024-09-04 00:20:00,297 ERROR scheduler Skipped queueing frappe.integrations.doctype.s3_backup_settings.s3_backup_settings.take_backups_daily because it was found in queue for main.local
2024-09-04 00:20:00,500 ERROR scheduler Skipped queueing frappe.email.doctype.auto_email_report.auto_email_report.send_daily because it was found in queue for main.local
2024-09-04 00:20:00,579 ERROR scheduler Skipped queueing frappe.integrations.doctype.google_drive.google_drive.daily_backup because it was found in queue for main.local
2024-09-04 00:20:00,662 ERROR scheduler Skipped queueing frappe.integrations.doctype.dropbox_settings.dropbox_settings.take_backups_daily because it was found in queue for main.local
2024-09-04 00:24:00,846 ERROR scheduler Skipped queueing frappe.integrations.doctype.dropbox_settings.dropbox_settings.take_backups_daily because it was found in queue for main.local
2024-09-04 00:24:00,856 ERROR scheduler Skipped queueing frappe.integrations.doctype.s3_backup_settings.s3_backup_settings.take_backups_daily because it was found in queue for main.local
2024-09-04 00:24:00,937 ERROR scheduler Skipped queueing frappe.monitor.flush because it was found in queue for main.local
2024-09-04 00:24:01,107 ERROR scheduler Skipped queueing frappe.email.doctype.auto_email_report.auto_email_report.send_daily because it was found in queue for main.local
2024-09-04 00:24:01,137 ERROR scheduler Skipped queueing frappe.integrations.doctype.google_drive.google_drive.daily_backup because it was found in queue for main.local
2024-09-04 00:24:01,149 ERROR scheduler Skipped queueing frappe.email.queue.flush because it was found in queue for main.local
2024-09-04 00:28:00,304 ERROR scheduler Skipped queueing frappe.integrations.doctype.dropbox_settings.dropbox_settings.take_backups_daily because it was found in queue for main.local
2024-09-04 00:28:00,316 ERROR scheduler Skipped queueing frappe.automation.doctype.reminder.reminder.send_reminders because it was found in queue for main.local
2024-09-04 00:28:00,335 ERROR scheduler Skipped queueing frappe.integrations.doctype.google_drive.google_drive.daily_backup because it was found in queue for main.local
2024-09-04 00:28:00,356 ERROR scheduler Skipped queueing frappe.integrations.doctype.s3_backup_settings.s3_backup_settings.take_backups_daily because it was found in queue for main.local
2024-09-04 00:28:00,360 ERROR scheduler Skipped queueing frappe.email.doctype.auto_email_report.auto_email_report.send_daily because it was found in queue for main.local
2024-09-05 10:20:00,341 ERROR scheduler Skipped queueing frappe.integrations.doctype.google_drive.google_drive.daily_backup because it was found in queue for main.local
2024-09-05 10:20:00,557 ERROR scheduler Skipped queueing frappe.email.doctype.auto_email_report.auto_email_report.send_daily because it was found in queue for main.local
2024-09-05 10:20:00,728 ERROR scheduler Skipped queueing frappe.integrations.doctype.s3_backup_settings.s3_backup_settings.take_backups_daily because it was found in queue for main.local
2024-09-05 10:20:00,872 ERROR scheduler Skipped queueing frappe.integrations.doctype.dropbox_settings.dropbox_settings.take_backups_daily because it was found in queue for main.local
2024-09-05 10:24:01,120 ERROR scheduler Skipped queueing frappe.automation.doctype.reminder.reminder.send_reminders because it was found in queue for main.local
2024-09-05 10:24:01,204 ERROR scheduler Skipped queueing frappe.monitor.flush because it was found in queue for main.local
2024-09-05 10:24:01,337 ERROR scheduler Skipped queueing frappe.email.queue.flush because it was found in queue for main.local
2024-09-05 10:24:01,440 ERROR scheduler Skipped queueing frappe.integrations.doctype.dropbox_settings.dropbox_settings.take_backups_daily because it was found in queue for main.local
2024-09-05 10:24:01,566 ERROR scheduler Skipped queueing frappe.integrations.doctype.s3_backup_settings.s3_backup_settings.take_backups_daily because it was found in queue for main.local
2024-09-05 10:24:01,589 ERROR scheduler Skipped queueing frappe.email.doctype.auto_email_report.auto_email_report.send_daily because it was found in queue for main.local
2024-09-07 00:00:00,639 ERROR scheduler Skipped queueing frappe.desk.page.backups.backups.delete_downloadable_backups because it was found in queue for main.local
2024-09-07 00:00:00,660 ERROR scheduler Skipped queueing frappe.integrations.doctype.google_calendar.google_calendar.sync because it was found in queue for main.local
2024-09-07 00:00:00,676 ERROR scheduler Skipped queueing frappe.social.doctype.energy_point_settings.energy_point_settings.allocate_review_points because it was found in queue for main.local
2024-09-07 00:00:00,681 ERROR scheduler Skipped queueing frappe.monitor.flush because it was found in queue for main.local
2024-09-07 00:00:00,690 ERROR scheduler Skipped queueing frappe.integrations.doctype.google_contacts.google_contacts.sync because it was found in queue for main.local
2024-09-07 00:00:00,710 ERROR scheduler Skipped queueing frappe.email.doctype.auto_email_report.auto_email_report.send_daily because it was found in queue for main.local
2024-09-07 00:00:00,769 ERROR scheduler Skipped queueing frappe.integrations.doctype.dropbox_settings.dropbox_settings.take_backups_daily because it was found in queue for main.local
2024-09-07 00:00:00,802 ERROR scheduler Skipped queueing frappe.automation.doctype.reminder.reminder.send_reminders because it was found in queue for main.local
2024-09-07 00:00:00,809 ERROR scheduler Skipped queueing frappe.integrations.doctype.s3_backup_settings.s3_backup_settings.take_backups_daily because it was found in queue for main.local
2024-09-07 00:00:00,813 ERROR scheduler Skipped queueing frappe.deferred_insert.save_to_db because it was found in queue for main.local
2024-09-07 00:00:00,822 ERROR scheduler Skipped queueing frappe.desk.form.document_follow.send_daily_updates because it was found in queue for main.local
2024-09-07 00:00:00,853 ERROR scheduler Skipped queueing drive.api.files.auto_delete_from_trash because it was found in queue for main.local
2024-09-07 00:00:00,859 ERROR scheduler Skipped queueing frappe.sessions.clear_expired_sessions because it was found in queue for main.local
2024-09-07 00:00:00,885 ERROR scheduler Skipped queueing frappe.desk.doctype.event.event.send_event_digest because it was found in queue for main.local
2024-09-07 00:00:00,915 ERROR scheduler Skipped queueing frappe.email.queue.flush because it was found in queue for main.local
2024-09-07 00:00:00,988 ERROR scheduler Skipped queueing frappe.integrations.doctype.google_drive.google_drive.daily_backup because it was found in queue for main.local
2024-09-07 00:04:00,166 ERROR scheduler Skipped queueing frappe.desk.form.document_follow.send_hourly_updates because it was found in queue for main.local
2024-09-07 00:04:00,184 ERROR scheduler Skipped queueing frappe.email.doctype.newsletter.newsletter.send_scheduled_email because it was found in queue for main.local
2024-09-07 00:04:00,190 ERROR scheduler Skipped queueing frappe.email.doctype.auto_email_report.auto_email_report.send_daily because it was found in queue for main.local
2024-09-07 00:04:00,229 ERROR scheduler Skipped queueing frappe.twofactor.delete_all_barcodes_for_users because it was found in queue for main.local
2024-09-07 00:04:00,243 ERROR scheduler Skipped queueing frappe.website.doctype.personal_data_deletion_request.personal_data_deletion_request.process_data_deletion_request because it was found in queue for main.local
2024-09-07 00:04:00,269 ERROR scheduler Skipped queueing frappe.integrations.doctype.s3_backup_settings.s3_backup_settings.take_backups_daily because it was found in queue for main.local
2024-09-07 00:04:00,286 ERROR scheduler Skipped queueing frappe.integrations.doctype.google_drive.google_drive.daily_backup because it was found in queue for main.local
2024-09-07 00:04:00,384 ERROR scheduler Skipped queueing frappe.integrations.doctype.dropbox_settings.dropbox_settings.take_backups_daily because it was found in queue for main.local
2024-09-07 00:04:00,391 ERROR scheduler Skipped queueing frappe.automation.doctype.auto_repeat.auto_repeat.set_auto_repeat_as_completed because it was found in queue for main.local
2024-09-07 00:24:00,392 ERROR scheduler Skipped queueing frappe.email.queue.flush because it was found in queue for main.local
2024-09-07 00:24:00,543 ERROR scheduler Skipped queueing frappe.monitor.flush because it was found in queue for main.local
2024-09-07 00:36:00,198 ERROR scheduler Skipped queueing frappe.oauth.delete_oauth2_data because it was found in queue for main.local
2024-09-07 00:36:00,253 ERROR scheduler Skipped queueing frappe.utils.global_search.sync_global_search because it was found in queue for main.local
2024-09-07 00:36:00,260 ERROR scheduler Skipped queueing frappe.email.queue.flush because it was found in queue for main.local
2024-09-07 00:36:00,281 ERROR scheduler Skipped queueing frappe.deferred_insert.save_to_db because it was found in queue for main.local
2024-09-07 00:36:00,298 ERROR scheduler Skipped queueing frappe.website.doctype.web_page.web_page.check_publish_status because it was found in queue for main.local
2024-09-07 00:36:00,364 ERROR scheduler Skipped queueing frappe.core.doctype.prepared_report.prepared_report.expire_stalled_report because it was found in queue for main.local
2024-09-07 00:36:00,377 ERROR scheduler Skipped queueing frappe.twofactor.delete_all_barcodes_for_users because it was found in queue for main.local
2024-09-07 00:44:00,455 ERROR scheduler Skipped queueing frappe.automation.doctype.reminder.reminder.send_reminders because it was found in queue for main.local
2024-09-07 00:56:00,927 ERROR scheduler Skipped queueing frappe.email.queue.flush because it was found in queue for main.local
2024-09-07 00:56:01,355 ERROR scheduler Skipped queueing frappe.automation.doctype.reminder.reminder.send_reminders because it was found in queue for main.local
2024-09-07 00:56:01,489 ERROR scheduler Skipped queueing frappe.monitor.flush because it was found in queue for main.local
2024-09-07 11:52:00,983 ERROR scheduler Skipped queueing frappe.email.doctype.email_account.email_account.notify_unreplied because it was found in queue for main.local
2024-09-07 11:52:01,101 ERROR scheduler Skipped queueing frappe.utils.global_search.sync_global_search because it was found in queue for main.local
2024-09-07 11:52:01,187 ERROR scheduler Skipped queueing frappe.website.doctype.personal_data_deletion_request.personal_data_deletion_request.process_data_deletion_request because it was found in queue for main.local
2024-09-07 11:52:01,252 ERROR scheduler Skipped queueing frappe.automation.doctype.reminder.reminder.send_reminders because it was found in queue for main.local
2024-09-07 11:52:01,307 ERROR scheduler Skipped queueing frappe.twofactor.delete_all_barcodes_for_users because it was found in queue for main.local
2024-09-07 11:52:01,321 ERROR scheduler Skipped queueing frappe.desk.form.document_follow.send_hourly_updates because it was found in queue for main.local
2024-09-07 11:56:00,655 ERROR scheduler Skipped queueing frappe.monitor.flush because it was found in queue for main.local
2024-09-07 11:56:00,857 ERROR scheduler Skipped queueing frappe.email.queue.flush because it was found in queue for main.local
2024-09-07 12:04:01,128 ERROR scheduler Skipped queueing frappe.oauth.delete_oauth2_data because it was found in queue for main.local
2024-09-07 12:24:00,325 ERROR scheduler Skipped queueing frappe.email.queue.flush because it was found in queue for main.local
2024-09-07 12:24:00,333 ERROR scheduler Skipped queueing frappe.monitor.flush because it was found in queue for main.local
2024-09-07 12:36:00,858 ERROR scheduler Skipped queueing frappe.website.doctype.web_page.web_page.check_publish_status because it was found in queue for main.local
2024-09-07 12:36:00,868 ERROR scheduler Skipped queueing frappe.automation.doctype.reminder.reminder.send_reminders because it was found in queue for main.local
2024-09-07 12:36:00,962 ERROR scheduler Skipped queueing frappe.oauth.delete_oauth2_data because it was found in queue for main.local
2024-09-07 12:36:01,106 ERROR scheduler Skipped queueing frappe.twofactor.delete_all_barcodes_for_users because it was found in queue for main.local
2024-09-07 12:56:00,566 ERROR scheduler Skipped queueing frappe.monitor.flush because it was found in queue for main.local
2024-09-07 12:56:00,651 ERROR scheduler Skipped queueing frappe.email.queue.flush because it was found in queue for main.local
2024-09-07 12:56:00,738 ERROR scheduler Skipped queueing frappe.automation.doctype.reminder.reminder.send_reminders because it was found in queue for main.local
2024-09-07 13:04:01,008 ERROR scheduler Skipped queueing frappe.desk.page.backups.backups.delete_downloadable_backups because it was found in queue for main.local
2024-09-07 13:04:01,104 ERROR scheduler Skipped queueing frappe.desk.form.document_follow.send_hourly_updates because it was found in queue for main.local
2024-09-07 13:04:01,114 ERROR scheduler Skipped queueing frappe.website.doctype.personal_data_deletion_request.personal_data_deletion_request.process_data_deletion_request because it was found in queue for main.local
2024-09-07 13:04:01,121 ERROR scheduler Skipped queueing frappe.email.doctype.newsletter.newsletter.send_scheduled_email because it was found in queue for main.local
2024-09-07 13:04:01,179 ERROR scheduler Skipped queueing frappe.model.utils.link_count.update_link_count because it was found in queue for main.local
2024-09-07 13:04:01,196 ERROR scheduler Skipped queueing frappe.twofactor.delete_all_barcodes_for_users because it was found in queue for main.local
2024-09-07 13:04:01,267 ERROR scheduler Skipped queueing frappe.website.doctype.web_page.web_page.check_publish_status because it was found in queue for main.local
2024-09-07 13:04:01,283 ERROR scheduler Skipped queueing frappe.integrations.doctype.google_calendar.google_calendar.sync because it was found in queue for main.local
2024-09-07 13:04:01,304 ERROR scheduler Skipped queueing frappe.email.queue.flush because it was found in queue for main.local
2024-09-07 13:16:00,565 ERROR scheduler Skipped queueing frappe.monitor.flush because it was found in queue for main.local
2024-09-07 13:16:00,756 ERROR scheduler Skipped queueing frappe.email.queue.flush because it was found in queue for main.local
2024-09-07 13:24:00,950 ERROR scheduler Skipped queueing frappe.monitor.flush because it was found in queue for main.local
2024-09-07 13:24:01,230 ERROR scheduler Skipped queueing frappe.automation.doctype.reminder.reminder.send_reminders because it was found in queue for main.local
2024-09-07 13:24:01,257 ERROR scheduler Skipped queueing frappe.twofactor.delete_all_barcodes_for_users because it was found in queue for main.local
2024-09-07 13:56:00,185 ERROR scheduler Skipped queueing frappe.email.doctype.email_account.email_account.notify_unreplied because it was found in queue for main.local
2024-09-07 13:56:00,400 ERROR scheduler Skipped queueing frappe.email.queue.flush because it was found in queue for main.local
2024-09-07 14:04:01,134 ERROR scheduler Skipped queueing frappe.model.utils.link_count.update_link_count because it was found in queue for main.local
2024-09-07 14:04:01,171 ERROR scheduler Skipped queueing frappe.automation.doctype.reminder.reminder.send_reminders because it was found in queue for main.local
2024-09-07 14:04:01,175 ERROR scheduler Skipped queueing frappe.model.utils.user_settings.sync_user_settings because it was found in queue for main.local
2024-09-07 14:04:01,245 ERROR scheduler Skipped queueing frappe.twofactor.delete_all_barcodes_for_users because it was found in queue for main.local
2024-09-07 14:16:01,003 ERROR scheduler Skipped queueing frappe.monitor.flush because it was found in queue for main.local
2024-09-07 14:24:01,305 ERROR scheduler Skipped queueing frappe.automation.doctype.reminder.reminder.send_reminders because it was found in queue for main.local
2024-09-07 14:24:01,418 ERROR scheduler Skipped queueing frappe.email.queue.flush because it was found in queue for main.local
2024-09-07 14:24:01,432 ERROR scheduler Skipped queueing frappe.monitor.flush because it was found in queue for main.local
2024-09-07 18:04:00,404 ERROR scheduler Skipped queueing frappe.automation.doctype.reminder.reminder.send_reminders because it was found in queue for main.local
2024-09-07 18:04:00,446 ERROR scheduler Skipped queueing frappe.monitor.flush because it was found in queue for main.local
2024-09-07 18:04:00,542 ERROR scheduler Skipped queueing frappe.email.queue.flush because it was found in queue for main.local
2024-09-07 18:16:00,339 ERROR scheduler Skipped queueing frappe.monitor.flush because it was found in queue for main.local
2024-09-07 18:16:00,483 ERROR scheduler Skipped queueing frappe.automation.doctype.reminder.reminder.send_reminders because it was found in queue for main.local
2024-09-07 18:16:00,525 ERROR scheduler Skipped queueing frappe.email.queue.flush because it was found in queue for main.local
2024-09-07 18:24:00,680 ERROR scheduler Skipped queueing frappe.email.queue.flush because it was found in queue for main.local
2024-09-07 18:36:00,911 ERROR scheduler Skipped queueing frappe.monitor.flush because it was found in queue for main.local
2024-09-07 18:36:00,921 ERROR scheduler Skipped queueing frappe.core.doctype.prepared_report.prepared_report.expire_stalled_report because it was found in queue for main.local
2024-09-07 18:36:00,993 ERROR scheduler Skipped queueing frappe.website.doctype.web_page.web_page.check_publish_status because it was found in queue for main.local
2024-09-07 18:36:01,004 ERROR scheduler Skipped queueing frappe.automation.doctype.reminder.reminder.send_reminders because it was found in queue for main.local
2024-09-07 18:36:01,055 ERROR scheduler Skipped queueing frappe.utils.global_search.sync_global_search because it was found in queue for main.local
2024-09-07 18:44:00,954 ERROR scheduler Skipped queueing frappe.automation.doctype.reminder.reminder.send_reminders because it was found in queue for main.local
2024-09-07 18:44:01,025 ERROR scheduler Skipped queueing frappe.email.queue.flush because it was found in queue for main.local
2024-09-07 18:56:00,789 ERROR scheduler Skipped queueing frappe.monitor.flush because it was found in queue for main.local
2024-09-07 21:28:00,599 ERROR scheduler Skipped queueing frappe.website.doctype.web_page.web_page.check_publish_status because it was found in queue for main.local
2024-09-07 21:28:00,604 ERROR scheduler Skipped queueing frappe.website.doctype.personal_data_deletion_request.personal_data_deletion_request.process_data_deletion_request because it was found in queue for main.local
2024-09-07 21:28:00,645 ERROR scheduler Skipped queueing frappe.email.doctype.newsletter.newsletter.send_scheduled_email because it was found in queue for main.local
2024-09-07 21:28:00,687 ERROR scheduler Skipped queueing frappe.automation.doctype.reminder.reminder.send_reminders because it was found in queue for main.local
2024-09-07 21:28:00,703 ERROR scheduler Skipped queueing frappe.deferred_insert.save_to_db because it was found in queue for main.local
2024-09-07 21:28:00,724 ERROR scheduler Skipped queueing frappe.core.doctype.prepared_report.prepared_report.expire_stalled_report because it was found in queue for main.local
2024-09-07 21:28:00,746 ERROR scheduler Skipped queueing frappe.desk.form.document_follow.send_hourly_updates because it was found in queue for main.local
2024-09-07 21:28:00,760 ERROR scheduler Skipped queueing frappe.model.utils.link_count.update_link_count because it was found in queue for main.local
2024-09-07 21:28:00,811 ERROR scheduler Skipped queueing frappe.twofactor.delete_all_barcodes_for_users because it was found in queue for main.local
2024-09-07 21:28:00,819 ERROR scheduler Skipped queueing frappe.model.utils.user_settings.sync_user_settings because it was found in queue for main.local
2024-09-07 21:28:00,828 ERROR scheduler Skipped queueing frappe.oauth.delete_oauth2_data because it was found in queue for main.local
2024-09-07 21:28:00,841 ERROR scheduler Skipped queueing frappe.utils.global_search.sync_global_search because it was found in queue for main.local
2024-09-07 21:28:00,868 ERROR scheduler Skipped queueing frappe.desk.page.backups.backups.delete_downloadable_backups because it was found in queue for main.local
2024-09-07 21:28:00,893 ERROR scheduler Skipped queueing frappe.monitor.flush because it was found in queue for main.local
2024-09-07 21:28:00,913 ERROR scheduler Skipped queueing frappe.email.queue.flush because it was found in queue for main.local
2024-09-07 21:28:00,926 ERROR scheduler Skipped queueing frappe.integrations.doctype.google_calendar.google_calendar.sync because it was found in queue for main.local
2024-09-07 21:28:00,959 ERROR scheduler Skipped queueing frappe.email.doctype.email_account.email_account.notify_unreplied because it was found in queue for main.local
2024-09-07 21:32:01,111 ERROR scheduler Skipped queueing frappe.twofactor.delete_all_barcodes_for_users because it was found in queue for main.local
2024-09-07 21:32:01,118 ERROR scheduler Skipped queueing frappe.model.utils.link_count.update_link_count because it was found in queue for main.local
2024-09-07 21:32:01,172 ERROR scheduler Skipped queueing frappe.email.doctype.newsletter.newsletter.send_scheduled_email because it was found in queue for main.local
2024-09-07 21:32:01,182 ERROR scheduler Skipped queueing frappe.automation.doctype.reminder.reminder.send_reminders because it was found in queue for main.local
2024-09-07 21:32:01,192 ERROR scheduler Skipped queueing frappe.desk.page.backups.backups.delete_downloadable_backups because it was found in queue for main.local
2024-09-07 21:32:01,258 ERROR scheduler Skipped queueing frappe.integrations.doctype.google_calendar.google_calendar.sync because it was found in queue for main.local
2024-09-07 21:32:01,269 ERROR scheduler Skipped queueing frappe.website.doctype.personal_data_deletion_request.personal_data_deletion_request.process_data_deletion_request because it was found in queue for main.local
2024-09-07 21:32:01,279 ERROR scheduler Skipped queueing frappe.email.doctype.email_account.email_account.notify_unreplied because it was found in queue for main.local
2024-09-07 21:32:01,305 ERROR scheduler Skipped queueing frappe.desk.form.document_follow.send_hourly_updates because it was found in queue for main.local
2024-09-07 21:32:01,309 ERROR scheduler Skipped queueing frappe.website.doctype.web_page.web_page.check_publish_status because it was found in queue for main.local
2024-09-07 21:32:01,338 ERROR scheduler Skipped queueing frappe.email.queue.flush because it was found in queue for main.local
2024-09-07 21:32:01,409 ERROR scheduler Skipped queueing frappe.core.doctype.prepared_report.prepared_report.expire_stalled_report because it was found in queue for main.local
2024-09-07 21:32:01,484 ERROR scheduler Skipped queueing frappe.deferred_insert.save_to_db because it was found in queue for main.local
2024-09-07 21:32:01,495 ERROR scheduler Skipped queueing frappe.monitor.flush because it was found in queue for main.local
2024-09-07 21:32:01,508 ERROR scheduler Skipped queueing frappe.oauth.delete_oauth2_data because it was found in queue for main.local
2024-09-07 21:32:01,523 ERROR scheduler Skipped queueing frappe.model.utils.user_settings.sync_user_settings because it was found in queue for main.local
2024-09-07 21:32:01,543 ERROR scheduler Skipped queueing frappe.utils.global_search.sync_global_search because it was found in queue for main.local
2024-09-07 21:56:00,672 ERROR scheduler Skipped queueing frappe.automation.doctype.reminder.reminder.send_reminders because it was found in queue for main.local
2024-09-07 21:56:00,730 ERROR scheduler Skipped queueing frappe.email.queue.flush because it was found in queue for main.local
2024-09-07 23:16:00,711 ERROR scheduler Skipped queueing frappe.twofactor.delete_all_barcodes_for_users because it was found in queue for main.local
2024-09-07 23:16:00,791 ERROR scheduler Skipped queueing frappe.deferred_insert.save_to_db because it was found in queue for main.local
2024-09-07 23:16:00,816 ERROR scheduler Skipped queueing frappe.utils.global_search.sync_global_search because it was found in queue for main.local
2024-09-07 23:16:00,842 ERROR scheduler Skipped queueing frappe.core.doctype.prepared_report.prepared_report.expire_stalled_report because it was found in queue for main.local
2024-09-07 23:16:00,899 ERROR scheduler Skipped queueing frappe.email.queue.flush because it was found in queue for main.local
2024-09-07 23:16:00,920 ERROR scheduler Skipped queueing frappe.automation.doctype.reminder.reminder.send_reminders because it was found in queue for main.local
2024-09-07 23:16:00,936 ERROR scheduler Skipped queueing frappe.email.doctype.email_account.email_account.notify_unreplied because it was found in queue for main.local
2024-09-07 23:16:00,940 ERROR scheduler Skipped queueing frappe.oauth.delete_oauth2_data because it was found in queue for main.local
2024-09-07 23:16:00,961 ERROR scheduler Skipped queueing frappe.monitor.flush because it was found in queue for main.local
2024-09-07 23:16:00,979 ERROR scheduler Skipped queueing frappe.website.doctype.web_page.web_page.check_publish_status because it was found in queue for main.local
2024-09-07 23:16:01,000 ERROR scheduler Skipped queueing frappe.email.doctype.email_account.email_account.pull because it was found in queue for main.local
2024-09-07 23:16:01,039 ERROR scheduler Skipped queueing frappe.model.utils.link_count.update_link_count because it was found in queue for main.local
2024-09-07 23:20:00,554 ERROR scheduler Skipped queueing frappe.utils.global_search.sync_global_search because it was found in queue for main.local
2024-09-07 23:20:00,677 ERROR scheduler Skipped queueing frappe.email.doctype.email_account.email_account.notify_unreplied because it was found in queue for main.local
2024-09-07 23:20:00,696 ERROR scheduler Skipped queueing frappe.email.queue.flush because it was found in queue for main.local
2024-09-07 23:20:00,711 ERROR scheduler Skipped queueing frappe.website.doctype.web_page.web_page.check_publish_status because it was found in queue for main.local
2024-09-07 23:24:01,005 ERROR scheduler Skipped queueing frappe.automation.doctype.reminder.reminder.send_reminders because it was found in queue for main.local
2024-09-08 10:36:00,808 ERROR scheduler Skipped queueing frappe.integrations.doctype.google_calendar.google_calendar.sync because it was found in queue for main.local
2024-09-08 10:36:00,917 ERROR scheduler Skipped queueing frappe.desk.page.backups.backups.delete_downloadable_backups because it was found in queue for main.local
2024-09-08 10:36:01,034 ERROR scheduler Skipped queueing frappe.core.doctype.log_settings.log_settings.run_log_clean_up because it was found in queue for main.local
2024-09-08 10:36:01,207 ERROR scheduler Skipped queueing frappe.integrations.doctype.dropbox_settings.dropbox_settings.take_backups_daily because it was found in queue for main.local
2024-09-08 10:36:01,303 ERROR scheduler Skipped queueing frappe.utils.change_log.check_for_update because it was found in queue for main.local
2024-09-08 10:36:01,361 ERROR scheduler Skipped queueing frappe.model.utils.link_count.update_link_count because it was found in queue for main.local
2024-09-08 10:36:01,404 ERROR scheduler Skipped queueing frappe.integrations.doctype.dropbox_settings.dropbox_settings.take_backups_weekly because it was found in queue for main.local
2024-09-08 10:36:01,419 ERROR scheduler Skipped queueing frappe.desk.doctype.changelog_feed.changelog_feed.fetch_changelog_feed because it was found in queue for main.local
2024-09-08 10:36:01,580 ERROR scheduler Skipped queueing frappe.email.doctype.auto_email_report.auto_email_report.send_daily because it was found in queue for main.local
2024-09-08 10:36:01,633 ERROR scheduler Skipped queueing frappe.integrations.doctype.google_drive.google_drive.weekly_backup because it was found in queue for main.local
2024-09-08 10:36:01,664 ERROR scheduler Skipped queueing frappe.email.doctype.email_account.email_account.notify_unreplied because it was found in queue for main.local
2024-09-08 10:36:01,700 ERROR scheduler Skipped queueing frappe.integrations.doctype.s3_backup_settings.s3_backup_settings.take_backups_daily because it was found in queue for main.local
2024-09-08 10:36:01,729 ERROR scheduler Skipped queueing frappe.integrations.doctype.s3_backup_settings.s3_backup_settings.take_backups_weekly because it was found in queue for main.local
2024-09-08 10:36:01,776 ERROR scheduler Skipped queueing frappe.integrations.doctype.google_drive.google_drive.daily_backup because it was found in queue for main.local
2024-09-08 10:36:01,907 ERROR scheduler Skipped queueing frappe.website.doctype.personal_data_deletion_request.personal_data_deletion_request.process_data_deletion_request because it was found in queue for main.local
2024-09-08 10:36:01,949 ERROR scheduler Skipped queueing frappe.desk.form.document_follow.send_weekly_updates because it was found in queue for main.local
2024-09-08 10:36:01,998 ERROR scheduler Skipped queueing frappe.social.doctype.energy_point_log.energy_point_log.send_weekly_summary because it was found in queue for main.local
2024-09-08 10:36:02,034 ERROR scheduler Skipped queueing frappe.desk.notifications.clear_notifications because it was found in queue for main.local
2024-09-08 10:36:02,063 ERROR scheduler Skipped queueing drive.api.files.auto_delete_from_trash because it was found in queue for main.local
2024-09-08 11:04:00,871 ERROR scheduler Skipped queueing frappe.website.doctype.personal_data_deletion_request.personal_data_deletion_request.process_data_deletion_request because it was found in queue for main.local
2024-09-08 11:04:00,910 ERROR scheduler Skipped queueing frappe.email.doctype.email_account.email_account.notify_unreplied because it was found in queue for main.local
2024-09-08 11:04:01,079 ERROR scheduler Skipped queueing frappe.utils.global_search.sync_global_search because it was found in queue for main.local
2024-09-08 11:04:01,126 ERROR scheduler Skipped queueing frappe.desk.page.backups.backups.delete_downloadable_backups because it was found in queue for main.local
2024-09-08 11:04:01,200 ERROR scheduler Skipped queueing frappe.deferred_insert.save_to_db because it was found in queue for main.local
2024-09-08 11:04:01,249 ERROR scheduler Skipped queueing frappe.desk.form.document_follow.send_hourly_updates because it was found in queue for main.local
2024-09-08 11:04:01,396 ERROR scheduler Skipped queueing frappe.model.utils.link_count.update_link_count because it was found in queue for main.local
2024-09-08 11:04:01,464 ERROR scheduler Skipped queueing frappe.twofactor.delete_all_barcodes_for_users because it was found in queue for main.local
2024-09-08 11:04:01,494 ERROR scheduler Skipped queueing frappe.integrations.doctype.google_calendar.google_calendar.sync because it was found in queue for main.local
2024-09-08 11:04:01,541 ERROR scheduler Skipped queueing frappe.automation.doctype.reminder.reminder.send_reminders because it was found in queue for main.local
2024-09-08 11:04:01,648 ERROR scheduler Skipped queueing frappe.website.doctype.web_page.web_page.check_publish_status because it was found in queue for main.local
2024-09-08 11:04:01,739 ERROR scheduler Skipped queueing frappe.oauth.delete_oauth2_data because it was found in queue for main.local
2024-09-08 11:16:00,695 ERROR scheduler Skipped queueing frappe.email.queue.flush because it was found in queue for main.local
2024-09-08 11:16:00,745 ERROR scheduler Skipped queueing frappe.automation.doctype.reminder.reminder.send_reminders because it was found in queue for main.local
2024-09-08 11:16:01,171 ERROR scheduler Skipped queueing frappe.monitor.flush because it was found in queue for main.local
2024-09-08 11:24:00,907 ERROR scheduler Skipped queueing frappe.monitor.flush because it was found in queue for main.local
2024-09-08 11:24:01,179 ERROR scheduler Skipped queueing frappe.automation.doctype.reminder.reminder.send_reminders because it was found in queue for main.local
2024-09-08 11:44:01,032 ERROR scheduler Skipped queueing frappe.email.queue.flush because it was found in queue for main.local
2024-09-08 11:44:01,620 ERROR scheduler Skipped queueing frappe.monitor.flush because it was found in queue for main.local
2024-09-08 12:56:00,677 ERROR scheduler Skipped queueing frappe.automation.doctype.reminder.reminder.send_reminders because it was found in queue for main.local
2024-09-08 12:56:01,270 ERROR scheduler Skipped queueing frappe.email.doctype.email_account.email_account.notify_unreplied because it was found in queue for main.local
2024-09-08 12:56:01,397 ERROR scheduler Skipped queueing frappe.deferred_insert.save_to_db because it was found in queue for main.local
2024-09-08 12:56:01,703 ERROR scheduler Skipped queueing frappe.utils.global_search.sync_global_search because it was found in queue for main.local
2024-09-12 08:56:04,134 ERROR scheduler Skipped queueing frappe.core.doctype.prepared_report.prepared_report.expire_stalled_report because it was found in queue for main.local
2024-09-12 08:56:04,232 ERROR scheduler Skipped queueing frappe.model.utils.link_count.update_link_count because it was found in queue for main.local
2024-09-12 08:56:04,263 ERROR scheduler Skipped queueing frappe.integrations.doctype.google_drive.google_drive.daily_backup because it was found in queue for main.local
2024-09-12 08:56:04,316 ERROR scheduler Skipped queueing frappe.integrations.doctype.dropbox_settings.dropbox_settings.take_backups_daily because it was found in queue for main.local
2024-09-12 08:56:04,324 ERROR scheduler Skipped queueing frappe.desk.form.document_follow.send_hourly_updates because it was found in queue for main.local
2024-09-12 08:56:04,391 ERROR scheduler Skipped queueing frappe.email.doctype.auto_email_report.auto_email_report.send_daily because it was found in queue for main.local
2024-09-12 08:56:04,649 ERROR scheduler Skipped queueing frappe.integrations.doctype.s3_backup_settings.s3_backup_settings.take_backups_daily because it was found in queue for main.local
2024-09-12 14:04:00,528 ERROR scheduler Skipped queueing frappe.desk.form.document_follow.send_hourly_updates because it was found in queue for main.local
2024-09-12 14:04:00,571 ERROR scheduler Skipped queueing frappe.email.doctype.newsletter.newsletter.send_scheduled_email because it was found in queue for main.local
2024-09-12 14:04:00,656 ERROR scheduler Skipped queueing frappe.model.utils.user_settings.sync_user_settings because it was found in queue for main.local
2024-09-12 14:04:00,675 ERROR scheduler Skipped queueing frappe.monitor.flush because it was found in queue for main.local
2024-09-12 14:04:00,766 ERROR scheduler Skipped queueing frappe.integrations.doctype.google_calendar.google_calendar.sync because it was found in queue for main.local
2024-09-12 14:04:00,847 ERROR scheduler Skipped queueing frappe.website.doctype.personal_data_deletion_request.personal_data_deletion_request.process_data_deletion_request because it was found in queue for main.local
2024-09-12 14:04:00,956 ERROR scheduler Skipped queueing frappe.desk.page.backups.backups.delete_downloadable_backups because it was found in queue for main.local
2024-09-12 14:04:01,094 ERROR scheduler Skipped queueing frappe.email.queue.flush because it was found in queue for main.local
2024-09-12 14:04:01,180 ERROR scheduler Skipped queueing frappe.model.utils.link_count.update_link_count because it was found in queue for main.local
2024-09-14 12:36:00,545 ERROR scheduler Skipped queueing frappe.email.queue.flush because it was found in queue for main.local
2024-09-14 12:36:00,574 ERROR scheduler Skipped queueing frappe.core.doctype.prepared_report.prepared_report.expire_stalled_report because it was found in queue for main.local
2024-09-14 12:36:00,627 ERROR scheduler Skipped queueing frappe.email.doctype.email_account.email_account.notify_unreplied because it was found in queue for main.local
2024-09-14 12:36:00,650 ERROR scheduler Skipped queueing frappe.deferred_insert.save_to_db because it was found in queue for main.local
2024-09-14 12:36:00,690 ERROR scheduler Skipped queueing frappe.utils.global_search.sync_global_search because it was found in queue for main.local
2024-09-14 12:36:00,701 ERROR scheduler Skipped queueing frappe.twofactor.delete_all_barcodes_for_users because it was found in queue for main.local
2024-09-14 12:36:00,791 ERROR scheduler Skipped queueing frappe.website.doctype.web_page.web_page.check_publish_status because it was found in queue for main.local
2024-09-14 12:36:00,804 ERROR scheduler Skipped queueing frappe.automation.doctype.reminder.reminder.send_reminders because it was found in queue for main.local
2024-09-20 12:20:00,772 ERROR scheduler Skipped queueing frappe.email.queue.flush because it was found in queue for main.local
2024-09-20 12:20:00,867 ERROR scheduler Skipped queueing frappe.email.doctype.email_account.email_account.notify_unreplied because it was found in queue for main.local
2024-09-20 12:20:00,977 ERROR scheduler Skipped queueing frappe.email.doctype.newsletter.newsletter.send_scheduled_email because it was found in queue for main.local
2024-09-20 12:20:01,049 ERROR scheduler Skipped queueing frappe.website.doctype.web_page.web_page.check_publish_status because it was found in queue for main.local
2024-09-20 12:20:01,111 ERROR scheduler Skipped queueing frappe.website.doctype.personal_data_deletion_request.personal_data_deletion_request.process_data_deletion_request because it was found in queue for main.local
2024-09-20 12:20:01,185 ERROR scheduler Skipped queueing frappe.core.doctype.prepared_report.prepared_report.expire_stalled_report because it was found in queue for main.local
2024-09-20 12:20:01,276 ERROR scheduler Skipped queueing frappe.utils.global_search.sync_global_search because it was found in queue for main.local
2024-09-20 12:20:01,366 ERROR scheduler Skipped queueing frappe.integrations.doctype.google_calendar.google_calendar.sync because it was found in queue for main.local
2024-09-20 12:20:01,389 ERROR scheduler Skipped queueing frappe.twofactor.delete_all_barcodes_for_users because it was found in queue for main.local
2024-09-20 12:20:01,472 ERROR scheduler Skipped queueing frappe.deferred_insert.save_to_db because it was found in queue for main.local
2024-09-20 21:44:01,118 ERROR scheduler Skipped queueing frappe.model.utils.user_settings.sync_user_settings because it was found in queue for main.local
2024-09-20 21:44:01,159 ERROR scheduler Skipped queueing frappe.core.doctype.prepared_report.prepared_report.expire_stalled_report because it was found in queue for main.local
2024-09-20 21:44:01,303 ERROR scheduler Skipped queueing frappe.automation.doctype.reminder.reminder.send_reminders because it was found in queue for main.local
2024-09-20 21:44:01,366 ERROR scheduler Skipped queueing frappe.desk.page.backups.backups.delete_downloadable_backups because it was found in queue for main.local
2024-09-20 21:44:01,388 ERROR scheduler Skipped queueing frappe.twofactor.delete_all_barcodes_for_users because it was found in queue for main.local
2024-09-20 21:44:01,426 ERROR scheduler Skipped queueing frappe.email.doctype.email_account.email_account.pull because it was found in queue for main.local
2024-09-20 21:44:01,449 ERROR scheduler Skipped queueing frappe.website.doctype.personal_data_deletion_request.personal_data_deletion_request.process_data_deletion_request because it was found in queue for main.local
2024-09-20 21:44:01,500 ERROR scheduler Skipped queueing frappe.email.queue.flush because it was found in queue for main.local
2024-09-20 21:44:01,521 ERROR scheduler Skipped queueing frappe.email.doctype.email_account.email_account.notify_unreplied because it was found in queue for main.local
2024-09-20 21:44:01,542 ERROR scheduler Skipped queueing frappe.oauth.delete_oauth2_data because it was found in queue for main.local
2024-09-20 21:44:01,546 ERROR scheduler Skipped queueing frappe.monitor.flush because it was found in queue for main.local
2024-09-22 13:04:01,127 ERROR scheduler Skipped queueing frappe.integrations.doctype.google_calendar.google_calendar.sync because it was found in queue for main.local
                                                                                                                                                                                                                                                                                                                                                                                                                                                                                                                                                                                                                                                                                                                                                                                                                                                                                                                                                                                                                                                                                                                                                                                                                                                                                                                                                  